
In file included from /usr/include/c++/15.2.1/thread:47,
                 from /usr/include/python3.14/internal/mimalloc/mimalloc/atomic.h:325,
                 from /usr/include/python3.14/internal/mimalloc/mimalloc/types.h:24,
                 from /usr/include/python3.14/internal/pycore_mimalloc.h:44,
                 from /usr/include/python3.14/internal/pycore_tstate.h:13,
                 from /usr/include/python3.14/internal/pycore_code.h:13,
                 from /build/blender-git-jnd/src/blender/source/blender/python/intern/bpy_driver.cc:51:
/usr/include/c++/15.2.1/bits/std_thread.h:110:21: error: ‘hash’ is not a class template
  110 |       friend struct hash<id>;
      |                     ^~~~
/usr/include/c++/15.2.1/bits/std_thread.h:124:16: error: ‘basic_ostream’ does not name a type
  124 |         friend basic_ostream<_CharT, _Traits>&
      |                ^~~~~~~~~~~~~
/usr/include/c++/15.2.1/bits/std_thread.h:140:26: error: ‘__not_’ does not name a type; did you mean ‘__ino_t’?
  140 |       using __not_same = __not_<is_same<__remove_cvref_t<_Tp>, thread>>;
      |                          ^~~~~~
      |                          __ino_t
/usr/include/c++/15.2.1/bits/std_thread.h:163:25: error: ‘_Require’ does not name a type
  163 |              typename = _Require<__not_same<_Callable>>>
      |                         ^~~~~~~~
/usr/include/c++/15.2.1/bits/std_thread.h:163:33: error: expected ‘>’ before ‘<’ token
  163 |              typename = _Require<__not_same<_Callable>>>
      |                                 ^
/usr/include/c++/15.2.1/bits/std_thread.h:241:24: error: ‘unique_ptr’ does not name a type
  241 |     using _State_ptr = unique_ptr<_State>;
      |                        ^~~~~~~~~~
/usr/include/c++/15.2.1/bits/std_thread.h:259:21: error: ‘_State_ptr’ has not been declared
  259 |     _M_start_thread(_State_ptr, void (*)());
      |                     ^~~~~~~~~~
/usr/include/c++/15.2.1/bits/std_thread.h:296:27: error: ‘tuple’ was not declared in this scope; did you mean ‘std::tuple’? [-Wtemplate-body]
  296 |           struct __result<tuple<_Fn, _Args...>>
      |                           ^~~~~
      |                           std::tuple
In file included from /usr/include/c++/15.2.1/bits/stl_algobase.h:64,
                 from /usr/include/c++/15.2.1/bits/specfun.h:43,
                 from /usr/include/c++/15.2.1/cmath:3913,
                 from /usr/include/c++/15.2.1/math.h:36,
                 from /usr/include/python3.14/Python.h:23,
                 from /build/blender-git-jnd/src/blender/source/blender/python/intern/bpy_driver.cc:13:
/usr/include/c++/15.2.1/bits/stl_pair.h:92:11: note: ‘std::tuple’ declared here
   92 |     class tuple;
      |           ^~~~~
/usr/include/c++/15.2.1/bits/std_thread.h:296:43: error: template argument 1 is invalid [-Wtemplate-body]
  296 |           struct __result<tuple<_Fn, _Args...>>
      |                                           ^~~
/usr/include/c++/15.2.1/bits/std_thread.h:296:46: error: expected unqualified-id before ‘>’ token [-Wtemplate-body]
  296 |           struct __result<tuple<_Fn, _Args...>>
      |                                              ^~
/usr/include/c++/15.2.1/bits/std_thread.h:302:21: error: ‘_Index_tuple’ has not been declared [-Wtemplate-body]
  302 |           _M_invoke(_Index_tuple<_Ind...>)
      |                     ^~~~~~~~~~~~
/usr/include/c++/15.2.1/bits/std_thread.h:302:33: error: expected ‘,’ or ‘...’ before ‘<’ token [-Wtemplate-body]
  302 |           _M_invoke(_Index_tuple<_Ind...>)
      |                                 ^
/usr/include/c++/15.2.1/bits/std_thread.h:317:38: error: ‘tuple’ was not declared in this scope; did you mean ‘std::tuple’?
  317 |       using _Call_wrapper = _Invoker<tuple<typename decay<_Tp>::type...>>;
      |                                      ^~~~~
      |                                      std::tuple
/usr/include/c++/15.2.1/bits/stl_pair.h:92:11: note: ‘std::tuple’ declared here
   92 |     class tuple;
      |           ^~~~~
/usr/include/c++/15.2.1/bits/std_thread.h:317:72: error: template argument 1 is invalid
  317 |       using _Call_wrapper = _Invoker<tuple<typename decay<_Tp>::type...>>;
      |                                                                        ^~
/usr/include/c++/15.2.1/bits/std_thread.h: In constructor ‘blender::std::thread::thread(_Callable&&, _Args&& ...)’:
/usr/include/c++/15.2.1/bits/std_thread.h:167:24: error: ‘__is_invocable’ was not declared in this scope; did you mean ‘std::__is_invocable’? [-Wtemplate-body]
  167 |         static_assert( __is_invocable<typename decay<_Callable>::type,
      |                        ^~~~~~~~~~~~~~
      |                        std::__is_invocable
In file included from /usr/include/c++/15.2.1/bits/cpp_type_traits.h:42,
                 from /usr/include/c++/15.2.1/cmath:49:
/usr/include/c++/15.2.1/type_traits:3215:12: note: ‘std::__is_invocable’ declared here
 3215 |     struct __is_invocable
      |            ^~~~~~~~~~~~~~
/usr/include/c++/15.2.1/bits/std_thread.h:167:48: error: expected nested-name-specifier before ‘decay’ [-Wtemplate-body]
  167 |         static_assert( __is_invocable<typename decay<_Callable>::type,
      |                                                ^~~~~
/usr/include/c++/15.2.1/bits/std_thread.h:167:48: error: expected ‘(’ before ‘decay’ [-Wtemplate-body]
/usr/include/c++/15.2.1/bits/std_thread.h:167:48: error: expected ‘,’ before ‘decay’ [-Wtemplate-body]
/usr/include/c++/15.2.1/bits/std_thread.h:167:48: error: ‘decay’ was not declared in this scope; did you mean ‘std::decay’? [-Wtemplate-body]
  167 |         static_assert( __is_invocable<typename decay<_Callable>::type,
      |                                                ^~~~~
      |                                                std::decay
/usr/include/c++/15.2.1/type_traits:2387:12: note: ‘std::decay’ declared here
 2387 |     struct decay
      |            ^~~~~
/usr/include/c++/15.2.1/bits/std_thread.h:167:63: error: expected primary-expression before ‘>’ token [-Wtemplate-body]
  167 |         static_assert( __is_invocable<typename decay<_Callable>::type,
      |                                                               ^
/usr/include/c++/15.2.1/bits/std_thread.h:167:66: error: ‘::type’ has not been declared; did you mean ‘wctype’? [-Wtemplate-body]
  167 |         static_assert( __is_invocable<typename decay<_Callable>::type,
      |                                                                  ^~~~
      |                                                                  wctype
/usr/include/c++/15.2.1/bits/std_thread.h:167:70: error: expected ‘)’ before ‘,’ token [-Wtemplate-body]
  167 |         static_assert( __is_invocable<typename decay<_Callable>::type,
      |                                                                      ^
/usr/include/c++/15.2.1/bits/std_thread.h:167:22: note: to match this ‘(’
  167 |         static_assert( __is_invocable<typename decay<_Callable>::type,
      |                      ^
/usr/include/c++/15.2.1/bits/std_thread.h:172:26: error: ‘_Call_wrapper’ does not name a type [-Wtemplate-body]
  172 |         using _Wrapper = _Call_wrapper<_Callable, _Args...>;
      |                          ^~~~~~~~~~~~~
[ 94%] Building CXX object source/blender/python/generic/CMakeFiles/bf_python_ext.dir/imbuf_py_api.cc.o
/usr/include/c++/15.2.1/bits/std_thread.h:175:52: error: ‘_Wrapper’ was not declared in this scope [-Wtemplate-body]
  175 |         _M_start_thread(_State_ptr(new _State_impl<_Wrapper>(
      |                                                    ^~~~~~~~
/usr/include/c++/15.2.1/bits/std_thread.h:175:60: error: template argument 1 is invalid [-Wtemplate-body]
  175 |         _M_start_thread(_State_ptr(new _State_impl<_Wrapper>(
      |                                                            ^
/usr/include/c++/15.2.1/bits/std_thread.h:176:20: error: ‘forward’ is not a member of ‘blender::std’; did you mean ‘std::forward’? [-Wtemplate-body]
  176 |               std::forward<_Callable>(__f), std::forward<_Args>(__args)...)),
      |                    ^~~~~~~
In file included from /usr/include/c++/15.2.1/bits/stl_pair.h:61:
/usr/include/c++/15.2.1/bits/move.h:85:5: note: ‘std::forward’ declared here
   85 |     forward(typename std::remove_reference<_Tp>::type&& __t) noexcept
      |     ^~~~~~~
/usr/include/c++/15.2.1/bits/std_thread.h:176:37: error: expected primary-expression before ‘>’ token [-Wtemplate-body]
  176 |               std::forward<_Callable>(__f), std::forward<_Args>(__args)...)),
      |                                     ^
/usr/include/c++/15.2.1/bits/std_thread.h:176:50: error: ‘forward’ is not a member of ‘blender::std’; did you mean ‘std::forward’? [-Wtemplate-body]
  176 |               std::forward<_Callable>(__f), std::forward<_Args>(__args)...)),
      |                                                  ^~~~~~~
/usr/include/c++/15.2.1/bits/move.h:85:5: note: ‘std::forward’ declared here
   85 |     forward(typename std::remove_reference<_Tp>::type&& __t) noexcept
      |     ^~~~~~~
/usr/include/c++/15.2.1/bits/std_thread.h:176:63: error: expected primary-expression before ‘>’ token [-Wtemplate-body]
  176 |               std::forward<_Callable>(__f), std::forward<_Args>(__args)...)),
      |                                                               ^
/usr/include/c++/15.2.1/bits/std_thread.h:175:25: error: there are no arguments to ‘_State_ptr’ that depend on a template parameter, so a declaration of ‘_State_ptr’ must be available [-Wtemplate-body]
  175 |         _M_start_thread(_State_ptr(new _State_impl<_Wrapper>(
      |                         ^~~~~~~~~~
/usr/include/c++/15.2.1/bits/std_thread.h:175:25: note: (if you use ‘-fpermissive’, G++ will accept your code, but allowing the use of an undeclared name is deprecated)
/usr/include/c++/15.2.1/bits/std_thread.h: In destructor ‘blender::std::thread::~thread()’:
/usr/include/c++/15.2.1/bits/std_thread.h:184:14: error: ‘__terminate’ is not a member of ‘blender::std’; did you mean ‘std::__terminate’?
  184 |         std::__terminate();
      |              ^~~~~~~~~~~
In file included from /usr/include/c++/15.2.1/bits/requires_hosted.h:31,
                 from /usr/include/c++/15.2.1/cmath:46:
/usr/include/c++/15.2.1/x86_64-pc-linux-gnu/bits/c++config.h:349:15: note: ‘std::__terminate’ declared here
  349 |   inline void __terminate() _GLIBCXX_USE_NOEXCEPT
      |               ^~~~~~~~~~~
/usr/include/c++/15.2.1/bits/std_thread.h: In member function ‘blender::std::thread& blender::std::thread::operator=(blender::std::thread&&)’:
/usr/include/c++/15.2.1/bits/std_thread.h:197:14: error: ‘__terminate’ is not a member of ‘blender::std’; did you mean ‘std::__terminate’?
  197 |         std::__terminate();
      |              ^~~~~~~~~~~
/usr/include/c++/15.2.1/x86_64-pc-linux-gnu/bits/c++config.h:349:15: note: ‘std::__terminate’ declared here
  349 |   inline void __terminate() _GLIBCXX_USE_NOEXCEPT
      |               ^~~~~~~~~~~
/usr/include/c++/15.2.1/bits/std_thread.h: In member function ‘void blender::std::thread::swap(blender::std::thread&)’:
/usr/include/c++/15.2.1/bits/std_thread.h:204:12: error: ‘swap’ is not a member of ‘blender::std’
  204 |     { std::swap(_M_id, __t._M_id); }
      |            ^~~~
/usr/include/c++/15.2.1/bits/std_thread.h:204:12: note: suggested alternatives:
In file included from /build/blender-git-jnd/src/blender/source/blender/blenlib/BLI_map.hh:55,
                 from /build/blender-git-jnd/src/blender/source/blender/makesdna/DNA_curve_types.h:17,
                 from /build/blender-git-jnd/src/blender/source/blender/makesdna/DNA_anim_types.h:13,
                 from /build/blender-git-jnd/src/blender/source/blender/python/intern/bpy_driver.cc:15:
/usr/include/c++/15.2.1/optional:1708:5: note:   ‘std::swap’
 1708 |     swap(optional<_Tp>&, optional<_Tp>&) = delete;
      |     ^~~~
/usr/include/c++/15.2.1/bits/move.h:227:5: note:   ‘std::swap’
  227 |     swap(_Tp& __a, _Tp& __b)
      |     ^~~~
/usr/include/c++/15.2.1/bits/move.h:227:5: note:   ‘std::swap’
In file included from /usr/include/c++/15.2.1/exception:168,
                 from /usr/include/c++/15.2.1/stdexcept:40,
                 from /usr/include/c++/15.2.1/system_error:45,
                 from /usr/include/c++/15.2.1/bits/ios_base.h:48,
                 from /usr/include/c++/15.2.1/streambuf:45,
                 from /usr/include/c++/15.2.1/bits/streambuf_iterator.h:37,
                 from /usr/include/c++/15.2.1/iterator:68,
                 from /build/blender-git-jnd/src/blender/source/blender/blenlib/BLI_random_access_iterator_mixin.hh:11,
                 from /build/blender-git-jnd/src/blender/source/blender/blenlib/BLI_index_range.hh:44,
                 from /build/blender-git-jnd/src/blender/source/blender/blenlib/BLI_span.hh:64,
                 from /build/blender-git-jnd/src/blender/source/blender/makesdna/DNA_armature_types.h:17,
                 from /build/blender-git-jnd/src/blender/source/blender/makesdna/DNA_action_types.h:18,
                 from /build/blender-git-jnd/src/blender/source/blender/makesdna/DNA_anim_types.h:12:
/usr/include/c++/15.2.1/bits/exception_ptr.h:229:5: note:   ‘std::__exception_ptr::swap’
  229 |     swap(exception_ptr& __lhs, exception_ptr& __rhs)
      |     ^~~~
/usr/include/c++/15.2.1/bits/std_thread.h: In constructor ‘blender::std::thread::_State_impl<_Callable>::_State_impl(_Args&& ...)’:
/usr/include/c++/15.2.1/bits/std_thread.h:251:26: error: ‘forward’ is not a member of ‘blender::std’; did you mean ‘std::forward’? [-Wtemplate-body]
  251 |           : _M_func(std::forward<_Args>(__args)...)
      |                          ^~~~~~~
/usr/include/c++/15.2.1/bits/move.h:85:5: note: ‘std::forward’ declared here
   85 |     forward(typename std::remove_reference<_Tp>::type&& __t) noexcept
      |     ^~~~~~~
/usr/include/c++/15.2.1/bits/std_thread.h:251:39: error: expected primary-expression before ‘>’ token [-Wtemplate-body]
  251 |           : _M_func(std::forward<_Args>(__args)...)
      |                                       ^
/usr/include/c++/15.2.1/bits/std_thread.h: In constructor ‘blender::std::thread::_Invoker<_Tuple>::_Invoker(_Args&& ...)’:
/usr/include/c++/15.2.1/bits/std_thread.h:288:23: error: ‘forward’ is not a member of ‘blender::std’; did you mean ‘std::forward’? [-Wtemplate-body]
  288 |           : _M_t(std::forward<_Args>(__args)...)
      |                       ^~~~~~~
/usr/include/c++/15.2.1/bits/move.h:85:5: note: ‘std::forward’ declared here
   85 |     forward(typename std::remove_reference<_Tp>::type&& __t) noexcept
      |     ^~~~~~~
/usr/include/c++/15.2.1/bits/std_thread.h:288:36: error: expected primary-expression before ‘>’ token [-Wtemplate-body]
  288 |           : _M_t(std::forward<_Args>(__args)...)
      |                                    ^
/usr/include/c++/15.2.1/bits/std_thread.h: In member function ‘typename blender::std::thread::_Invoker<_Tuple>::__result<_Tuple>::type blender::std::thread::_Invoker<_Tuple>::_M_invoke(int)’:
/usr/include/c++/15.2.1/bits/std_thread.h:303:25: error: ‘__invoke’ is not a member of ‘blender::std’; did you mean ‘std::__invoke’? [-Wtemplate-body]
  303 |           { return std::__invoke(std::get<_Ind>(std::move(_M_t))...); }
      |                         ^~~~~~~~
In file included from /usr/include/c++/15.2.1/bits/refwrap.h:40,
                 from /usr/include/c++/15.2.1/vector:70,
                 from /build/blender-git-jnd/src/blender/source/blender/blenlib/BLI_span.hh:61:
/usr/include/c++/15.2.1/bits/invoke.h:92:5: note: ‘std::__invoke’ declared here
   92 |     __invoke(_Callable&& __fn, _Args&&... __args)
      |     ^~~~~~~~
/usr/include/c++/15.2.1/bits/std_thread.h:303:39: error: ‘get’ is not a member of ‘blender::std’; did you mean ‘std::get’? [-Wtemplate-body]
  303 |           { return std::__invoke(std::get<_Ind>(std::move(_M_t))...); }
      |                                       ^~~
In file included from /usr/include/c++/15.2.1/bits/memory_resource.h:49,
                 from /usr/include/c++/15.2.1/vector:91:
/usr/include/c++/15.2.1/tuple:2516:5: note: ‘std::get’ declared here
 2516 |     get(const tuple<_Types...>&& __t) noexcept
      |     ^~~
/usr/include/c++/15.2.1/bits/std_thread.h:303:54: error: ‘move’ is not a member of ‘blender::std’; did you mean ‘std::move’? [-Wtemplate-body]
  303 |           { return std::__invoke(std::get<_Ind>(std::move(_M_t))...); }
      |                                                      ^~~~
In file included from /usr/include/c++/15.2.1/algorithm:89,
                 from /build/blender-git-jnd/src/blender/source/blender/blenlib/BLI_span.hh:59:
/usr/include/c++/15.2.1/pstl/glue_algorithm_defs.h:354:1: note: ‘std::move’ declared here
  354 | move(_ExecutionPolicy&& __exec, _ForwardIterator1 __first, _ForwardIterator1 __last, _ForwardIterator2 __d_first);
      | ^~~~
/usr/include/c++/15.2.1/bits/std_thread.h: In member function ‘typename blender::std::thread::_Invoker<_Tuple>::__result<_Tuple>::type blender::std::thread::_Invoker<_Tuple>::operator()()’:
/usr/include/c++/15.2.1/bits/std_thread.h:309:24: error: expected nested-name-specifier before ‘_Build_index_tuple’ [-Wtemplate-body]
  309 |             = typename _Build_index_tuple<tuple_size<_Tuple>::value>::__type;
      |                        ^~~~~~~~~~~~~~~~~~
/usr/include/c++/15.2.1/bits/std_thread.h:310:28: error: there are no arguments to ‘_Indices’ that depend on a template parameter, so a declaration of ‘_Indices’ must be available [-Wtemplate-body]
  310 |           return _M_invoke(_Indices());
      |                            ^~~~~~~~
/usr/include/c++/15.2.1/bits/std_thread.h: At global scope:
/usr/include/c++/15.2.1/bits/std_thread.h:349:12: error: ‘hash’ is not a class template
  349 |     struct hash<thread::id>
      |            ^~~~
/usr/include/c++/15.2.1/bits/std_thread.h:349:27: error: ‘blender::std::hash’ is not a template
  349 |     struct hash<thread::id>
      |                           ^
/usr/include/c++/15.2.1/bits/std_thread.h:110:21: note: previous declaration here
  110 |       friend struct hash<id>;
      |                     ^~~~
/usr/include/c++/15.2.1/bits/std_thread.h:350:25: error: expected template-name before ‘<’ token
  350 |     : public __hash_base<size_t, thread::id>
      |                         ^
In file included from /usr/include/c++/15.2.1/bits/chrono.h:39,
                 from /usr/include/c++/15.2.1/bits/this_thread_sleep.h:38,
                 from /usr/include/c++/15.2.1/thread:48:
/usr/include/c++/15.2.1/ratio:63:24: error: expected template-name before ‘<’ token [-Wtemplate-body]
   63 |     : integral_constant<intmax_t, (_Pn < 0) ? -1 : 1>
      |                        ^
/usr/include/c++/15.2.1/ratio:63:24: error: expected ‘{’ before ‘<’ token
/usr/include/c++/15.2.1/ratio:68:24: error: expected template-name before ‘<’ token [-Wtemplate-body]
   68 |     : integral_constant<intmax_t, _Pn * __static_sign<_Pn>::value>
      |                        ^
/usr/include/c++/15.2.1/ratio:68:24: error: expected ‘{’ before ‘<’ token
/usr/include/c++/15.2.1/ratio:78:24: error: expected template-name before ‘<’ token [-Wtemplate-body]
   78 |     : integral_constant<intmax_t, __static_abs<_Pn>::value>
      |                        ^
/usr/include/c++/15.2.1/ratio:78:24: error: expected ‘{’ before ‘<’ token
/usr/include/c++/15.2.1/ratio:83:24: error: expected template-name before ‘<’ token [-Wtemplate-body]
   83 |     : integral_constant<intmax_t, __static_abs<_Qn>::value>
      |                        ^
/usr/include/c++/15.2.1/ratio:83:24: error: expected ‘{’ before ‘<’ token
/usr/include/c++/15.2.1/ratio:121:24: error: expected template-name before ‘<’ token [-Wtemplate-body]
  121 |     : integral_constant<bool, (__hi1 < __hi2
      |                        ^
/usr/include/c++/15.2.1/ratio:121:24: error: expected ‘{’ before ‘<’ token
/usr/include/c++/15.2.1/ratio:300:5: error: expected class-name before ‘{’ token [-Wtemplate-body]
  300 |     { };
      |     ^
/usr/include/c++/15.2.1/ratio:305:5: error: expected class-name before ‘{’ token [-Wtemplate-body]
  305 |     { };
      |     ^
/usr/include/c++/15.2.1/ratio:397:24: error: expected template-name before ‘<’ token [-Wtemplate-body]
  397 |     : integral_constant<bool, _R1::num == _R2::num && _R1::den == _R2::den>
      |                        ^
/usr/include/c++/15.2.1/ratio:397:24: error: expected ‘{’ before ‘<’ token
/usr/include/c++/15.2.1/ratio:406:24: error: expected template-name before ‘<’ token [-Wtemplate-body]
  406 |     : integral_constant<bool, !ratio_equal<_R1, _R2>::value>
      |                        ^
/usr/include/c++/15.2.1/ratio:406:24: error: expected ‘{’ before ‘<’ token
/usr/include/c++/15.2.1/ratio:416:24: error: expected template-name before ‘<’ token [-Wtemplate-body]
  416 |     : integral_constant<bool, __big_less<_Left::__hi, _Left::__lo,
      |                        ^
/usr/include/c++/15.2.1/ratio:416:24: error: expected ‘{’ before ‘<’ token
/usr/include/c++/15.2.1/ratio:432:24: error: expected template-name before ‘<’ token [-Wtemplate-body]
  432 |     : integral_constant<bool, _R1::num < _R2::num>
      |                        ^
/usr/include/c++/15.2.1/ratio:432:24: error: expected ‘{’ before ‘<’ token
/usr/include/c++/15.2.1/ratio:455:24: error: expected template-name before ‘<’ token [-Wtemplate-body]
  455 |     : integral_constant<bool, !ratio_less<_R2, _R1>::value>
      |                        ^
/usr/include/c++/15.2.1/ratio:455:24: error: expected ‘{’ before ‘<’ token
/usr/include/c++/15.2.1/ratio:461:24: error: expected template-name before ‘<’ token [-Wtemplate-body]
  461 |     : integral_constant<bool, ratio_less<_R2, _R1>::value>
      |                        ^
/usr/include/c++/15.2.1/ratio:461:24: error: expected ‘{’ before ‘<’ token
/usr/include/c++/15.2.1/ratio:467:24: error: expected template-name before ‘<’ token [-Wtemplate-body]
  467 |     : integral_constant<bool, !ratio_less<_R1, _R2>::value>
      |                        ^
/usr/include/c++/15.2.1/ratio:467:24: error: expected ‘{’ before ‘<’ token
In file included from /usr/include/c++/15.2.1/bits/chrono.h:45:
/usr/include/c++/15.2.1/bits/parse_numbers.h:54:50: error: expected template-name before ‘<’ token [-Wtemplate-body]
   54 |     struct _Digit<_Base, '0'> : integral_constant<unsigned, 0>
      |                                                  ^
/usr/include/c++/15.2.1/bits/parse_numbers.h:54:50: error: expected ‘{’ before ‘<’ token
/usr/include/c++/15.2.1/bits/parse_numbers.h:60:50: error: expected template-name before ‘<’ token [-Wtemplate-body]
   60 |     struct _Digit<_Base, '1'> : integral_constant<unsigned, 1>
      |                                                  ^
/usr/include/c++/15.2.1/bits/parse_numbers.h:60:50: error: expected ‘{’ before ‘<’ token
/usr/include/c++/15.2.1/bits/parse_numbers.h:66:43: error: expected template-name before ‘<’ token [-Wtemplate-body]
   66 |     struct _Digit_impl : integral_constant<unsigned, _Val>
      |                                           ^
/usr/include/c++/15.2.1/bits/parse_numbers.h:66:43: error: expected ‘{’ before ‘<’ token
/usr/include/c++/15.2.1/bits/parse_numbers.h:154:51: error: expected template-name before ‘<’ token [-Wtemplate-body]
  154 |     struct _Digit<_Base, '\''> : integral_constant<unsigned, 0>
      |                                                   ^
/usr/include/c++/15.2.1/bits/parse_numbers.h:154:51: error: expected ‘{’ before ‘<’ token
/usr/include/c++/15.2.1/bits/parse_numbers.h:162:28: error: ‘integral_constant’ does not name a type
  162 |     using __ull_constant = integral_constant<unsigned long long, _Val>;
      |                            ^~~~~~~~~~~~~~~~~
/usr/include/c++/15.2.1/bits/parse_numbers.h:170:11: error: ‘__ull_constant’ does not name a type [-Wtemplate-body]
  170 |         = __ull_constant<__next::value * (__valid_digit{} ? _Base : 1ULL)>;
      |           ^~~~~~~~~~~~~~
/usr/include/c++/15.2.1/bits/parse_numbers.h:170:59: error: expected unqualified-id before ‘?’ token [-Wtemplate-body]
  170 |         = __ull_constant<__next::value * (__valid_digit{} ? _Base : 1ULL)>;
      |                                                           ^
/usr/include/c++/15.2.1/bits/parse_numbers.h:177:20: error: ‘__ull_constant’ does not name a type [-Wtemplate-body]
  177 |       using type = __ull_constant<__valid_digit::value>;
      |                    ^~~~~~~~~~~~~~
/usr/include/c++/15.2.1/bits/parse_numbers.h:185:42: error: expected template-name before ‘<’ token [-Wtemplate-body]
  185 |     struct _Power<_Base> : __ull_constant<0>
      |                                          ^
/usr/include/c++/15.2.1/bits/parse_numbers.h:185:42: error: expected ‘{’ before ‘<’ token
/usr/include/c++/15.2.1/bits/parse_numbers.h:198:20: error: ‘__ull_constant’ does not name a type [-Wtemplate-body]
  198 |       using type = __ull_constant<_Pow * __digit::value + __next::type::value>;
      |                    ^~~~~~~~~~~~~~
/usr/include/c++/15.2.1/bits/parse_numbers.h:199:22: error: ‘type’ has not been declared; did you mean ‘typeof’? [-Wtemplate-body]
  199 |       static_assert((type::value / _Pow) == __digit::value,
      |                      ^~~~
      |                      typeof
/usr/include/c++/15.2.1/bits/parse_numbers.h:213:20: error: ‘__ull_constant’ does not name a type [-Wtemplate-body]
  213 |       using type = __ull_constant<_Digit<_Base, _Dig>::value>;
      |                    ^~~~~~~~~~~~~~
/usr/include/c++/15.2.1/bits/parse_numbers.h:223:21: error: expected template-name before ‘<’ token [-Wtemplate-body]
  223 |     : __ull_constant<0>
      |                     ^
/usr/include/c++/15.2.1/bits/parse_numbers.h:223:21: error: expected ‘{’ before ‘<’ token
/usr/include/c++/15.2.1/bits/parse_numbers.h:271:22: error: expected template-name before ‘<’ token [-Wtemplate-body]
  271 |     : __conditional_t<(_Val <= __gnu_cxx::__int_traits<_IntType>::__max),
      |                      ^
/usr/include/c++/15.2.1/bits/parse_numbers.h:271:22: error: expected ‘{’ before ‘<’ token
/usr/include/c++/15.2.1/bits/chrono.h:89:35: error: ‘__void_t’ was not declared in this scope; did you mean ‘std::__void_t’?
   89 |                                   __void_t<typename _CT::type>>
      |                                   ^~~~~~~~
      |                                   std::__void_t
/usr/include/c++/15.2.1/type_traits:852:31: note: ‘std::__void_t’ declared here
  852 |   template<typename...> using __void_t = void;
      |                               ^~~~~~~~
/usr/include/c++/15.2.1/bits/chrono.h:89:58: error: template argument 4 is invalid
   89 |                                   __void_t<typename _CT::type>>
      |                                                          ^~~~
/usr/include/c++/15.2.1/bits/chrono.h:89:62: error: expected unqualified-id before ‘>’ token
   89 |                                   __void_t<typename _CT::type>>
      |                                                              ^~
/usr/include/c++/15.2.1/bits/chrono.h:109:12: error: ‘common_type’ is not a class template
  109 |     struct common_type<chrono::duration<_Rep1, _Period1>,
      |            ^~~~~~~~~~~
/usr/include/c++/15.2.1/bits/chrono.h:111:54: error: wrong number of template arguments (2, should be 4) [-Wtemplate-body]
  111 |     : __duration_common_type<common_type<_Rep1, _Rep2>,
      |                                                      ^
/usr/include/c++/15.2.1/bits/chrono.h:110:56: note: provided for ‘template<class _Rep1, class _Period1, class _Rep2, class _Period2> struct blender::std::common_type’
  110 |                        chrono::duration<_Rep2, _Period2>>
      |                                                        ^~
/usr/include/c++/15.2.1/bits/chrono.h:113:53: error: template argument 1 is invalid [-Wtemplate-body]
  113 |                              typename _Period2::type>
      |                                                     ^
/usr/include/c++/15.2.1/bits/chrono.h:119:54: error: wrong number of template arguments (2, should be 4)
  119 |                        chrono::duration<_Rep, _Period>>
      |                                                      ^~
/usr/include/c++/15.2.1/bits/chrono.h:110:56: note: provided for ‘template<class _Rep1, class _Period1, class _Rep2, class _Period2> struct blender::std::common_type’
  110 |                        chrono::duration<_Rep2, _Period2>>
      |                                                        ^~
/usr/include/c++/15.2.1/bits/chrono.h:127:54: error: wrong number of template arguments (1, should be 4)
  127 |     struct common_type<chrono::duration<_Rep, _Period>>
      |                                                      ^~
/usr/include/c++/15.2.1/bits/chrono.h:110:56: note: provided for ‘template<class _Rep1, class _Period1, class _Rep2, class _Period2> struct blender::std::common_type’
  110 |                        chrono::duration<_Rep2, _Period2>>
      |                                                        ^~
/usr/include/c++/15.2.1/bits/chrono.h:143:49: error: ‘__void_t’ was not declared in this scope; did you mean ‘std::__void_t’?
  143 |     struct __timepoint_common_type<_CT, _Clock, __void_t<typename _CT::type>>
      |                                                 ^~~~~~~~
      |                                                 std::__void_t
/usr/include/c++/15.2.1/type_traits:852:31: note: ‘std::__void_t’ declared here
  852 |   template<typename...> using __void_t = void;
      |                               ^~~~~~~~
/usr/include/c++/15.2.1/bits/chrono.h:143:72: error: template argument 3 is invalid
  143 |     struct __timepoint_common_type<_CT, _Clock, __void_t<typename _CT::type>>
      |                                                                        ^~~~
/usr/include/c++/15.2.1/bits/chrono.h:143:76: error: expected unqualified-id before ‘>’ token
  143 |     struct __timepoint_common_type<_CT, _Clock, __void_t<typename _CT::type>>
      |                                                                            ^~
/usr/include/c++/15.2.1/bits/chrono.h:156:61: error: wrong number of template arguments (2, should be 4)
  156 |                        chrono::time_point<_Clock, _Duration2>>
      |                                                             ^~
/usr/include/c++/15.2.1/bits/chrono.h:110:56: note: provided for ‘template<class _Rep1, class _Period1, class _Rep2, class _Period2> struct blender::std::common_type’
  110 |                        chrono::duration<_Rep2, _Period2>>
      |                                                        ^~
/usr/include/c++/15.2.1/bits/chrono.h:157:65: error: wrong number of template arguments (2, should be 4)
  157 |     : __timepoint_common_type<common_type<_Duration1, _Duration2>, _Clock>
      |                                                                 ^
/usr/include/c++/15.2.1/bits/chrono.h:110:56: note: provided for ‘template<class _Rep1, class _Period1, class _Rep2, class _Period2> struct blender::std::common_type’
  110 |                        chrono::duration<_Rep2, _Period2>>
      |                                                        ^~
/usr/include/c++/15.2.1/bits/chrono.h:157:74: error: template argument 1 is invalid
  157 |     : __timepoint_common_type<common_type<_Duration1, _Duration2>, _Clock>
      |                                                                          ^
/usr/include/c++/15.2.1/bits/chrono.h:163:60: error: wrong number of template arguments (2, should be 4)
  163 |                        chrono::time_point<_Clock, _Duration>>
      |                                                            ^~
/usr/include/c++/15.2.1/bits/chrono.h:110:56: note: provided for ‘template<class _Rep1, class _Period1, class _Rep2, class _Period2> struct blender::std::common_type’
  110 |                        chrono::duration<_Rep2, _Period2>>
      |                                                        ^~
/usr/include/c++/15.2.1/bits/chrono.h:168:60: error: wrong number of template arguments (1, should be 4)
  168 |     struct common_type<chrono::time_point<_Clock, _Duration>>
      |                                                            ^~
/usr/include/c++/15.2.1/bits/chrono.h:110:56: note: provided for ‘template<class _Rep1, class _Period1, class _Rep2, class _Period2> struct blender::std::common_type’
  110 |                        chrono::duration<_Rep2, _Period2>>
      |                                                        ^~
/usr/include/c++/15.2.1/bits/chrono.h:238:7: error: expected class-name before ‘{’ token [-Wtemplate-body]
  238 |       { };
      |       ^
/usr/include/c++/15.2.1/bits/chrono.h:243:7: error: expected class-name before ‘{’ token [-Wtemplate-body]
  243 |       { };
      |       ^
/usr/include/c++/15.2.1/bits/chrono.h:247:20: error: expected nested-name-specifier before ‘enable_if’
  247 |         = typename enable_if<__is_duration<_Tp>::value, _Tp>::type;
      |                    ^~~~~~~~~
/usr/include/c++/15.2.1/bits/chrono.h:251:20: error: expected nested-name-specifier before ‘enable_if’
  251 |         = typename enable_if<!__is_duration<_Tp>::value, _Tp>::type;
      |                    ^~~~~~~~~
/usr/include/c++/15.2.1/bits/chrono.h:278:17: error: ‘__enable_if_is_duration’ does not name a type
  278 |       constexpr __enable_if_is_duration<_ToDur>
      |                 ^~~~~~~~~~~~~~~~~~~~~~~
/usr/include/c++/15.2.1/bits/chrono.h:312:26: error: expected template-name before ‘<’ token [-Wtemplate-body]
  312 |       : is_floating_point<_Rep>
      |                          ^
/usr/include/c++/15.2.1/bits/chrono.h:312:26: error: expected ‘{’ before ‘<’ token
/usr/include/c++/15.2.1/bits/chrono.h:391:31: error: ‘__enable_if_is_duration’ does not name a type
  391 |       [[nodiscard]] constexpr __enable_if_is_duration<_ToDur>
      |                               ^~~~~~~~~~~~~~~~~~~~~~~
/usr/include/c++/15.2.1/bits/chrono.h:411:31: error: ‘__enable_if_is_duration’ does not name a type
  411 |       [[nodiscard]] constexpr __enable_if_is_duration<_ToDur>
      |                               ^~~~~~~~~~~~~~~~~~~~~~~
/usr/include/c++/15.2.1/bits/chrono.h:433:7: error: ‘enable_if_t’ does not name a type
  433 |       enable_if_t<
      |       ^~~~~~~~~~~
/usr/include/c++/15.2.1/bits/chrono.h:462:7: error: ‘enable_if_t’ does not name a type
  462 |       enable_if_t<numeric_limits<_Rep>::is_signed, duration<_Rep, _Period>>
      |       ^~~~~~~~~~~
/usr/include/c++/15.2.1/bits/chrono.h:471:40: error: ‘ceil’ has not been declared in ‘blender::std::chrono’
  471 |     namespace __detail { using chrono::ceil; }
      |                                        ^~~~
/usr/include/c++/15.2.1/bits/chrono.h: In static member function ‘static constexpr _Rep blender::std::chrono::duration_values<_Rep>::max()’:
/usr/include/c++/15.2.1/bits/chrono.h:507:18: error: ‘numeric_limits’ was not declared in this scope; did you mean ‘std::numeric_limits’? [-Wtemplate-body]
  507 |         { return numeric_limits<_Rep>::max(); }
      |                  ^~~~~~~~~~~~~~
      |                  std::numeric_limits
In file included from /usr/include/c++/15.2.1/bits/specfun.h:44:
/usr/include/c++/15.2.1/limits:319:12: note: ‘std::numeric_limits’ declared here
  319 |     struct numeric_limits : public __numeric_limits_base
      |            ^~~~~~~~~~~~~~
/usr/include/c++/15.2.1/bits/chrono.h:507:37: error: expected primary-expression before ‘>’ token [-Wtemplate-body]
  507 |         { return numeric_limits<_Rep>::max(); }
      |                                     ^
/usr/include/c++/15.2.1/bits/chrono.h:507:40: error: ‘::max’ has not been declared; did you mean ‘std::max’? [-Wtemplate-body]
  507 |         { return numeric_limits<_Rep>::max(); }
      |                                        ^~~
      |                                        std::max
In file included from /usr/include/c++/15.2.1/algorithm:63:
/usr/include/c++/15.2.1/bits/stl_algo.h:5794:5: note: ‘std::max’ declared here
 5794 |     max(initializer_list<_Tp> __l, _Compare __comp)
      |     ^~~
/usr/include/c++/15.2.1/bits/chrono.h: In static member function ‘static constexpr _Rep blender::std::chrono::duration_values<_Rep>::min()’:
/usr/include/c++/15.2.1/bits/chrono.h:511:18: error: ‘numeric_limits’ was not declared in this scope; did you mean ‘std::numeric_limits’? [-Wtemplate-body]
  511 |         { return numeric_limits<_Rep>::lowest(); }
      |                  ^~~~~~~~~~~~~~
      |                  std::numeric_limits
/usr/include/c++/15.2.1/limits:319:12: note: ‘std::numeric_limits’ declared here
  319 |     struct numeric_limits : public __numeric_limits_base
      |            ^~~~~~~~~~~~~~
/usr/include/c++/15.2.1/bits/chrono.h:511:37: error: expected primary-expression before ‘>’ token [-Wtemplate-body]
  511 |         { return numeric_limits<_Rep>::lowest(); }
      |                                     ^
/usr/include/c++/15.2.1/bits/chrono.h:511:40: error: ‘::lowest’ has not been declared [-Wtemplate-body]
  511 |         { return numeric_limits<_Rep>::lowest(); }
      |                                        ^~~~~~
/usr/include/c++/15.2.1/bits/chrono.h: At global scope:
/usr/include/c++/15.2.1/bits/chrono.h:560:15: error: ‘__bool_constant’ does not name a type [-Wtemplate-body]
  560 |             = __bool_constant<__divide<_Period2, _Period>::den == 1>;
      |               ^~~~~~~~~~~~~~~
/usr/include/c++/15.2.1/bits/chrono.h:574:45: error: ‘_Require’ does not name a type [-Wtemplate-body]
  574 |         template<typename _Rep2, typename = _Require<
      |                                             ^~~~~~~~
/usr/include/c++/15.2.1/bits/chrono.h:574:53: error: expected ‘>’ before ‘<’ token [-Wtemplate-body]
  574 |         template<typename _Rep2, typename = _Require<
      |                                                     ^
/usr/include/c++/15.2.1/bits/chrono.h:580:64: error: ‘_Require’ does not name a type [-Wtemplate-body]
  580 |         template<typename _Rep2, typename _Period2, typename = _Require<
      |                                                                ^~~~~~~~
/usr/include/c++/15.2.1/bits/chrono.h:580:72: error: expected ‘>’ before ‘<’ token [-Wtemplate-body]
  580 |         template<typename _Rep2, typename _Period2, typename = _Require<
      |                                                                        ^
/usr/include/c++/15.2.1/bits/chrono.h:598:52: error: wrong number of template arguments (1, should be 4) [-Wtemplate-body]
  598 |         constexpr duration<typename common_type<rep>::type, period>
      |                                                    ^
/usr/include/c++/15.2.1/bits/chrono.h:110:56: note: provided for ‘template<class _Rep1, class _Period1, class _Rep2, class _Period2> struct blender::std::common_type’
  110 |                        chrono::duration<_Rep2, _Period2>>
      |                                                        ^~
/usr/include/c++/15.2.1/bits/chrono.h:598:67: error: template argument 1 is invalid [-Wtemplate-body]
  598 |         constexpr duration<typename common_type<rep>::type, period>
      |                                                                   ^
/usr/include/c++/15.2.1/bits/chrono.h:602:52: error: wrong number of template arguments (1, should be 4) [-Wtemplate-body]
  602 |         constexpr duration<typename common_type<rep>::type, period>
      |                                                    ^
/usr/include/c++/15.2.1/bits/chrono.h:110:56: note: provided for ‘template<class _Rep1, class _Period1, class _Rep2, class _Period2> struct blender::std::common_type’
  110 |                        chrono::duration<_Rep2, _Period2>>
      |                                                        ^~
/usr/include/c++/15.2.1/bits/chrono.h:602:67: error: template argument 1 is invalid [-Wtemplate-body]
  602 |         constexpr duration<typename common_type<rep>::type, period>
      |                                                                   ^
/usr/include/c++/15.2.1/bits/chrono.h:659:11: error: ‘__enable_if_t’ does not name a type [-Wtemplate-body]
  659 |           __enable_if_t<!treat_as_floating_point<_Rep2>::value, duration&>
      |           ^~~~~~~~~~~~~
/usr/include/c++/15.2.1/bits/chrono.h:668:11: error: ‘__enable_if_t’ does not name a type [-Wtemplate-body]
  668 |           __enable_if_t<!treat_as_floating_point<_Rep2>::value, duration&>
      |           ^~~~~~~~~~~~~
/usr/include/c++/15.2.1/bits/chrono.h: In constructor ‘constexpr blender::std::chrono::duration<_Rep, _Period>::duration(const blender::std::chrono::duration<_Rep, _Period>&)’:
/usr/include/c++/15.2.1/bits/chrono.h:586:17: error: ‘duration_cast’ was not declared in this scope; did you mean ‘duration’? [-Wtemplate-body]
  586 |           : __r(duration_cast<duration>(__d).count()) { }
      |                 ^~~~~~~~~~~~~
      |                 duration
/usr/include/c++/15.2.1/bits/chrono.h:586:39: error: expected primary-expression before ‘>’ token [-Wtemplate-body]
  586 |           : __r(duration_cast<duration>(__d).count()) { }
      |                                       ^
/usr/include/c++/15.2.1/bits/chrono.h: In member function ‘constexpr int blender::std::chrono::duration<_Rep, _Period>::operator+() const’:
/usr/include/c++/15.2.1/bits/chrono.h:600:51: error: wrong number of template arguments (1, should be 4) [-Wtemplate-body]
  600 |         { return duration<typename common_type<rep>::type, period>(__r); }
      |                                                   ^
/usr/include/c++/15.2.1/bits/chrono.h:110:56: note: provided for ‘template<class _Rep1, class _Period1, class _Rep2, class _Period2> struct blender::std::common_type’
  110 |                        chrono::duration<_Rep2, _Period2>>
      |                                                        ^~
/usr/include/c++/15.2.1/bits/chrono.h:600:66: error: template argument 1 is invalid [-Wtemplate-body]
  600 |         { return duration<typename common_type<rep>::type, period>(__r); }
      |                                                                  ^
/usr/include/c++/15.2.1/bits/chrono.h: In member function ‘constexpr int blender::std::chrono::duration<_Rep, _Period>::operator-() const’:
/usr/include/c++/15.2.1/bits/chrono.h:604:51: error: wrong number of template arguments (1, should be 4) [-Wtemplate-body]
  604 |         { return duration<typename common_type<rep>::type, period>(-__r); }
      |                                                   ^
/usr/include/c++/15.2.1/bits/chrono.h:110:56: note: provided for ‘template<class _Rep1, class _Period1, class _Rep2, class _Period2> struct blender::std::common_type’
  110 |                        chrono::duration<_Rep2, _Period2>>
      |                                                        ^~
/usr/include/c++/15.2.1/bits/chrono.h:604:66: error: template argument 1 is invalid [-Wtemplate-body]
  604 |         { return duration<typename common_type<rep>::type, period>(-__r); }
      |                                                                  ^
/usr/include/c++/15.2.1/bits/chrono.h: At global scope:
/usr/include/c++/15.2.1/bits/chrono.h:699:62: error: wrong number of template arguments (2, should be 4)
  699 |                                      duration<_Rep2, _Period2>>::type
      |                                                              ^~
/usr/include/c++/15.2.1/bits/chrono.h:110:56: note: provided for ‘template<class _Rep1, class _Period1, class _Rep2, class _Period2> struct blender::std::common_type’
  110 |                        chrono::duration<_Rep2, _Period2>>
      |                                                        ^~
/usr/include/c++/15.2.1/bits/chrono.h: In function ‘constexpr int blender::std::chrono::operator+(const duration<_Rep1, _Period1>&, const duration<_Rep2, _Period2>&)’:
/usr/include/c++/15.2.1/bits/chrono.h:705:51: error: wrong number of template arguments (2, should be 4) [-Wtemplate-body]
  705 |         typedef typename common_type<__dur1,__dur2>::type       __cd;
      |                                                   ^
/usr/include/c++/15.2.1/bits/chrono.h:110:56: note: provided for ‘template<class _Rep1, class _Period1, class _Rep2, class _Period2> struct blender::std::common_type’
  110 |                        chrono::duration<_Rep2, _Period2>>
      |                                                        ^~
/usr/include/c++/15.2.1/bits/chrono.h:706:33: error: request for member ‘count’ in ‘(__cd)(__lhs)’, which is of non-class type ‘__cd’ {aka ‘int’} [-Wtemplate-body]
  706 |         return __cd(__cd(__lhs).count() + __cd(__rhs).count());
      |                                 ^~~~~
/usr/include/c++/15.2.1/bits/chrono.h:706:55: error: request for member ‘count’ in ‘(__cd)(__rhs)’, which is of non-class type ‘__cd’ {aka ‘int’} [-Wtemplate-body]
  706 |         return __cd(__cd(__lhs).count() + __cd(__rhs).count());
      |                                                       ^~~~~
/usr/include/c++/15.2.1/bits/chrono.h: At global scope:
/usr/include/c++/15.2.1/bits/chrono.h:713:62: error: wrong number of template arguments (2, should be 4)
  713 |                                      duration<_Rep2, _Period2>>::type
      |                                                              ^~
/usr/include/c++/15.2.1/bits/chrono.h:110:56: note: provided for ‘template<class _Rep1, class _Period1, class _Rep2, class _Period2> struct blender::std::common_type’
  110 |                        chrono::duration<_Rep2, _Period2>>
      |                                                        ^~
/usr/include/c++/15.2.1/bits/chrono.h: In function ‘constexpr int blender::std::chrono::operator-(const duration<_Rep1, _Period1>&, const duration<_Rep2, _Period2>&)’:
/usr/include/c++/15.2.1/bits/chrono.h:719:51: error: wrong number of template arguments (2, should be 4) [-Wtemplate-body]
  719 |         typedef typename common_type<__dur1,__dur2>::type       __cd;
      |                                                   ^
/usr/include/c++/15.2.1/bits/chrono.h:110:56: note: provided for ‘template<class _Rep1, class _Period1, class _Rep2, class _Period2> struct blender::std::common_type’
  110 |                        chrono::duration<_Rep2, _Period2>>
      |                                                        ^~
/usr/include/c++/15.2.1/bits/chrono.h:720:33: error: request for member ‘count’ in ‘(__cd)(__lhs)’, which is of non-class type ‘__cd’ {aka ‘int’} [-Wtemplate-body]
  720 |         return __cd(__cd(__lhs).count() - __cd(__rhs).count());
      |                                 ^~~~~
/usr/include/c++/15.2.1/bits/chrono.h:720:55: error: request for member ‘count’ in ‘(__cd)(__rhs)’, which is of non-class type ‘__cd’ {aka ‘int’} [-Wtemplate-body]
  720 |         return __cd(__cd(__lhs).count() - __cd(__rhs).count());
      |                                                       ^~~~~
/usr/include/c++/15.2.1/bits/chrono.h: At global scope:
/usr/include/c++/15.2.1/bits/chrono.h:732:64: error: wrong number of template arguments (2, should be 4)
  732 |              typename _CRep = typename common_type<_Rep1, _Rep2>::type>
      |                                                                ^
/usr/include/c++/15.2.1/bits/chrono.h:110:56: note: provided for ‘template<class _Rep1, class _Period1, class _Rep2, class _Period2> struct blender::std::common_type’
  110 |                        chrono::duration<_Rep2, _Period2>>
      |                                                        ^~
/usr/include/c++/15.2.1/bits/chrono.h:734:9: error: expected nested-name-specifier before ‘enable_if’
  734 |         enable_if<is_convertible<const _Rep2&, _CRep>::value, _CRep>::type;
      |         ^~~~~~~~~
/usr/include/c++/15.2.1/bits/chrono.h:744:26: error: ‘__common_rep_t’ was not declared in this scope
  744 |       constexpr duration<__common_rep_t<_Rep1, _Rep2>, _Period>
      |                          ^~~~~~~~~~~~~~
/usr/include/c++/15.2.1/bits/chrono.h:744:53: error: template argument 1 is invalid
  744 |       constexpr duration<__common_rep_t<_Rep1, _Rep2>, _Period>
      |                                                     ^
/usr/include/c++/15.2.1/bits/chrono.h:744:54: error: expected unqualified-id before ‘,’ token
  744 |       constexpr duration<__common_rep_t<_Rep1, _Rep2>, _Period>
      |                                                      ^
/usr/include/c++/15.2.1/bits/chrono.h:753:26: error: ‘__common_rep_t’ was not declared in this scope
  753 |       constexpr duration<__common_rep_t<_Rep2, _Rep1>, _Period>
      |                          ^~~~~~~~~~~~~~
/usr/include/c++/15.2.1/bits/chrono.h:753:53: error: template argument 1 is invalid
  753 |       constexpr duration<__common_rep_t<_Rep2, _Rep1>, _Period>
      |                                                     ^
/usr/include/c++/15.2.1/bits/chrono.h:753:54: error: expected unqualified-id before ‘,’ token
  753 |       constexpr duration<__common_rep_t<_Rep2, _Rep1>, _Period>
      |                                                      ^
/usr/include/c++/15.2.1/bits/chrono.h:759:16: error: ‘__common_rep_t’ was not declared in this scope
  759 |       duration<__common_rep_t<_Rep1, __disable_if_is_duration<_Rep2>>, _Period>
      |                ^~~~~~~~~~~~~~
/usr/include/c++/15.2.1/bits/chrono.h:759:38: error: ‘__disable_if_is_duration’ was not declared in this scope
  759 |       duration<__common_rep_t<_Rep1, __disable_if_is_duration<_Rep2>>, _Period>
      |                                      ^~~~~~~~~~~~~~~~~~~~~~~~
/usr/include/c++/15.2.1/bits/chrono.h:759:68: error: template argument 1 is invalid
  759 |       duration<__common_rep_t<_Rep1, __disable_if_is_duration<_Rep2>>, _Period>
      |                                                                    ^~
/usr/include/c++/15.2.1/bits/chrono.h:759:68: error: template argument 2 is invalid
/usr/include/c++/15.2.1/bits/chrono.h:759:70: error: expected unqualified-id before ‘,’ token
  759 |       duration<__common_rep_t<_Rep1, __disable_if_is_duration<_Rep2>>, _Period>
      |                                                                      ^
/usr/include/c++/15.2.1/bits/chrono.h:769:50: error: wrong number of template arguments (2, should be 4)
  769 |       constexpr typename common_type<_Rep1, _Rep2>::type
      |                                                  ^
/usr/include/c++/15.2.1/bits/chrono.h:110:56: note: provided for ‘template<class _Rep1, class _Period1, class _Rep2, class _Period2> struct blender::std::common_type’
  110 |                        chrono::duration<_Rep2, _Period2>>
      |                                                        ^~
/usr/include/c++/15.2.1/bits/chrono.h: In function ‘constexpr int blender::std::chrono::operator/(const duration<_Rep1, _Period1>&, const duration<_Rep2, _Period2>&)’:
/usr/include/c++/15.2.1/bits/chrono.h:775:51: error: wrong number of template arguments (2, should be 4) [-Wtemplate-body]
  775 |         typedef typename common_type<__dur1,__dur2>::type       __cd;
      |                                                   ^
/usr/include/c++/15.2.1/bits/chrono.h:110:56: note: provided for ‘template<class _Rep1, class _Period1, class _Rep2, class _Period2> struct blender::std::common_type’
  110 |                        chrono::duration<_Rep2, _Period2>>
      |                                                        ^~
/usr/include/c++/15.2.1/bits/chrono.h:776:28: error: request for member ‘count’ in ‘(__cd)(__lhs)’, which is of non-class type ‘__cd’ {aka ‘int’} [-Wtemplate-body]
  776 |         return __cd(__lhs).count() / __cd(__rhs).count();
      |                            ^~~~~
/usr/include/c++/15.2.1/bits/chrono.h:776:50: error: request for member ‘count’ in ‘(__cd)(__rhs)’, which is of non-class type ‘__cd’ {aka ‘int’} [-Wtemplate-body]
  776 |         return __cd(__lhs).count() / __cd(__rhs).count();
      |                                                  ^~~~~
/usr/include/c++/15.2.1/bits/chrono.h: At global scope:
/usr/include/c++/15.2.1/bits/chrono.h:782:16: error: ‘__common_rep_t’ was not declared in this scope
  782 |       duration<__common_rep_t<_Rep1, __disable_if_is_duration<_Rep2>>, _Period>
      |                ^~~~~~~~~~~~~~
/usr/include/c++/15.2.1/bits/chrono.h:782:38: error: ‘__disable_if_is_duration’ was not declared in this scope
  782 |       duration<__common_rep_t<_Rep1, __disable_if_is_duration<_Rep2>>, _Period>
      |                                      ^~~~~~~~~~~~~~~~~~~~~~~~
/usr/include/c++/15.2.1/bits/chrono.h:782:68: error: template argument 1 is invalid
  782 |       duration<__common_rep_t<_Rep1, __disable_if_is_duration<_Rep2>>, _Period>
      |                                                                    ^~
/usr/include/c++/15.2.1/bits/chrono.h:782:68: error: template argument 2 is invalid
/usr/include/c++/15.2.1/bits/chrono.h:782:70: error: expected unqualified-id before ‘,’ token
  782 |       duration<__common_rep_t<_Rep1, __disable_if_is_duration<_Rep2>>, _Period>
      |                                                                      ^
/usr/include/c++/15.2.1/bits/chrono.h:793:62: error: wrong number of template arguments (2, should be 4)
  793 |                                      duration<_Rep2, _Period2>>::type
      |                                                              ^~
/usr/include/c++/15.2.1/bits/chrono.h:110:56: note: provided for ‘template<class _Rep1, class _Period1, class _Rep2, class _Period2> struct blender::std::common_type’
  110 |                        chrono::duration<_Rep2, _Period2>>
      |                                                        ^~
/usr/include/c++/15.2.1/bits/chrono.h: In function ‘constexpr int blender::std::chrono::operator%(const duration<_Rep1, _Period1>&, const duration<_Rep2, _Period2>&)’:
/usr/include/c++/15.2.1/bits/chrono.h:799:51: error: wrong number of template arguments (2, should be 4) [-Wtemplate-body]
  799 |         typedef typename common_type<__dur1,__dur2>::type       __cd;
      |                                                   ^
/usr/include/c++/15.2.1/bits/chrono.h:110:56: note: provided for ‘template<class _Rep1, class _Period1, class _Rep2, class _Period2> struct blender::std::common_type’
  110 |                        chrono::duration<_Rep2, _Period2>>
      |                                                        ^~
/usr/include/c++/15.2.1/bits/chrono.h:800:33: error: request for member ‘count’ in ‘(__cd)(__lhs)’, which is of non-class type ‘__cd’ {aka ‘int’} [-Wtemplate-body]
  800 |         return __cd(__cd(__lhs).count() % __cd(__rhs).count());
      |                                 ^~~~~
/usr/include/c++/15.2.1/bits/chrono.h:800:55: error: request for member ‘count’ in ‘(__cd)(__rhs)’, which is of non-class type ‘__cd’ {aka ‘int’} [-Wtemplate-body]
  800 |         return __cd(__cd(__lhs).count() % __cd(__rhs).count());
      |                                                       ^~~~~
/usr/include/c++/15.2.1/bits/chrono.h: In function ‘constexpr bool blender::std::chrono::operator==(const duration<_Rep1, _Period1>&, const duration<_Rep2, _Period2>&)’:
/usr/include/c++/15.2.1/bits/chrono.h:819:51: error: wrong number of template arguments (2, should be 4) [-Wtemplate-body]
  819 |         typedef typename common_type<__dur1,__dur2>::type       __ct;
      |                                                   ^
/usr/include/c++/15.2.1/bits/chrono.h:110:56: note: provided for ‘template<class _Rep1, class _Period1, class _Rep2, class _Period2> struct blender::std::common_type’
  110 |                        chrono::duration<_Rep2, _Period2>>
      |                                                        ^~
/usr/include/c++/15.2.1/bits/chrono.h:820:28: error: request for member ‘count’ in ‘(__ct)(__lhs)’, which is of non-class type ‘__ct’ {aka ‘int’} [-Wtemplate-body]
  820 |         return __ct(__lhs).count() == __ct(__rhs).count();
      |                            ^~~~~
/usr/include/c++/15.2.1/bits/chrono.h:820:51: error: request for member ‘count’ in ‘(__ct)(__rhs)’, which is of non-class type ‘__ct’ {aka ‘int’} [-Wtemplate-body]
  820 |         return __ct(__lhs).count() == __ct(__rhs).count();
      |                                                   ^~~~~
/usr/include/c++/15.2.1/bits/chrono.h: In function ‘constexpr bool blender::std::chrono::operator<(const duration<_Rep1, _Period1>&, const duration<_Rep2, _Period2>&)’:
/usr/include/c++/15.2.1/bits/chrono.h:831:51: error: wrong number of template arguments (2, should be 4) [-Wtemplate-body]
  831 |         typedef typename common_type<__dur1,__dur2>::type       __ct;
      |                                                   ^
/usr/include/c++/15.2.1/bits/chrono.h:110:56: note: provided for ‘template<class _Rep1, class _Period1, class _Rep2, class _Period2> struct blender::std::common_type’
  110 |                        chrono::duration<_Rep2, _Period2>>
      |                                                        ^~
/usr/include/c++/15.2.1/bits/chrono.h:832:28: error: request for member ‘count’ in ‘(__ct)(__lhs)’, which is of non-class type ‘__ct’ {aka ‘int’} [-Wtemplate-body]
  832 |         return __ct(__lhs).count() < __ct(__rhs).count();
      |                            ^~~~~
/usr/include/c++/15.2.1/bits/chrono.h:832:50: error: request for member ‘count’ in ‘(__ct)(__rhs)’, which is of non-class type ‘__ct’ {aka ‘int’} [-Wtemplate-body]
  832 |         return __ct(__lhs).count() < __ct(__rhs).count();
      |                                                  ^~~~~
/usr/include/c++/15.2.1/bits/chrono.h: At global scope:
/usr/include/c++/15.2.1/bits/chrono.h:946:29: error: ‘_Require’ does not name a type [-Wtemplate-body]
  946 |                  typename = _Require<is_convertible<_Dur2, _Dur>>>
      |                             ^~~~~~~~
/usr/include/c++/15.2.1/bits/chrono.h:946:37: error: expected ‘>’ before ‘<’ token [-Wtemplate-body]
  946 |                  typename = _Require<is_convertible<_Dur2, _Dur>>>
      |                                     ^
/usr/include/c++/15.2.1/bits/chrono.h:1022:7: error: ‘__enable_if_t’ does not name a type
 1022 |       __enable_if_t<__is_duration<_ToDur>::value, time_point<_Clock, _ToDur>>
      |       ^~~~~~~~~~~~~
/usr/include/c++/15.2.1/bits/chrono.h:1044:7: error: ‘enable_if_t’ does not name a type
 1044 |       enable_if_t<__is_duration_v<_ToDur>, time_point<_Clock, _ToDur>>
      |       ^~~~~~~~~~~
/usr/include/c++/15.2.1/bits/chrono.h:1065:7: error: ‘enable_if_t’ does not name a type
 1065 |       enable_if_t<__is_duration_v<_ToDur>, time_point<_Clock, _ToDur>>
      |       ^~~~~~~~~~~
/usr/include/c++/15.2.1/bits/chrono.h:1087:7: error: ‘enable_if_t’ does not name a type
 1087 |       enable_if_t<__is_duration_v<_ToDur>
      |       ^~~~~~~~~~~
/usr/include/c++/15.2.1/bits/chrono.h:1104:61: error: wrong number of template arguments (2, should be 4)
 1104 |         typename common_type<_Dur1, duration<_Rep2, _Period2>>::type>
      |                                                             ^~
/usr/include/c++/15.2.1/bits/chrono.h:110:56: note: provided for ‘template<class _Rep1, class _Period1, class _Rep2, class _Period2> struct blender::std::common_type’
  110 |                        chrono::duration<_Rep2, _Period2>>
      |                                                        ^~
/usr/include/c++/15.2.1/bits/chrono.h:1104:69: error: template argument 2 is invalid
 1104 |         typename common_type<_Dur1, duration<_Rep2, _Period2>>::type>
      |                                                                     ^
/usr/include/c++/15.2.1/bits/chrono.h: In function ‘constexpr int blender::std::chrono::operator+(const time_point<_Clock, _Duration1>&, const duration<_Rep2, _Period2>&)’:
/usr/include/c++/15.2.1/bits/chrono.h:1109:50: error: wrong number of template arguments (2, should be 4) [-Wtemplate-body]
 1109 |         typedef typename common_type<_Dur1,__dur2>::type        __ct;
      |                                                  ^
/usr/include/c++/15.2.1/bits/chrono.h:110:56: note: provided for ‘template<class _Rep1, class _Period1, class _Rep2, class _Period2> struct blender::std::common_type’
  110 |                        chrono::duration<_Rep2, _Period2>>
      |                                                        ^~
/usr/include/c++/15.2.1/bits/chrono.h: At global scope:
/usr/include/c++/15.2.1/bits/chrono.h:1118:62: error: wrong number of template arguments (2, should be 4)
 1118 |         typename common_type<duration<_Rep1, _Period1>, _Dur2>::type>
      |                                                              ^
/usr/include/c++/15.2.1/bits/chrono.h:110:56: note: provided for ‘template<class _Rep1, class _Period1, class _Rep2, class _Period2> struct blender::std::common_type’
  110 |                        chrono::duration<_Rep2, _Period2>>
      |                                                        ^~
/usr/include/c++/15.2.1/bits/chrono.h:1118:69: error: template argument 2 is invalid
 1118 |         typename common_type<duration<_Rep1, _Period1>, _Dur2>::type>
      |                                                                     ^
/usr/include/c++/15.2.1/bits/chrono.h: In function ‘constexpr int blender::std::chrono::operator+(const duration<_Rep1, _Period1>&, const time_point<_Clock, _Dur2>&)’:
/usr/include/c++/15.2.1/bits/chrono.h:1123:50: error: wrong number of template arguments (2, should be 4) [-Wtemplate-body]
 1123 |         typedef typename common_type<__dur1,_Dur2>::type        __ct;
      |                                                  ^
/usr/include/c++/15.2.1/bits/chrono.h:110:56: note: provided for ‘template<class _Rep1, class _Period1, class _Rep2, class _Period2> struct blender::std::common_type’
  110 |                        chrono::duration<_Rep2, _Period2>>
      |                                                        ^~
/usr/include/c++/15.2.1/bits/chrono.h: At global scope:
/usr/include/c++/15.2.1/bits/chrono.h:1132:61: error: wrong number of template arguments (2, should be 4)
 1132 |         typename common_type<_Dur1, duration<_Rep2, _Period2>>::type>
      |                                                             ^~
/usr/include/c++/15.2.1/bits/chrono.h:110:56: note: provided for ‘template<class _Rep1, class _Period1, class _Rep2, class _Period2> struct blender::std::common_type’
  110 |                        chrono::duration<_Rep2, _Period2>>
      |                                                        ^~
/usr/include/c++/15.2.1/bits/chrono.h:1132:69: error: template argument 2 is invalid
 1132 |         typename common_type<_Dur1, duration<_Rep2, _Period2>>::type>
      |                                                                     ^
/usr/include/c++/15.2.1/bits/chrono.h: In function ‘constexpr int blender::std::chrono::operator-(const time_point<_Clock, _Duration1>&, const duration<_Rep2, _Period2>&)’:
/usr/include/c++/15.2.1/bits/chrono.h:1137:50: error: wrong number of template arguments (2, should be 4) [-Wtemplate-body]
 1137 |         typedef typename common_type<_Dur1,__dur2>::type        __ct;
      |                                                  ^
/usr/include/c++/15.2.1/bits/chrono.h:110:56: note: provided for ‘template<class _Rep1, class _Period1, class _Rep2, class _Period2> struct blender::std::common_type’
  110 |                        chrono::duration<_Rep2, _Period2>>
      |                                                        ^~
/usr/include/c++/15.2.1/bits/chrono.h: At global scope:
/usr/include/c++/15.2.1/bits/chrono.h:1144:50: error: wrong number of template arguments (2, should be 4)
 1144 |       constexpr typename common_type<_Dur1, _Dur2>::type
      |                                                  ^
/usr/include/c++/15.2.1/bits/chrono.h:110:56: note: provided for ‘template<class _Rep1, class _Period1, class _Rep2, class _Period2> struct blender::std::common_type’
  110 |                        chrono::duration<_Rep2, _Period2>>
      |                                                        ^~
/usr/include/c++/15.2.1/bits/chrono.h: In instantiation of ‘class blender::std::chrono::duration<long int, blender::std::ratio<1, 1000000000> >’:
/usr/include/c++/15.2.1/bits/chrono.h:1233:23:   required from here
 1233 |       typedef duration::rep                                     rep;
      |                       ^~
/usr/include/c++/15.2.1/bits/chrono.h:517:45: error: ‘value’ is not a member of ‘blender::std::chrono::__is_duration<long int>’
  517 |         static_assert(!__is_duration<_Rep>::value,
      |                                             ^~~~~
/usr/include/c++/15.2.1/bits/chrono.h:519:44: error: ‘value’ is not a member of ‘blender::std::__is_ratio<blender::std::ratio<1, 1000000000> >’
  519 |         static_assert(__is_ratio<_Period>::value,
      |                                            ^~~~~
/usr/include/c++/15.2.1/ratio: In instantiation of ‘constexpr const intmax_t blender::std::ratio<1, 1000000000>::num’:
/usr/include/c++/15.2.1/ratio:284:31:   required from ‘struct blender::std::ratio<1, 1000000000>’
  284 |       typedef ratio<num, den> type;
      |                               ^~~~
/usr/include/c++/15.2.1/bits/chrono.h:521:25:   required from ‘class blender::std::chrono::duration<long int, blender::std::ratio<1, 1000000000> >’
  521 |         static_assert(_Period::num > 0, "period must be positive");
      |                                ^~~
/usr/include/c++/15.2.1/bits/chrono.h:1233:23:   required from here
 1233 |       typedef duration::rep                                     rep;
      |                       ^~
/usr/include/c++/15.2.1/ratio:279:37: error: incomplete type ‘blender::std::__static_sign<1000000000>’ used in nested name specifier
  279 |         _Num * __static_sign<_Den>::value / __static_gcd<_Num, _Den>::value;
      |                                     ^~~~~
/usr/include/c++/15.2.1/ratio: In instantiation of ‘struct blender::std::__static_gcd<1000000000, 1>’:
/usr/include/c++/15.2.1/ratio:72:12:   required from ‘struct blender::std::__static_gcd<1, 1000000000>’
   72 |     struct __static_gcd
      |            ^~~~~~~~~~~~
/usr/include/c++/15.2.1/ratio:279:71:   required from ‘constexpr const intmax_t blender::std::ratio<1, 1000000000>::num’
  279 |         _Num * __static_sign<_Den>::value / __static_gcd<_Num, _Den>::value;
      |                                                                       ^~~~~
/usr/include/c++/15.2.1/ratio:284:31:   required from ‘struct blender::std::ratio<1, 1000000000>’
  284 |       typedef ratio<num, den> type;
      |                               ^~~~
/usr/include/c++/15.2.1/bits/chrono.h:521:25:   required from ‘class blender::std::chrono::duration<long int, blender::std::ratio<1, 1000000000> >’
  521 |         static_assert(_Period::num > 0, "period must be positive");
      |                                ^~~
/usr/include/c++/15.2.1/bits/chrono.h:1233:23:   required from here
 1233 |       typedef duration::rep                                     rep;
      |                       ^~
/usr/include/c++/15.2.1/ratio:72:12: error: invalid use of incomplete type ‘struct blender::std::__static_gcd<1, 0>’
   72 |     struct __static_gcd
      |            ^~~~~~~~~~~~
/usr/include/c++/15.2.1/ratio:72:12: note: declaration of ‘struct blender::std::__static_gcd<1, 0>’
/usr/include/c++/15.2.1/ratio: In instantiation of ‘constexpr const intmax_t blender::std::ratio<1, 1000000000>::num’:
/usr/include/c++/15.2.1/ratio:284:31:   required from ‘struct blender::std::ratio<1, 1000000000>’
  284 |       typedef ratio<num, den> type;
      |                               ^~~~
/usr/include/c++/15.2.1/bits/chrono.h:521:25:   required from ‘class blender::std::chrono::duration<long int, blender::std::ratio<1, 1000000000> >’
  521 |         static_assert(_Period::num > 0, "period must be positive");
      |                                ^~~
/usr/include/c++/15.2.1/bits/chrono.h:1233:23:   required from here
 1233 |       typedef duration::rep                                     rep;
      |                       ^~
/usr/include/c++/15.2.1/ratio:279:71: error: ‘value’ is not a member of ‘blender::std::__static_gcd<1, 1000000000>’
  279 |         _Num * __static_sign<_Den>::value / __static_gcd<_Num, _Den>::value;
      |                                                                       ^~~~~
/usr/include/c++/15.2.1/ratio: In instantiation of ‘constexpr const intmax_t blender::std::ratio<1, 1000000000>::den’:
/usr/include/c++/15.2.1/ratio:284:31:   required from ‘struct blender::std::ratio<1, 1000000000>’
  284 |       typedef ratio<num, den> type;
      |                               ^~~~
/usr/include/c++/15.2.1/bits/chrono.h:521:25:   required from ‘class blender::std::chrono::duration<long int, blender::std::ratio<1, 1000000000> >’
  521 |         static_assert(_Period::num > 0, "period must be positive");
      |                                ^~~
/usr/include/c++/15.2.1/bits/chrono.h:1233:23:   required from here
 1233 |       typedef duration::rep                                     rep;
      |                       ^~
/usr/include/c++/15.2.1/ratio:282:29: error: incomplete type ‘blender::std::__static_abs<1000000000>’ used in nested name specifier
  282 |         __static_abs<_Den>::value / __static_gcd<_Num, _Den>::value;
      |                             ^~~~~
/usr/include/c++/15.2.1/ratio:282:63: error: ‘value’ is not a member of ‘blender::std::__static_gcd<1, 1000000000>’
  282 |         __static_abs<_Den>::value / __static_gcd<_Num, _Den>::value;
      |                                                               ^~~~~
/usr/include/c++/15.2.1/bits/chrono.h: In instantiation of ‘class blender::std::chrono::duration<long int, blender::std::ratio<1, 1000000000> >’:
/usr/include/c++/15.2.1/bits/chrono.h:1233:23:   required from here
 1233 |       typedef duration::rep                                     rep;
      |                       ^~
/usr/include/c++/15.2.1/bits/chrono.h:521:36: error: non-constant condition for static assertion
  521 |         static_assert(_Period::num > 0, "period must be positive");
      |                                ~~~~^~~
/usr/include/c++/15.2.1/bits/chrono.h: In instantiation of ‘static constexpr blender::std::chrono::duration<_Rep, _Period> blender::std::chrono::duration<_Rep, _Period>::min() [with _Rep = long int; _Period = blender::std::ratio<1, 1000000000>]’:
/usr/include/c++/15.2.1/bits/chrono.h:1237:48:   required from here
 1237 |       static_assert(system_clock::duration::min()
      |                     ~~~~~~~~~~~~~~~~~~~~~~~~~~~^~
/usr/include/c++/15.2.1/bits/chrono.h:682:18: error: no matching function for call to ‘blender::std::chrono::duration<long int, blender::std::ratio<1, 1000000000> >::duration(long int)’
  682 |         { return duration(duration_values<rep>::min()); }
      |                  ^~~~~~~~~~~~~~~~~~~~~~~~~~~~~~~~~~~~~
/usr/include/c++/15.2.1/bits/chrono.h:682:18: note: there are 4 candidates
/usr/include/c++/15.2.1/bits/chrono.h:585:21: note: candidate 1: ‘template<class _Rep2, class _Period2, class> constexpr blender::std::chrono::duration<_Rep, _Period>::duration(const blender::std::chrono::duration<_Rep, _Period>&) [with _Period2 = _Rep2; <template-parameter-2-3> = _Period2; _Rep = long int; _Period = blender::std::ratio<1, 1000000000>]’
  585 |           constexpr duration(const duration<_Rep2, _Period2>& __d)
      |                     ^~~~~~~~
/usr/include/c++/15.2.1/bits/chrono.h:585:21: note: template argument deduction/substitution failed:
/usr/include/c++/15.2.1/bits/chrono.h:682:18: note:   mismatched types ‘const blender::std::chrono::duration<_Rep1, _Period1>’ and ‘long int’
  682 |         { return duration(duration_values<rep>::min()); }
      |                  ^~~~~~~~~~~~~~~~~~~~~~~~~~~~~~~~~~~~~
/usr/include/c++/15.2.1/bits/chrono.h:577:30: note: candidate 2: ‘template<class _Rep2, class> constexpr blender::std::chrono::duration<_Rep, _Period>::duration(const _Rep2&) [with <template-parameter-2-2> = _Rep2; _Rep = long int; _Period = blender::std::ratio<1, 1000000000>]’
  577 |           constexpr explicit duration(const _Rep2& __rep)
      |                              ^~~~~~~~
/usr/include/c++/15.2.1/bits/chrono.h:577:30: note: template argument deduction/substitution failed:
/usr/include/c++/15.2.1/bits/chrono.h:570:9: note: candidate 3: ‘constexpr blender::std::chrono::duration<_Rep, _Period>::duration(const blender::std::chrono::duration<_Rep, _Period>&) [with _Rep = long int; _Period = blender::std::ratio<1, 1000000000>]’
  570 |         duration(const duration&) = default;
      |         ^~~~~~~~
/usr/include/c++/15.2.1/bits/chrono.h:570:18: note: no known conversion for argument 1 from ‘long int’ to ‘const blender::std::chrono::duration<long int, blender::std::ratio<1, 1000000000> >&’
  570 |         duration(const duration&) = default;
      |                  ^~~~~~~~~~~~~~~
/usr/include/c++/15.2.1/bits/chrono.h:568:19: note: candidate 4: ‘blender::std::chrono::duration<_Rep, _Period>::duration() [with _Rep = long int; _Period = blender::std::ratio<1, 1000000000>]’
  568 |         constexpr duration() = default;
      |                   ^~~~~~~~
/usr/include/c++/15.2.1/bits/chrono.h:568:19: note: candidate expects 0 arguments, 1 provided
/usr/include/c++/15.2.1/bits/chrono.h:1238:21: error: non-constant condition for static assertion
 1237 |       static_assert(system_clock::duration::min()
      |                     ~~~~~~~~~~~~~~~~~~~~~~~~~~~~~
 1238 |                     < system_clock::duration::zero(),
      |                     ^~~~~~~~~~~~~~~~~~~~~~~~~~~~~~~~
/usr/include/c++/15.2.1/bits/chrono.h: In static member function ‘static time_t blender::std::chrono::_V2::system_clock::to_time_t(const time_point&)’:
/usr/include/c++/15.2.1/bits/chrono.h:1251:28: error: ‘duration_cast’ was not declared in this scope; did you mean ‘duration’?
 1251 |         return std::time_t(duration_cast<chrono::seconds>
      |                            ^~~~~~~~~~~~~
      |                            duration
/usr/include/c++/15.2.1/bits/chrono.h: In instantiation of ‘class blender::std::chrono::time_point<blender::std::chrono::_V2::system_clock, blender::std::chrono::duration<long int, blender::std::ratio<1, 1000000000> > >’:
/usr/include/c++/15.2.1/bits/chrono.h:1252:11:   required from here
 1252 |                            (__t.time_since_epoch()).count());
      |                                ^
/usr/include/c++/15.2.1/bits/chrono.h:928:44: error: ‘value’ is not a member of ‘blender::std::chrono::__is_duration<blender::std::chrono::duration<long int, blender::std::ratio<1, 1000000000> > >’
  928 |         static_assert(__is_duration<_Dur>::value,
      |                                            ^~~~~
/usr/include/c++/15.2.1/bits/chrono.h:1251:27: error: expected primary-expression before ‘(’ token
 1251 |         return std::time_t(duration_cast<chrono::seconds>
      |                           ^
/usr/include/c++/15.2.1/bits/chrono.h:1251:57: error: expected primary-expression before ‘>’ token
 1251 |         return std::time_t(duration_cast<chrono::seconds>
      |                                                         ^
/usr/include/c++/15.2.1/bits/chrono.h: In static member function ‘static blender::std::chrono::_V2::system_clock::time_point blender::std::chrono::_V2::system_clock::from_time_t(time_t)’:
/usr/include/c++/15.2.1/bits/chrono.h:1260:16: error: ‘time_point_cast’ was not declared in this scope; did you mean ‘time_point’?
 1260 |         return time_point_cast<system_clock::duration>
      |                ^~~~~~~~~~~~~~~
      |                time_point
/usr/include/c++/15.2.1/bits/chrono.h:1260:54: error: expected primary-expression before ‘>’ token
 1260 |         return time_point_cast<system_clock::duration>
      |                                                      ^
/usr/include/c++/15.2.1/bits/chrono.h: In instantiation of ‘class blender::std::chrono::duration<long int>’:
/usr/include/c++/15.2.1/bits/chrono.h:1261:36:   required from here
 1261 |                (__from(chrono::seconds(__t)));
      |                                           ^
/usr/include/c++/15.2.1/bits/chrono.h:517:45: error: ‘value’ is not a member of ‘blender::std::chrono::__is_duration<long int>’
  517 |         static_assert(!__is_duration<_Rep>::value,
      |                                             ^~~~~
/usr/include/c++/15.2.1/bits/chrono.h:519:44: error: ‘value’ is not a member of ‘blender::std::__is_ratio<blender::std::ratio<1> >’
  519 |         static_assert(__is_ratio<_Period>::value,
      |                                            ^~~~~
/usr/include/c++/15.2.1/ratio: In instantiation of ‘constexpr const intmax_t blender::std::ratio<1>::num’:
/usr/include/c++/15.2.1/ratio:284:31:   required from ‘struct blender::std::ratio<1>’
  284 |       typedef ratio<num, den> type;
      |                               ^~~~
/usr/include/c++/15.2.1/bits/chrono.h:521:25:   required from ‘class blender::std::chrono::duration<long int>’
  521 |         static_assert(_Period::num > 0, "period must be positive");
      |                                ^~~
/usr/include/c++/15.2.1/bits/chrono.h:1261:36:   required from here
 1261 |                (__from(chrono::seconds(__t)));
      |                                           ^
/usr/include/c++/15.2.1/ratio:279:37: error: incomplete type ‘blender::std::__static_sign<1>’ used in nested name specifier
  279 |         _Num * __static_sign<_Den>::value / __static_gcd<_Num, _Den>::value;
      |                                     ^~~~~
/usr/include/c++/15.2.1/ratio: In instantiation of ‘struct blender::std::__static_gcd<1, 1>’:
/usr/include/c++/15.2.1/ratio:279:71:   required from ‘constexpr const intmax_t blender::std::ratio<1>::num’
  279 |         _Num * __static_sign<_Den>::value / __static_gcd<_Num, _Den>::value;
      |                                                                       ^~~~~
/usr/include/c++/15.2.1/ratio:284:31:   required from ‘struct blender::std::ratio<1>’
  284 |       typedef ratio<num, den> type;
      |                               ^~~~
/usr/include/c++/15.2.1/bits/chrono.h:521:25:   required from ‘class blender::std::chrono::duration<long int>’
  521 |         static_assert(_Period::num > 0, "period must be positive");
      |                                ^~~
/usr/include/c++/15.2.1/bits/chrono.h:1261:36:   required from here
 1261 |                (__from(chrono::seconds(__t)));
      |                                           ^
/usr/include/c++/15.2.1/ratio:72:12: error: invalid use of incomplete type ‘struct blender::std::__static_gcd<1, 0>’
   72 |     struct __static_gcd
      |            ^~~~~~~~~~~~
/usr/include/c++/15.2.1/ratio:72:12: note: declaration of ‘struct blender::std::__static_gcd<1, 0>’
/usr/include/c++/15.2.1/ratio: In instantiation of ‘constexpr const intmax_t blender::std::ratio<1>::num’:
/usr/include/c++/15.2.1/ratio:284:31:   required from ‘struct blender::std::ratio<1>’
  284 |       typedef ratio<num, den> type;
      |                               ^~~~
/usr/include/c++/15.2.1/bits/chrono.h:521:25:   required from ‘class blender::std::chrono::duration<long int>’
  521 |         static_assert(_Period::num > 0, "period must be positive");
      |                                ^~~
/usr/include/c++/15.2.1/bits/chrono.h:1261:36:   required from here
 1261 |                (__from(chrono::seconds(__t)));
      |                                           ^
/usr/include/c++/15.2.1/ratio:279:71: error: ‘value’ is not a member of ‘blender::std::__static_gcd<1, 1>’
  279 |         _Num * __static_sign<_Den>::value / __static_gcd<_Num, _Den>::value;
      |                                                                       ^~~~~
/usr/include/c++/15.2.1/ratio: In instantiation of ‘constexpr const intmax_t blender::std::ratio<1>::den’:
/usr/include/c++/15.2.1/ratio:284:31:   required from ‘struct blender::std::ratio<1>’
  284 |       typedef ratio<num, den> type;
      |                               ^~~~
/usr/include/c++/15.2.1/bits/chrono.h:521:25:   required from ‘class blender::std::chrono::duration<long int>’
  521 |         static_assert(_Period::num > 0, "period must be positive");
      |                                ^~~
/usr/include/c++/15.2.1/bits/chrono.h:1261:36:   required from here
 1261 |                (__from(chrono::seconds(__t)));
      |                                           ^
/usr/include/c++/15.2.1/ratio:282:29: error: incomplete type ‘blender::std::__static_abs<1>’ used in nested name specifier
  282 |         __static_abs<_Den>::value / __static_gcd<_Num, _Den>::value;
      |                             ^~~~~
/usr/include/c++/15.2.1/ratio:282:63: error: ‘value’ is not a member of ‘blender::std::__static_gcd<1, 1>’
  282 |         __static_abs<_Den>::value / __static_gcd<_Num, _Den>::value;
      |                                                               ^~~~~
/usr/include/c++/15.2.1/bits/chrono.h: In instantiation of ‘class blender::std::chrono::duration<long int>’:
/usr/include/c++/15.2.1/bits/chrono.h:1261:36:   required from here
 1261 |                (__from(chrono::seconds(__t)));
      |                                           ^
/usr/include/c++/15.2.1/bits/chrono.h:521:36: error: non-constant condition for static assertion
  521 |         static_assert(_Period::num > 0, "period must be positive");
      |                                ~~~~^~~
/usr/include/c++/15.2.1/bits/chrono.h:1261:43: error: no matching function for call to ‘blender::std::chrono::duration<long int>::duration(time_t&)’
 1261 |                (__from(chrono::seconds(__t)));
      |                                           ^
/usr/include/c++/15.2.1/bits/chrono.h:1261:43: note: there are 4 candidates
/usr/include/c++/15.2.1/bits/chrono.h:585:21: note: candidate 1: ‘template<class _Rep2, class _Period2, class> constexpr blender::std::chrono::duration<_Rep, _Period>::duration(const blender::std::chrono::duration<_Rep, _Period>&) [with _Period2 = _Rep2; <template-parameter-2-3> = _Period2; _Rep = long int; _Period = blender::std::ratio<1>]’
  585 |           constexpr duration(const duration<_Rep2, _Period2>& __d)
      |                     ^~~~~~~~
/usr/include/c++/15.2.1/bits/chrono.h:585:21: note: template argument deduction/substitution failed:
/usr/include/c++/15.2.1/bits/chrono.h:1261:43: note:   mismatched types ‘const blender::std::chrono::duration<_Rep1, _Period1>’ and ‘time_t’ {aka ‘long int’}
 1261 |                (__from(chrono::seconds(__t)));
      |                                           ^
/usr/include/c++/15.2.1/bits/chrono.h:577:30: note: candidate 2: ‘template<class _Rep2, class> constexpr blender::std::chrono::duration<_Rep, _Period>::duration(const _Rep2&) [with <template-parameter-2-2> = _Rep2; _Rep = long int; _Period = blender::std::ratio<1>]’
  577 |           constexpr explicit duration(const _Rep2& __rep)
      |                              ^~~~~~~~
/usr/include/c++/15.2.1/bits/chrono.h:577:30: note: template argument deduction/substitution failed:
/usr/include/c++/15.2.1/bits/chrono.h:570:9: note: candidate 3: ‘constexpr blender::std::chrono::duration<_Rep, _Period>::duration(const blender::std::chrono::duration<_Rep, _Period>&) [with _Rep = long int; _Period = blender::std::ratio<1>]’
  570 |         duration(const duration&) = default;
      |         ^~~~~~~~
/usr/include/c++/15.2.1/bits/chrono.h:570:18: note: no known conversion for argument 1 from ‘time_t’ {aka ‘long int’} to ‘const blender::std::chrono::duration<long int>&’
  570 |         duration(const duration&) = default;
      |                  ^~~~~~~~~~~~~~~
/usr/include/c++/15.2.1/bits/chrono.h:568:19: note: candidate 4: ‘blender::std::chrono::duration<_Rep, _Period>::duration() [with _Rep = long int; _Period = blender::std::ratio<1>]’
  568 |         constexpr duration() = default;
      |                   ^~~~~~~~
/usr/include/c++/15.2.1/bits/chrono.h:568:19: note: candidate expects 0 arguments, 1 provided
/usr/include/c++/15.2.1/bits/chrono.h: In instantiation of ‘class blender::std::chrono::time_point<blender::std::chrono::_V2::system_clock, blender::std::chrono::duration<long int> >’:
/usr/include/c++/15.2.1/bits/chrono.h:1261:37:   required from here
 1261 |                (__from(chrono::seconds(__t)));
      |                                            ^
/usr/include/c++/15.2.1/bits/chrono.h:928:44: error: ‘value’ is not a member of ‘blender::std::chrono::__is_duration<blender::std::chrono::duration<long int> >’
  928 |         static_assert(__is_duration<_Dur>::value,
      |                                            ^~~~~
/usr/include/c++/15.2.1/bits/chrono.h: In instantiation of ‘class blender::std::chrono::duration<long double, blender::std::ratio<3600> >’:
/usr/include/c++/15.2.1/bits/chrono.h:1379:36:   required from here
 1379 |     operator""h(long double __hours)
      |                                    ^
/usr/include/c++/15.2.1/bits/chrono.h:517:45: error: ‘value’ is not a member of ‘blender::std::chrono::__is_duration<long double>’
  517 |         static_assert(!__is_duration<_Rep>::value,
      |                                             ^~~~~
/usr/include/c++/15.2.1/bits/chrono.h:519:44: error: ‘value’ is not a member of ‘blender::std::__is_ratio<blender::std::ratio<3600> >’
  519 |         static_assert(__is_ratio<_Period>::value,
      |                                            ^~~~~
/usr/include/c++/15.2.1/ratio: In instantiation of ‘constexpr const intmax_t blender::std::ratio<3600>::num’:
/usr/include/c++/15.2.1/ratio:284:31:   required from ‘struct blender::std::ratio<3600>’
  284 |       typedef ratio<num, den> type;
      |                               ^~~~
/usr/include/c++/15.2.1/bits/chrono.h:521:25:   required from ‘class blender::std::chrono::duration<long double, blender::std::ratio<3600> >’
  521 |         static_assert(_Period::num > 0, "period must be positive");
      |                                ^~~
/usr/include/c++/15.2.1/bits/chrono.h:1379:36:   required from here
 1379 |     operator""h(long double __hours)
      |                                    ^
/usr/include/c++/15.2.1/ratio:279:37: error: incomplete type ‘blender::std::__static_sign<1>’ used in nested name specifier
  279 |         _Num * __static_sign<_Den>::value / __static_gcd<_Num, _Den>::value;
      |                                     ^~~~~
/usr/include/c++/15.2.1/ratio: In instantiation of ‘struct blender::std::__static_gcd<3600, 1>’:
/usr/include/c++/15.2.1/ratio:279:71:   required from ‘constexpr const intmax_t blender::std::ratio<3600>::num’
  279 |         _Num * __static_sign<_Den>::value / __static_gcd<_Num, _Den>::value;
      |                                                                       ^~~~~
/usr/include/c++/15.2.1/ratio:284:31:   required from ‘struct blender::std::ratio<3600>’
  284 |       typedef ratio<num, den> type;
      |                               ^~~~
/usr/include/c++/15.2.1/bits/chrono.h:521:25:   required from ‘class blender::std::chrono::duration<long double, blender::std::ratio<3600> >’
  521 |         static_assert(_Period::num > 0, "period must be positive");
      |                                ^~~
/usr/include/c++/15.2.1/bits/chrono.h:1379:36:   required from here
 1379 |     operator""h(long double __hours)
      |                                    ^
/usr/include/c++/15.2.1/ratio:72:12: error: invalid use of incomplete type ‘struct blender::std::__static_gcd<1, 0>’
   72 |     struct __static_gcd
      |            ^~~~~~~~~~~~
/usr/include/c++/15.2.1/ratio:72:12: note: declaration of ‘struct blender::std::__static_gcd<1, 0>’
/usr/include/c++/15.2.1/ratio: In instantiation of ‘constexpr const intmax_t blender::std::ratio<3600>::num’:
/usr/include/c++/15.2.1/ratio:284:31:   required from ‘struct blender::std::ratio<3600>’
  284 |       typedef ratio<num, den> type;
      |                               ^~~~
/usr/include/c++/15.2.1/bits/chrono.h:521:25:   required from ‘class blender::std::chrono::duration<long double, blender::std::ratio<3600> >’
  521 |         static_assert(_Period::num > 0, "period must be positive");
      |                                ^~~
/usr/include/c++/15.2.1/bits/chrono.h:1379:36:   required from here
 1379 |     operator""h(long double __hours)
      |                                    ^
/usr/include/c++/15.2.1/ratio:279:71: error: ‘value’ is not a member of ‘blender::std::__static_gcd<3600, 1>’
  279 |         _Num * __static_sign<_Den>::value / __static_gcd<_Num, _Den>::value;
      |                                                                       ^~~~~
/usr/include/c++/15.2.1/ratio: In instantiation of ‘constexpr const intmax_t blender::std::ratio<3600>::den’:
/usr/include/c++/15.2.1/ratio:284:31:   required from ‘struct blender::std::ratio<3600>’
  284 |       typedef ratio<num, den> type;
      |                               ^~~~
/usr/include/c++/15.2.1/bits/chrono.h:521:25:   required from ‘class blender::std::chrono::duration<long double, blender::std::ratio<3600> >’
  521 |         static_assert(_Period::num > 0, "period must be positive");
      |                                ^~~
/usr/include/c++/15.2.1/bits/chrono.h:1379:36:   required from here
 1379 |     operator""h(long double __hours)
      |                                    ^
/usr/include/c++/15.2.1/ratio:282:29: error: incomplete type ‘blender::std::__static_abs<1>’ used in nested name specifier
  282 |         __static_abs<_Den>::value / __static_gcd<_Num, _Den>::value;
      |                             ^~~~~
/usr/include/c++/15.2.1/ratio:282:63: error: ‘value’ is not a member of ‘blender::std::__static_gcd<3600, 1>’
  282 |         __static_abs<_Den>::value / __static_gcd<_Num, _Den>::value;
      |                                                               ^~~~~
/usr/include/c++/15.2.1/bits/chrono.h: In instantiation of ‘class blender::std::chrono::duration<long double, blender::std::ratio<3600> >’:
/usr/include/c++/15.2.1/bits/chrono.h:1379:36:   required from here
 1379 |     operator""h(long double __hours)
      |                                    ^
/usr/include/c++/15.2.1/bits/chrono.h:521:36: error: non-constant condition for static assertion
  521 |         static_assert(_Period::num > 0, "period must be positive");
      |                                ~~~~^~~
/usr/include/c++/15.2.1/bits/chrono.h: In function ‘constexpr blender::std::chrono::duration<long double, blender::std::ratio<3600> > blender::std::literals::chrono_literals::operator""h(long double)’:
/usr/include/c++/15.2.1/bits/chrono.h:1380:66: error: no matching function for call to ‘blender::std::chrono::duration<long double, blender::std::ratio<3600> >::duration(<brace-enclosed initializer list>)’
 1380 |     { return chrono::duration<long double, ratio<3600,1>>{__hours}; }
      |                                                                  ^
/usr/include/c++/15.2.1/bits/chrono.h:1380:66: note: there are 4 candidates
/usr/include/c++/15.2.1/bits/chrono.h:585:21: note: candidate 1: ‘template<class _Rep2, class _Period2, class> constexpr blender::std::chrono::duration<_Rep, _Period>::duration(const blender::std::chrono::duration<_Rep, _Period>&) [with _Period2 = _Rep2; <template-parameter-2-3> = _Period2; _Rep = long double; _Period = blender::std::ratio<3600>]’
  585 |           constexpr duration(const duration<_Rep2, _Period2>& __d)
      |                     ^~~~~~~~
/usr/include/c++/15.2.1/bits/chrono.h:585:21: note: template argument deduction/substitution failed:
/usr/include/c++/15.2.1/bits/chrono.h:1380:66: note:   mismatched types ‘const blender::std::chrono::duration<_Rep1, _Period1>’ and ‘long double’
 1380 |     { return chrono::duration<long double, ratio<3600,1>>{__hours}; }
      |                                                                  ^
/usr/include/c++/15.2.1/bits/chrono.h:577:30: note: candidate 2: ‘template<class _Rep2, class> constexpr blender::std::chrono::duration<_Rep, _Period>::duration(const _Rep2&) [with <template-parameter-2-2> = _Rep2; _Rep = long double; _Period = blender::std::ratio<3600>]’
  577 |           constexpr explicit duration(const _Rep2& __rep)
      |                              ^~~~~~~~
/usr/include/c++/15.2.1/bits/chrono.h:577:30: note: template argument deduction/substitution failed:
/usr/include/c++/15.2.1/bits/chrono.h:570:9: note: candidate 3: ‘constexpr blender::std::chrono::duration<_Rep, _Period>::duration(const blender::std::chrono::duration<_Rep, _Period>&) [with _Rep = long double; _Period = blender::std::ratio<3600>]’
  570 |         duration(const duration&) = default;
      |         ^~~~~~~~
/usr/include/c++/15.2.1/bits/chrono.h:570:18: note: no known conversion for argument 1 from ‘long double’ to ‘const blender::std::chrono::duration<long double, blender::std::ratio<3600> >&’
  570 |         duration(const duration&) = default;
      |                  ^~~~~~~~~~~~~~~
/usr/include/c++/15.2.1/bits/chrono.h:568:19: note: candidate 4: ‘blender::std::chrono::duration<_Rep, _Period>::duration() [with _Rep = long double; _Period = blender::std::ratio<3600>]’
  568 |         constexpr duration() = default;
      |                   ^~~~~~~~
/usr/include/c++/15.2.1/bits/chrono.h:568:19: note: candidate expects 0 arguments, 1 provided
/usr/include/c++/15.2.1/bits/chrono.h: In instantiation of ‘class blender::std::chrono::duration<long int, blender::std::ratio<3600> >’:
/usr/include/c++/15.2.1/bits/chrono.h:1385:19:   required from here
 1385 |       operator""h()
      |                   ^
/usr/include/c++/15.2.1/bits/chrono.h:517:45: error: ‘value’ is not a member of ‘blender::std::chrono::__is_duration<long int>’
  517 |         static_assert(!__is_duration<_Rep>::value,
      |                                             ^~~~~
/usr/include/c++/15.2.1/bits/chrono.h:519:44: error: ‘value’ is not a member of ‘blender::std::__is_ratio<blender::std::ratio<3600> >’
  519 |         static_assert(__is_ratio<_Period>::value,
      |                                            ^~~~~
/usr/include/c++/15.2.1/bits/chrono.h:521:36: error: non-constant condition for static assertion
  521 |         static_assert(_Period::num > 0, "period must be positive");
      |                                ~~~~^~~
/usr/include/c++/15.2.1/bits/chrono.h: In instantiation of ‘class blender::std::chrono::duration<long double, blender::std::ratio<60> >’:
/usr/include/c++/15.2.1/bits/chrono.h:1390:37:   required from here
 1390 |     operator""min(long double __mins)
      |                                     ^
/usr/include/c++/15.2.1/bits/chrono.h:517:45: error: ‘value’ is not a member of ‘blender::std::chrono::__is_duration<long double>’
  517 |         static_assert(!__is_duration<_Rep>::value,
      |                                             ^~~~~
/usr/include/c++/15.2.1/bits/chrono.h:519:44: error: ‘value’ is not a member of ‘blender::std::__is_ratio<blender::std::ratio<60> >’
  519 |         static_assert(__is_ratio<_Period>::value,
      |                                            ^~~~~
/usr/include/c++/15.2.1/ratio: In instantiation of ‘constexpr const intmax_t blender::std::ratio<60>::num’:
/usr/include/c++/15.2.1/ratio:284:31:   required from ‘struct blender::std::ratio<60>’
  284 |       typedef ratio<num, den> type;
      |                               ^~~~
/usr/include/c++/15.2.1/bits/chrono.h:521:25:   required from ‘class blender::std::chrono::duration<long double, blender::std::ratio<60> >’
  521 |         static_assert(_Period::num > 0, "period must be positive");
      |                                ^~~
/usr/include/c++/15.2.1/bits/chrono.h:1390:37:   required from here
 1390 |     operator""min(long double __mins)
      |                                     ^
/usr/include/c++/15.2.1/ratio:279:37: error: incomplete type ‘blender::std::__static_sign<1>’ used in nested name specifier
  279 |         _Num * __static_sign<_Den>::value / __static_gcd<_Num, _Den>::value;
      |                                     ^~~~~
/usr/include/c++/15.2.1/ratio: In instantiation of ‘struct blender::std::__static_gcd<60, 1>’:
/usr/include/c++/15.2.1/ratio:279:71:   required from ‘constexpr const intmax_t blender::std::ratio<60>::num’
  279 |         _Num * __static_sign<_Den>::value / __static_gcd<_Num, _Den>::value;
      |                                                                       ^~~~~
/usr/include/c++/15.2.1/ratio:284:31:   required from ‘struct blender::std::ratio<60>’
  284 |       typedef ratio<num, den> type;
      |                               ^~~~
/usr/include/c++/15.2.1/bits/chrono.h:521:25:   required from ‘class blender::std::chrono::duration<long double, blender::std::ratio<60> >’
  521 |         static_assert(_Period::num > 0, "period must be positive");
      |                                ^~~
/usr/include/c++/15.2.1/bits/chrono.h:1390:37:   required from here
 1390 |     operator""min(long double __mins)
      |                                     ^
/usr/include/c++/15.2.1/ratio:72:12: error: invalid use of incomplete type ‘struct blender::std::__static_gcd<1, 0>’
   72 |     struct __static_gcd
      |            ^~~~~~~~~~~~
/usr/include/c++/15.2.1/ratio:72:12: note: declaration of ‘struct blender::std::__static_gcd<1, 0>’
/usr/include/c++/15.2.1/ratio: In instantiation of ‘constexpr const intmax_t blender::std::ratio<60>::num’:
/usr/include/c++/15.2.1/ratio:284:31:   required from ‘struct blender::std::ratio<60>’
  284 |       typedef ratio<num, den> type;
      |                               ^~~~
/usr/include/c++/15.2.1/bits/chrono.h:521:25:   required from ‘class blender::std::chrono::duration<long double, blender::std::ratio<60> >’
  521 |         static_assert(_Period::num > 0, "period must be positive");
      |                                ^~~
/usr/include/c++/15.2.1/bits/chrono.h:1390:37:   required from here
 1390 |     operator""min(long double __mins)
      |                                     ^
/usr/include/c++/15.2.1/ratio:279:71: error: ‘value’ is not a member of ‘blender::std::__static_gcd<60, 1>’
  279 |         _Num * __static_sign<_Den>::value / __static_gcd<_Num, _Den>::value;
      |                                                                       ^~~~~
/usr/include/c++/15.2.1/ratio: In instantiation of ‘constexpr const intmax_t blender::std::ratio<60>::den’:
/usr/include/c++/15.2.1/ratio:284:31:   required from ‘struct blender::std::ratio<60>’
  284 |       typedef ratio<num, den> type;
      |                               ^~~~
/usr/include/c++/15.2.1/bits/chrono.h:521:25:   required from ‘class blender::std::chrono::duration<long double, blender::std::ratio<60> >’
  521 |         static_assert(_Period::num > 0, "period must be positive");
      |                                ^~~
/usr/include/c++/15.2.1/bits/chrono.h:1390:37:   required from here
 1390 |     operator""min(long double __mins)
      |                                     ^
/usr/include/c++/15.2.1/ratio:282:29: error: incomplete type ‘blender::std::__static_abs<1>’ used in nested name specifier
  282 |         __static_abs<_Den>::value / __static_gcd<_Num, _Den>::value;
      |                             ^~~~~
/usr/include/c++/15.2.1/ratio:282:63: error: ‘value’ is not a member of ‘blender::std::__static_gcd<60, 1>’
  282 |         __static_abs<_Den>::value / __static_gcd<_Num, _Den>::value;
      |                                                               ^~~~~
/usr/include/c++/15.2.1/bits/chrono.h: In instantiation of ‘class blender::std::chrono::duration<long double, blender::std::ratio<60> >’:
/usr/include/c++/15.2.1/bits/chrono.h:1390:37:   required from here
 1390 |     operator""min(long double __mins)
      |                                     ^
/usr/include/c++/15.2.1/bits/chrono.h:521:36: error: non-constant condition for static assertion
  521 |         static_assert(_Period::num > 0, "period must be positive");
      |                                ~~~~^~~
/usr/include/c++/15.2.1/bits/chrono.h: In function ‘constexpr blender::std::chrono::duration<long double, blender::std::ratio<60> > blender::std::literals::chrono_literals::operator""min(long double)’:
/usr/include/c++/15.2.1/bits/chrono.h:1391:63: error: no matching function for call to ‘blender::std::chrono::duration<long double, blender::std::ratio<60> >::duration(<brace-enclosed initializer list>)’
 1391 |     { return chrono::duration<long double, ratio<60,1>>{__mins}; }
      |                                                               ^
/usr/include/c++/15.2.1/bits/chrono.h:1391:63: note: there are 4 candidates
/usr/include/c++/15.2.1/bits/chrono.h:585:21: note: candidate 1: ‘template<class _Rep2, class _Period2, class> constexpr blender::std::chrono::duration<_Rep, _Period>::duration(const blender::std::chrono::duration<_Rep, _Period>&) [with _Period2 = _Rep2; <template-parameter-2-3> = _Period2; _Rep = long double; _Period = blender::std::ratio<60>]’
  585 |           constexpr duration(const duration<_Rep2, _Period2>& __d)
      |                     ^~~~~~~~
/usr/include/c++/15.2.1/bits/chrono.h:585:21: note: template argument deduction/substitution failed:
/usr/include/c++/15.2.1/bits/chrono.h:1391:63: note:   mismatched types ‘const blender::std::chrono::duration<_Rep1, _Period1>’ and ‘long double’
 1391 |     { return chrono::duration<long double, ratio<60,1>>{__mins}; }
      |                                                               ^
/usr/include/c++/15.2.1/bits/chrono.h:577:30: note: candidate 2: ‘template<class _Rep2, class> constexpr blender::std::chrono::duration<_Rep, _Period>::duration(const _Rep2&) [with <template-parameter-2-2> = _Rep2; _Rep = long double; _Period = blender::std::ratio<60>]’
  577 |           constexpr explicit duration(const _Rep2& __rep)
      |                              ^~~~~~~~
/usr/include/c++/15.2.1/bits/chrono.h:577:30: note: template argument deduction/substitution failed:
/usr/include/c++/15.2.1/bits/chrono.h:570:9: note: candidate 3: ‘constexpr blender::std::chrono::duration<_Rep, _Period>::duration(const blender::std::chrono::duration<_Rep, _Period>&) [with _Rep = long double; _Period = blender::std::ratio<60>]’
  570 |         duration(const duration&) = default;
      |         ^~~~~~~~
/usr/include/c++/15.2.1/bits/chrono.h:570:18: note: no known conversion for argument 1 from ‘long double’ to ‘const blender::std::chrono::duration<long double, blender::std::ratio<60> >&’
  570 |         duration(const duration&) = default;
      |                  ^~~~~~~~~~~~~~~
/usr/include/c++/15.2.1/bits/chrono.h:568:19: note: candidate 4: ‘blender::std::chrono::duration<_Rep, _Period>::duration() [with _Rep = long double; _Period = blender::std::ratio<60>]’
  568 |         constexpr duration() = default;
      |                   ^~~~~~~~
/usr/include/c++/15.2.1/bits/chrono.h:568:19: note: candidate expects 0 arguments, 1 provided
/usr/include/c++/15.2.1/bits/chrono.h: In instantiation of ‘class blender::std::chrono::duration<long int, blender::std::ratio<60> >’:
/usr/include/c++/15.2.1/bits/chrono.h:1396:21:   required from here
 1396 |       operator""min()
      |                     ^
/usr/include/c++/15.2.1/bits/chrono.h:517:45: error: ‘value’ is not a member of ‘blender::std::chrono::__is_duration<long int>’
  517 |         static_assert(!__is_duration<_Rep>::value,
      |                                             ^~~~~
/usr/include/c++/15.2.1/bits/chrono.h:519:44: error: ‘value’ is not a member of ‘blender::std::__is_ratio<blender::std::ratio<60> >’
  519 |         static_assert(__is_ratio<_Period>::value,
      |                                            ^~~~~
/usr/include/c++/15.2.1/bits/chrono.h:521:36: error: non-constant condition for static assertion
  521 |         static_assert(_Period::num > 0, "period must be positive");
      |                                ~~~~^~~
/usr/include/c++/15.2.1/bits/chrono.h: In instantiation of ‘class blender::std::chrono::duration<long double>’:
/usr/include/c++/15.2.1/bits/chrono.h:1401:35:   required from here
 1401 |     operator""s(long double __secs)
      |                                   ^
/usr/include/c++/15.2.1/bits/chrono.h:517:45: error: ‘value’ is not a member of ‘blender::std::chrono::__is_duration<long double>’
  517 |         static_assert(!__is_duration<_Rep>::value,
      |                                             ^~~~~
/usr/include/c++/15.2.1/bits/chrono.h:519:44: error: ‘value’ is not a member of ‘blender::std::__is_ratio<blender::std::ratio<1> >’
  519 |         static_assert(__is_ratio<_Period>::value,
      |                                            ^~~~~
/usr/include/c++/15.2.1/bits/chrono.h:521:36: error: non-constant condition for static assertion
  521 |         static_assert(_Period::num > 0, "period must be positive");
      |                                ~~~~^~~
/usr/include/c++/15.2.1/bits/chrono.h: In function ‘constexpr blender::std::chrono::duration<long double> blender::std::literals::chrono_literals::operator""s(long double)’:
/usr/include/c++/15.2.1/bits/chrono.h:1402:50: error: no matching function for call to ‘blender::std::chrono::duration<long double>::duration(<brace-enclosed initializer list>)’
 1402 |     { return chrono::duration<long double>{__secs}; }
      |                                                  ^
/usr/include/c++/15.2.1/bits/chrono.h:1402:50: note: there are 4 candidates
/usr/include/c++/15.2.1/bits/chrono.h:585:21: note: candidate 1: ‘template<class _Rep2, class _Period2, class> constexpr blender::std::chrono::duration<_Rep, _Period>::duration(const blender::std::chrono::duration<_Rep, _Period>&) [with _Period2 = _Rep2; <template-parameter-2-3> = _Period2; _Rep = long double; _Period = blender::std::ratio<1>]’
  585 |           constexpr duration(const duration<_Rep2, _Period2>& __d)
      |                     ^~~~~~~~
/usr/include/c++/15.2.1/bits/chrono.h:585:21: note: template argument deduction/substitution failed:
/usr/include/c++/15.2.1/bits/chrono.h:1402:50: note:   mismatched types ‘const blender::std::chrono::duration<_Rep1, _Period1>’ and ‘long double’
 1402 |     { return chrono::duration<long double>{__secs}; }
      |                                                  ^
/usr/include/c++/15.2.1/bits/chrono.h:577:30: note: candidate 2: ‘template<class _Rep2, class> constexpr blender::std::chrono::duration<_Rep, _Period>::duration(const _Rep2&) [with <template-parameter-2-2> = _Rep2; _Rep = long double; _Period = blender::std::ratio<1>]’
  577 |           constexpr explicit duration(const _Rep2& __rep)
      |                              ^~~~~~~~
/usr/include/c++/15.2.1/bits/chrono.h:577:30: note: template argument deduction/substitution failed:
/usr/include/c++/15.2.1/bits/chrono.h:570:9: note: candidate 3: ‘constexpr blender::std::chrono::duration<_Rep, _Period>::duration(const blender::std::chrono::duration<_Rep, _Period>&) [with _Rep = long double; _Period = blender::std::ratio<1>]’
  570 |         duration(const duration&) = default;
      |         ^~~~~~~~
/usr/include/c++/15.2.1/bits/chrono.h:570:18: note: no known conversion for argument 1 from ‘long double’ to ‘const blender::std::chrono::duration<long double>&’
  570 |         duration(const duration&) = default;
      |                  ^~~~~~~~~~~~~~~
/usr/include/c++/15.2.1/bits/chrono.h:568:19: note: candidate 4: ‘blender::std::chrono::duration<_Rep, _Period>::duration() [with _Rep = long double; _Period = blender::std::ratio<1>]’
  568 |         constexpr duration() = default;
      |                   ^~~~~~~~
/usr/include/c++/15.2.1/bits/chrono.h:568:19: note: candidate expects 0 arguments, 1 provided
/usr/include/c++/15.2.1/bits/chrono.h: In instantiation of ‘class blender::std::chrono::duration<long double, blender::std::ratio<1, 1000> >’:
/usr/include/c++/15.2.1/bits/chrono.h:1412:37:   required from here
 1412 |     operator""ms(long double __msecs)
      |                                     ^
/usr/include/c++/15.2.1/bits/chrono.h:517:45: error: ‘value’ is not a member of ‘blender::std::chrono::__is_duration<long double>’
  517 |         static_assert(!__is_duration<_Rep>::value,
      |                                             ^~~~~
/usr/include/c++/15.2.1/bits/chrono.h:519:44: error: ‘value’ is not a member of ‘blender::std::__is_ratio<blender::std::ratio<1, 1000> >’
  519 |         static_assert(__is_ratio<_Period>::value,
      |                                            ^~~~~
/usr/include/c++/15.2.1/ratio: In instantiation of ‘constexpr const intmax_t blender::std::ratio<1, 1000>::num’:
/usr/include/c++/15.2.1/ratio:284:31:   required from ‘struct blender::std::ratio<1, 1000>’
  284 |       typedef ratio<num, den> type;
      |                               ^~~~
/usr/include/c++/15.2.1/bits/chrono.h:521:25:   required from ‘class blender::std::chrono::duration<long double, blender::std::ratio<1, 1000> >’
  521 |         static_assert(_Period::num > 0, "period must be positive");
      |                                ^~~
/usr/include/c++/15.2.1/bits/chrono.h:1412:37:   required from here
 1412 |     operator""ms(long double __msecs)
      |                                     ^
/usr/include/c++/15.2.1/ratio:279:37: error: incomplete type ‘blender::std::__static_sign<1000>’ used in nested name specifier
  279 |         _Num * __static_sign<_Den>::value / __static_gcd<_Num, _Den>::value;
      |                                     ^~~~~
/usr/include/c++/15.2.1/ratio: In instantiation of ‘struct blender::std::__static_gcd<1000, 1>’:
/usr/include/c++/15.2.1/ratio:72:12:   required from ‘struct blender::std::__static_gcd<1, 1000>’
   72 |     struct __static_gcd
      |            ^~~~~~~~~~~~
/usr/include/c++/15.2.1/ratio:279:71:   required from ‘constexpr const intmax_t blender::std::ratio<1, 1000>::num’
  279 |         _Num * __static_sign<_Den>::value / __static_gcd<_Num, _Den>::value;
      |                                                                       ^~~~~
/usr/include/c++/15.2.1/ratio:284:31:   required from ‘struct blender::std::ratio<1, 1000>’
  284 |       typedef ratio<num, den> type;
      |                               ^~~~
/usr/include/c++/15.2.1/bits/chrono.h:521:25:   required from ‘class blender::std::chrono::duration<long double, blender::std::ratio<1, 1000> >’
  521 |         static_assert(_Period::num > 0, "period must be positive");
      |                                ^~~
/usr/include/c++/15.2.1/bits/chrono.h:1412:37:   required from here
 1412 |     operator""ms(long double __msecs)
      |                                     ^
/usr/include/c++/15.2.1/ratio:72:12: error: invalid use of incomplete type ‘struct blender::std::__static_gcd<1, 0>’
   72 |     struct __static_gcd
      |            ^~~~~~~~~~~~
/usr/include/c++/15.2.1/ratio:72:12: note: declaration of ‘struct blender::std::__static_gcd<1, 0>’
/usr/include/c++/15.2.1/ratio: In instantiation of ‘constexpr const intmax_t blender::std::ratio<1, 1000>::num’:
/usr/include/c++/15.2.1/ratio:284:31:   required from ‘struct blender::std::ratio<1, 1000>’
  284 |       typedef ratio<num, den> type;
      |                               ^~~~
/usr/include/c++/15.2.1/bits/chrono.h:521:25:   required from ‘class blender::std::chrono::duration<long double, blender::std::ratio<1, 1000> >’
  521 |         static_assert(_Period::num > 0, "period must be positive");
      |                                ^~~
/usr/include/c++/15.2.1/bits/chrono.h:1412:37:   required from here
 1412 |     operator""ms(long double __msecs)
      |                                     ^
/usr/include/c++/15.2.1/ratio:279:71: error: ‘value’ is not a member of ‘blender::std::__static_gcd<1, 1000>’
  279 |         _Num * __static_sign<_Den>::value / __static_gcd<_Num, _Den>::value;
      |                                                                       ^~~~~
/usr/include/c++/15.2.1/ratio: In instantiation of ‘constexpr const intmax_t blender::std::ratio<1, 1000>::den’:
/usr/include/c++/15.2.1/ratio:284:31:   required from ‘struct blender::std::ratio<1, 1000>’
  284 |       typedef ratio<num, den> type;
      |                               ^~~~
/usr/include/c++/15.2.1/bits/chrono.h:521:25:   required from ‘class blender::std::chrono::duration<long double, blender::std::ratio<1, 1000> >’
  521 |         static_assert(_Period::num > 0, "period must be positive");
      |                                ^~~
/usr/include/c++/15.2.1/bits/chrono.h:1412:37:   required from here
 1412 |     operator""ms(long double __msecs)
      |                                     ^
/usr/include/c++/15.2.1/ratio:282:29: error: incomplete type ‘blender::std::__static_abs<1000>’ used in nested name specifier
  282 |         __static_abs<_Den>::value / __static_gcd<_Num, _Den>::value;
      |                             ^~~~~
/usr/include/c++/15.2.1/ratio:282:63: error: ‘value’ is not a member of ‘blender::std::__static_gcd<1, 1000>’
  282 |         __static_abs<_Den>::value / __static_gcd<_Num, _Den>::value;
      |                                                               ^~~~~
/usr/include/c++/15.2.1/bits/chrono.h: In instantiation of ‘class blender::std::chrono::duration<long double, blender::std::ratio<1, 1000> >’:
/usr/include/c++/15.2.1/bits/chrono.h:1412:37:   required from here
 1412 |     operator""ms(long double __msecs)
      |                                     ^
/usr/include/c++/15.2.1/bits/chrono.h:521:36: error: non-constant condition for static assertion
  521 |         static_assert(_Period::num > 0, "period must be positive");
      |                                ~~~~^~~
/usr/include/c++/15.2.1/bits/chrono.h: In function ‘constexpr blender::std::chrono::duration<long double, blender::std::ratio<1, 1000> > blender::std::literals::chrono_literals::operator""ms(long double)’:
/usr/include/c++/15.2.1/bits/chrono.h:1413:58: error: no matching function for call to ‘blender::std::chrono::duration<long double, blender::std::ratio<1, 1000> >::duration(<brace-enclosed initializer list>)’
 1413 |     { return chrono::duration<long double, milli>{__msecs}; }
      |                                                          ^
/usr/include/c++/15.2.1/bits/chrono.h:1413:58: note: there are 4 candidates
/usr/include/c++/15.2.1/bits/chrono.h:585:21: note: candidate 1: ‘template<class _Rep2, class _Period2, class> constexpr blender::std::chrono::duration<_Rep, _Period>::duration(const blender::std::chrono::duration<_Rep, _Period>&) [with _Period2 = _Rep2; <template-parameter-2-3> = _Period2; _Rep = long double; _Period = blender::std::ratio<1, 1000>]’
  585 |           constexpr duration(const duration<_Rep2, _Period2>& __d)
      |                     ^~~~~~~~
/usr/include/c++/15.2.1/bits/chrono.h:585:21: note: template argument deduction/substitution failed:
/usr/include/c++/15.2.1/bits/chrono.h:1413:58: note:   mismatched types ‘const blender::std::chrono::duration<_Rep1, _Period1>’ and ‘long double’
 1413 |     { return chrono::duration<long double, milli>{__msecs}; }
      |                                                          ^
/usr/include/c++/15.2.1/bits/chrono.h:577:30: note: candidate 2: ‘template<class _Rep2, class> constexpr blender::std::chrono::duration<_Rep, _Period>::duration(const _Rep2&) [with <template-parameter-2-2> = _Rep2; _Rep = long double; _Period = blender::std::ratio<1, 1000>]’
  577 |           constexpr explicit duration(const _Rep2& __rep)
      |                              ^~~~~~~~
/usr/include/c++/15.2.1/bits/chrono.h:577:30: note: template argument deduction/substitution failed:
/usr/include/c++/15.2.1/bits/chrono.h:570:9: note: candidate 3: ‘constexpr blender::std::chrono::duration<_Rep, _Period>::duration(const blender::std::chrono::duration<_Rep, _Period>&) [with _Rep = long double; _Period = blender::std::ratio<1, 1000>]’
  570 |         duration(const duration&) = default;
      |         ^~~~~~~~
/usr/include/c++/15.2.1/bits/chrono.h:570:18: note: no known conversion for argument 1 from ‘long double’ to ‘const blender::std::chrono::duration<long double, blender::std::ratio<1, 1000> >&’
  570 |         duration(const duration&) = default;
      |                  ^~~~~~~~~~~~~~~
/usr/include/c++/15.2.1/bits/chrono.h:568:19: note: candidate 4: ‘blender::std::chrono::duration<_Rep, _Period>::duration() [with _Rep = long double; _Period = blender::std::ratio<1, 1000>]’
  568 |         constexpr duration() = default;
      |                   ^~~~~~~~
/usr/include/c++/15.2.1/bits/chrono.h:568:19: note: candidate expects 0 arguments, 1 provided
/usr/include/c++/15.2.1/bits/chrono.h: In instantiation of ‘class blender::std::chrono::duration<long int, blender::std::ratio<1, 1000> >’:
/usr/include/c++/15.2.1/bits/chrono.h:1418:20:   required from here
 1418 |       operator""ms()
      |                    ^
/usr/include/c++/15.2.1/bits/chrono.h:517:45: error: ‘value’ is not a member of ‘blender::std::chrono::__is_duration<long int>’
  517 |         static_assert(!__is_duration<_Rep>::value,
      |                                             ^~~~~
/usr/include/c++/15.2.1/bits/chrono.h:519:44: error: ‘value’ is not a member of ‘blender::std::__is_ratio<blender::std::ratio<1, 1000> >’
  519 |         static_assert(__is_ratio<_Period>::value,
      |                                            ^~~~~
/usr/include/c++/15.2.1/bits/chrono.h:521:36: error: non-constant condition for static assertion
  521 |         static_assert(_Period::num > 0, "period must be positive");
      |                                ~~~~^~~
/usr/include/c++/15.2.1/bits/chrono.h: In instantiation of ‘class blender::std::chrono::duration<long double, blender::std::ratio<1, 1000000> >’:
/usr/include/c++/15.2.1/bits/chrono.h:1423:37:   required from here
 1423 |     operator""us(long double __usecs)
      |                                     ^
/usr/include/c++/15.2.1/bits/chrono.h:517:45: error: ‘value’ is not a member of ‘blender::std::chrono::__is_duration<long double>’
  517 |         static_assert(!__is_duration<_Rep>::value,
      |                                             ^~~~~
/usr/include/c++/15.2.1/bits/chrono.h:519:44: error: ‘value’ is not a member of ‘blender::std::__is_ratio<blender::std::ratio<1, 1000000> >’
  519 |         static_assert(__is_ratio<_Period>::value,
      |                                            ^~~~~
/usr/include/c++/15.2.1/ratio: In instantiation of ‘constexpr const intmax_t blender::std::ratio<1, 1000000>::num’:
/usr/include/c++/15.2.1/ratio:284:31:   required from ‘struct blender::std::ratio<1, 1000000>’
  284 |       typedef ratio<num, den> type;
      |                               ^~~~
/usr/include/c++/15.2.1/bits/chrono.h:521:25:   required from ‘class blender::std::chrono::duration<long double, blender::std::ratio<1, 1000000> >’
  521 |         static_assert(_Period::num > 0, "period must be positive");
      |                                ^~~
/usr/include/c++/15.2.1/bits/chrono.h:1423:37:   required from here
 1423 |     operator""us(long double __usecs)
      |                                     ^
/usr/include/c++/15.2.1/ratio:279:37: error: incomplete type ‘blender::std::__static_sign<1000000>’ used in nested name specifier
  279 |         _Num * __static_sign<_Den>::value / __static_gcd<_Num, _Den>::value;
      |                                     ^~~~~
/usr/include/c++/15.2.1/ratio: In instantiation of ‘struct blender::std::__static_gcd<1000000, 1>’:
/usr/include/c++/15.2.1/ratio:72:12:   required from ‘struct blender::std::__static_gcd<1, 1000000>’
   72 |     struct __static_gcd
      |            ^~~~~~~~~~~~
/usr/include/c++/15.2.1/ratio:279:71:   required from ‘constexpr const intmax_t blender::std::ratio<1, 1000000>::num’
  279 |         _Num * __static_sign<_Den>::value / __static_gcd<_Num, _Den>::value;
      |                                                                       ^~~~~
/usr/include/c++/15.2.1/ratio:284:31:   required from ‘struct blender::std::ratio<1, 1000000>’
  284 |       typedef ratio<num, den> type;
      |                               ^~~~
/usr/include/c++/15.2.1/bits/chrono.h:521:25:   required from ‘class blender::std::chrono::duration<long double, blender::std::ratio<1, 1000000> >’
  521 |         static_assert(_Period::num > 0, "period must be positive");
      |                                ^~~
/usr/include/c++/15.2.1/bits/chrono.h:1423:37:   required from here
 1423 |     operator""us(long double __usecs)
      |                                     ^
/usr/include/c++/15.2.1/ratio:72:12: error: invalid use of incomplete type ‘struct blender::std::__static_gcd<1, 0>’
   72 |     struct __static_gcd
      |            ^~~~~~~~~~~~
/usr/include/c++/15.2.1/ratio:72:12: note: declaration of ‘struct blender::std::__static_gcd<1, 0>’
/usr/include/c++/15.2.1/ratio: In instantiation of ‘constexpr const intmax_t blender::std::ratio<1, 1000000>::num’:
/usr/include/c++/15.2.1/ratio:284:31:   required from ‘struct blender::std::ratio<1, 1000000>’
  284 |       typedef ratio<num, den> type;
      |                               ^~~~
/usr/include/c++/15.2.1/bits/chrono.h:521:25:   required from ‘class blender::std::chrono::duration<long double, blender::std::ratio<1, 1000000> >’
  521 |         static_assert(_Period::num > 0, "period must be positive");
      |                                ^~~
/usr/include/c++/15.2.1/bits/chrono.h:1423:37:   required from here
 1423 |     operator""us(long double __usecs)
      |                                     ^
/usr/include/c++/15.2.1/ratio:279:71: error: ‘value’ is not a member of ‘blender::std::__static_gcd<1, 1000000>’
  279 |         _Num * __static_sign<_Den>::value / __static_gcd<_Num, _Den>::value;
      |                                                                       ^~~~~
/usr/include/c++/15.2.1/ratio: In instantiation of ‘constexpr const intmax_t blender::std::ratio<1, 1000000>::den’:
/usr/include/c++/15.2.1/ratio:284:31:   required from ‘struct blender::std::ratio<1, 1000000>’
  284 |       typedef ratio<num, den> type;
      |                               ^~~~
/usr/include/c++/15.2.1/bits/chrono.h:521:25:   required from ‘class blender::std::chrono::duration<long double, blender::std::ratio<1, 1000000> >’
  521 |         static_assert(_Period::num > 0, "period must be positive");
      |                                ^~~
/usr/include/c++/15.2.1/bits/chrono.h:1423:37:   required from here
 1423 |     operator""us(long double __usecs)
      |                                     ^
/usr/include/c++/15.2.1/ratio:282:29: error: incomplete type ‘blender::std::__static_abs<1000000>’ used in nested name specifier
  282 |         __static_abs<_Den>::value / __static_gcd<_Num, _Den>::value;
      |                             ^~~~~
/usr/include/c++/15.2.1/ratio:282:63: error: ‘value’ is not a member of ‘blender::std::__static_gcd<1, 1000000>’
  282 |         __static_abs<_Den>::value / __static_gcd<_Num, _Den>::value;
      |                                                               ^~~~~
/usr/include/c++/15.2.1/bits/chrono.h: In instantiation of ‘class blender::std::chrono::duration<long double, blender::std::ratio<1, 1000000> >’:
/usr/include/c++/15.2.1/bits/chrono.h:1423:37:   required from here
 1423 |     operator""us(long double __usecs)
      |                                     ^
/usr/include/c++/15.2.1/bits/chrono.h:521:36: error: non-constant condition for static assertion
  521 |         static_assert(_Period::num > 0, "period must be positive");
      |                                ~~~~^~~
/usr/include/c++/15.2.1/bits/chrono.h: In function ‘constexpr blender::std::chrono::duration<long double, blender::std::ratio<1, 1000000> > blender::std::literals::chrono_literals::operator""us(long double)’:
/usr/include/c++/15.2.1/bits/chrono.h:1424:58: error: no matching function for call to ‘blender::std::chrono::duration<long double, blender::std::ratio<1, 1000000> >::duration(<brace-enclosed initializer list>)’
 1424 |     { return chrono::duration<long double, micro>{__usecs}; }
      |                                                          ^
/usr/include/c++/15.2.1/bits/chrono.h:1424:58: note: there are 4 candidates
/usr/include/c++/15.2.1/bits/chrono.h:585:21: note: candidate 1: ‘template<class _Rep2, class _Period2, class> constexpr blender::std::chrono::duration<_Rep, _Period>::duration(const blender::std::chrono::duration<_Rep, _Period>&) [with _Period2 = _Rep2; <template-parameter-2-3> = _Period2; _Rep = long double; _Period = blender::std::ratio<1, 1000000>]’
  585 |           constexpr duration(const duration<_Rep2, _Period2>& __d)
      |                     ^~~~~~~~
/usr/include/c++/15.2.1/bits/chrono.h:585:21: note: template argument deduction/substitution failed:
/usr/include/c++/15.2.1/bits/chrono.h:1424:58: note:   mismatched types ‘const blender::std::chrono::duration<_Rep1, _Period1>’ and ‘long double’
 1424 |     { return chrono::duration<long double, micro>{__usecs}; }
      |                                                          ^
/usr/include/c++/15.2.1/bits/chrono.h:577:30: note: candidate 2: ‘template<class _Rep2, class> constexpr blender::std::chrono::duration<_Rep, _Period>::duration(const _Rep2&) [with <template-parameter-2-2> = _Rep2; _Rep = long double; _Period = blender::std::ratio<1, 1000000>]’
  577 |           constexpr explicit duration(const _Rep2& __rep)
      |                              ^~~~~~~~
/usr/include/c++/15.2.1/bits/chrono.h:577:30: note: template argument deduction/substitution failed:
/usr/include/c++/15.2.1/bits/chrono.h:570:9: note: candidate 3: ‘constexpr blender::std::chrono::duration<_Rep, _Period>::duration(const blender::std::chrono::duration<_Rep, _Period>&) [with _Rep = long double; _Period = blender::std::ratio<1, 1000000>]’
  570 |         duration(const duration&) = default;
      |         ^~~~~~~~
/usr/include/c++/15.2.1/bits/chrono.h:570:18: note: no known conversion for argument 1 from ‘long double’ to ‘const blender::std::chrono::duration<long double, blender::std::ratio<1, 1000000> >&’
  570 |         duration(const duration&) = default;
      |                  ^~~~~~~~~~~~~~~
/usr/include/c++/15.2.1/bits/chrono.h:568:19: note: candidate 4: ‘blender::std::chrono::duration<_Rep, _Period>::duration() [with _Rep = long double; _Period = blender::std::ratio<1, 1000000>]’
  568 |         constexpr duration() = default;
      |                   ^~~~~~~~
/usr/include/c++/15.2.1/bits/chrono.h:568:19: note: candidate expects 0 arguments, 1 provided
/usr/include/c++/15.2.1/bits/chrono.h: In instantiation of ‘class blender::std::chrono::duration<long int, blender::std::ratio<1, 1000000> >’:
/usr/include/c++/15.2.1/bits/chrono.h:1429:20:   required from here
 1429 |       operator""us()
      |                    ^
/usr/include/c++/15.2.1/bits/chrono.h:517:45: error: ‘value’ is not a member of ‘blender::std::chrono::__is_duration<long int>’
  517 |         static_assert(!__is_duration<_Rep>::value,
      |                                             ^~~~~
/usr/include/c++/15.2.1/bits/chrono.h:519:44: error: ‘value’ is not a member of ‘blender::std::__is_ratio<blender::std::ratio<1, 1000000> >’
  519 |         static_assert(__is_ratio<_Period>::value,
      |                                            ^~~~~
/usr/include/c++/15.2.1/bits/chrono.h:521:36: error: non-constant condition for static assertion
  521 |         static_assert(_Period::num > 0, "period must be positive");
      |                                ~~~~^~~
/usr/include/c++/15.2.1/bits/chrono.h: In instantiation of ‘class blender::std::chrono::duration<long double, blender::std::ratio<1, 1000000000> >’:
/usr/include/c++/15.2.1/bits/chrono.h:1434:37:   required from here
 1434 |     operator""ns(long double __nsecs)
      |                                     ^
/usr/include/c++/15.2.1/bits/chrono.h:517:45: error: ‘value’ is not a member of ‘blender::std::chrono::__is_duration<long double>’
  517 |         static_assert(!__is_duration<_Rep>::value,
      |                                             ^~~~~
/usr/include/c++/15.2.1/bits/chrono.h:519:44: error: ‘value’ is not a member of ‘blender::std::__is_ratio<blender::std::ratio<1, 1000000000> >’
  519 |         static_assert(__is_ratio<_Period>::value,
      |                                            ^~~~~
/usr/include/c++/15.2.1/bits/chrono.h:521:36: error: non-constant condition for static assertion
  521 |         static_assert(_Period::num > 0, "period must be positive");
      |                                ~~~~^~~
/usr/include/c++/15.2.1/bits/chrono.h: In function ‘constexpr blender::std::chrono::duration<long double, blender::std::ratio<1, 1000000000> > blender::std::literals::chrono_literals::operator""ns(long double)’:
/usr/include/c++/15.2.1/bits/chrono.h:1435:57: error: no matching function for call to ‘blender::std::chrono::duration<long double, blender::std::ratio<1, 1000000000> >::duration(<brace-enclosed initializer list>)’
 1435 |     { return chrono::duration<long double, nano>{__nsecs}; }
      |                                                         ^
/usr/include/c++/15.2.1/bits/chrono.h:1435:57: note: there are 4 candidates
/usr/include/c++/15.2.1/bits/chrono.h:585:21: note: candidate 1: ‘template<class _Rep2, class _Period2, class> constexpr blender::std::chrono::duration<_Rep, _Period>::duration(const blender::std::chrono::duration<_Rep, _Period>&) [with _Period2 = _Rep2; <template-parameter-2-3> = _Period2; _Rep = long double; _Period = blender::std::ratio<1, 1000000000>]’
  585 |           constexpr duration(const duration<_Rep2, _Period2>& __d)
      |                     ^~~~~~~~
/usr/include/c++/15.2.1/bits/chrono.h:585:21: note: template argument deduction/substitution failed:
/usr/include/c++/15.2.1/bits/chrono.h:1435:57: note:   mismatched types ‘const blender::std::chrono::duration<_Rep1, _Period1>’ and ‘long double’
 1435 |     { return chrono::duration<long double, nano>{__nsecs}; }
      |                                                         ^
/usr/include/c++/15.2.1/bits/chrono.h:577:30: note: candidate 2: ‘template<class _Rep2, class> constexpr blender::std::chrono::duration<_Rep, _Period>::duration(const _Rep2&) [with <template-parameter-2-2> = _Rep2; _Rep = long double; _Period = blender::std::ratio<1, 1000000000>]’
  577 |           constexpr explicit duration(const _Rep2& __rep)
      |                              ^~~~~~~~
/usr/include/c++/15.2.1/bits/chrono.h:577:30: note: template argument deduction/substitution failed:
/usr/include/c++/15.2.1/bits/chrono.h:570:9: note: candidate 3: ‘constexpr blender::std::chrono::duration<_Rep, _Period>::duration(const blender::std::chrono::duration<_Rep, _Period>&) [with _Rep = long double; _Period = blender::std::ratio<1, 1000000000>]’
  570 |         duration(const duration&) = default;
      |         ^~~~~~~~
/usr/include/c++/15.2.1/bits/chrono.h:570:18: note: no known conversion for argument 1 from ‘long double’ to ‘const blender::std::chrono::duration<long double, blender::std::ratio<1, 1000000000> >&’
  570 |         duration(const duration&) = default;
      |                  ^~~~~~~~~~~~~~~
/usr/include/c++/15.2.1/bits/chrono.h:568:19: note: candidate 4: ‘blender::std::chrono::duration<_Rep, _Period>::duration() [with _Rep = long double; _Period = blender::std::ratio<1, 1000000000>]’
  568 |         constexpr duration() = default;
      |                   ^~~~~~~~
/usr/include/c++/15.2.1/bits/chrono.h:568:19: note: candidate expects 0 arguments, 1 provided
/usr/include/c++/15.2.1/bits/chrono.h: At global scope:
/usr/include/c++/15.2.1/bits/chrono.h:1490:64: error: no matching function for call to ‘blender::std::chrono::duration<long int>::duration(<brace-enclosed initializer list>)’
 1490 |       static constexpr chrono::seconds _S_epoch_diff{6437664000};
      |                                                                ^
/usr/include/c++/15.2.1/bits/chrono.h:1490:64: note: there are 4 candidates
/usr/include/c++/15.2.1/bits/chrono.h:585:21: note: candidate 1: ‘template<class _Rep2, class _Period2, class> constexpr blender::std::chrono::duration<_Rep, _Period>::duration(const blender::std::chrono::duration<_Rep, _Period>&) [with _Period2 = _Rep2; <template-parameter-2-3> = _Period2; _Rep = long int; _Period = blender::std::ratio<1>]’
  585 |           constexpr duration(const duration<_Rep2, _Period2>& __d)
      |                     ^~~~~~~~
/usr/include/c++/15.2.1/bits/chrono.h:585:21: note: template argument deduction/substitution failed:
/usr/include/c++/15.2.1/bits/chrono.h:1490:64: note:   mismatched types ‘const blender::std::chrono::duration<_Rep1, _Period1>’ and ‘long int’
 1490 |       static constexpr chrono::seconds _S_epoch_diff{6437664000};
      |                                                                ^
/usr/include/c++/15.2.1/bits/chrono.h:577:30: note: candidate 2: ‘template<class _Rep2, class> constexpr blender::std::chrono::duration<_Rep, _Period>::duration(const _Rep2&) [with <template-parameter-2-2> = _Rep2; _Rep = long int; _Period = blender::std::ratio<1>]’
  577 |           constexpr explicit duration(const _Rep2& __rep)
      |                              ^~~~~~~~
/usr/include/c++/15.2.1/bits/chrono.h:577:30: note: template argument deduction/substitution failed:
/usr/include/c++/15.2.1/bits/chrono.h:570:9: note: candidate 3: ‘constexpr blender::std::chrono::duration<_Rep, _Period>::duration(const blender::std::chrono::duration<_Rep, _Period>&) [with _Rep = long int; _Period = blender::std::ratio<1>]’
  570 |         duration(const duration&) = default;
      |         ^~~~~~~~
/usr/include/c++/15.2.1/bits/chrono.h:570:18: note: no known conversion for argument 1 from ‘long int’ to ‘const blender::std::chrono::duration<long int>&’
  570 |         duration(const duration&) = default;
      |                  ^~~~~~~~~~~~~~~
/usr/include/c++/15.2.1/bits/chrono.h:568:19: note: candidate 4: ‘blender::std::chrono::duration<_Rep, _Period>::duration() [with _Rep = long int; _Period = blender::std::ratio<1>]’
  568 |         constexpr duration() = default;
      |                   ^~~~~~~~
/usr/include/c++/15.2.1/bits/chrono.h:568:19: note: candidate expects 0 arguments, 1 provided
/usr/include/c++/15.2.1/bits/chrono.h:1490:64: error: could not convert ‘{6437664000}’ from ‘<brace-enclosed initializer list>’ to ‘const blender::std::chrono::seconds’ {aka ‘const blender::std::chrono::duration<long int>’}
 1490 |       static constexpr chrono::seconds _S_epoch_diff{6437664000};
      |                                                                ^
      |                                                                |
      |                                                                <brace-enclosed initializer list>
/usr/include/c++/15.2.1/bits/chrono.h:1496:42: error: ‘common_type_t’ was not declared in this scope; did you mean ‘std::common_type_t’?
 1496 |         chrono::time_point<__file_clock, common_type_t<_Dur, chrono::seconds>>
      |                                          ^~~~~~~~~~~~~
      |                                          std::common_type_t
/usr/include/c++/15.2.1/type_traits:2846:11: note: ‘std::common_type_t’ declared here
 2846 |     using common_type_t = typename common_type<_Tp...>::type;
      |           ^~~~~~~~~~~~~
/usr/include/c++/15.2.1/bits/chrono.h:1496:70: error: wrong number of template arguments (3, should be at least 1)
 1496 |         chrono::time_point<__file_clock, common_type_t<_Dur, chrono::seconds>>
      |                                                                      ^~~~~~~
/usr/include/c++/15.2.1/bits/chrono.h:72:13: note: provided for ‘template<class _Clock, class _Dur> class blender::std::chrono::time_point’
   72 |       class time_point;
      |             ^~~~~~~~~~
/usr/include/c++/15.2.1/bits/chrono.h:1496:77: error: expected unqualified-id before ‘>’ token
 1496 |         chrono::time_point<__file_clock, common_type_t<_Dur, chrono::seconds>>
      |                                                                             ^~
/usr/include/c++/15.2.1/bits/chrono.h:1507:41: error: ‘common_type_t’ was not declared in this scope; did you mean ‘std::common_type_t’?
 1507 |         chrono::time_point<__sys_clock, common_type_t<_Dur, chrono::seconds>>
      |                                         ^~~~~~~~~~~~~
      |                                         std::common_type_t
/usr/include/c++/15.2.1/type_traits:2846:11: note: ‘std::common_type_t’ declared here
 2846 |     using common_type_t = typename common_type<_Tp...>::type;
      |           ^~~~~~~~~~~~~
/usr/include/c++/15.2.1/bits/chrono.h:1507:69: error: wrong number of template arguments (3, should be at least 1)
 1507 |         chrono::time_point<__sys_clock, common_type_t<_Dur, chrono::seconds>>
      |                                                                     ^~~~~~~
/usr/include/c++/15.2.1/bits/chrono.h:72:13: note: provided for ‘template<class _Clock, class _Dur> class blender::std::chrono::time_point’
   72 |       class time_point;
      |             ^~~~~~~~~~
/usr/include/c++/15.2.1/bits/chrono.h:1507:76: error: expected unqualified-id before ‘>’ token
 1507 |         chrono::time_point<__sys_clock, common_type_t<_Dur, chrono::seconds>>
      |                                                                            ^~
/usr/include/c++/15.2.1/bits/chrono.h: In instantiation of ‘class blender::std::chrono::time_point<blender::std::filesystem::__file_clock>’:
/usr/include/c++/15.2.1/bits/chrono.h:1467:7:   required from here
 1467 |       { return _S_from_sys(chrono::system_clock::now()); }
      |       ^
/usr/include/c++/15.2.1/bits/chrono.h:928:44: error: ‘value’ is not a member of ‘blender::std::chrono::__is_duration<blender::std::chrono::duration<long int, blender::std::ratio<1, 1000000000> > >’
  928 |         static_assert(__is_duration<_Dur>::value,
      |                                            ^~~~~
/usr/include/c++/15.2.1/bits/chrono.h: In static member function ‘static blender::std::filesystem::__file_clock::time_point blender::std::filesystem::__file_clock::now()’:
/usr/include/c++/15.2.1/bits/chrono.h:1467:16: error: ‘_S_from_sys’ was not declared in this scope
 1467 |       { return _S_from_sys(chrono::system_clock::now()); }
      |                ^~~~~~~~~~~
/usr/include/c++/15.2.1/bits/this_thread_sleep.h: In function ‘void blender::std::this_thread::sleep_for(const blender::std::chrono::duration<_Rep1, _Period1>&)’:
/usr/include/c++/15.2.1/bits/this_thread_sleep.h:74:28: error: ‘duration_cast’ is not a member of ‘blender::std::chrono’; did you mean ‘duration_values’? [-Wtemplate-body]
   74 |         auto __s = chrono::duration_cast<chrono::seconds>(__rtime);
      |                            ^~~~~~~~~~~~~
      |                            duration_values
/usr/include/c++/15.2.1/bits/this_thread_sleep.h:74:57: error: expected primary-expression before ‘>’ token [-Wtemplate-body]
   74 |         auto __s = chrono::duration_cast<chrono::seconds>(__rtime);
      |                                                         ^
/usr/include/c++/15.2.1/bits/this_thread_sleep.h:75:29: error: ‘duration_cast’ is not a member of ‘blender::std::chrono’; did you mean ‘duration_values’? [-Wtemplate-body]
   75 |         auto __ns = chrono::duration_cast<chrono::nanoseconds>(__rtime - __s);
      |                             ^~~~~~~~~~~~~
      |                             duration_values
/usr/include/c++/15.2.1/bits/this_thread_sleep.h:75:62: error: expected primary-expression before ‘>’ token [-Wtemplate-body]
   75 |         auto __ns = chrono::duration_cast<chrono::nanoseconds>(__rtime - __s);
      |                                                              ^
/usr/include/c++/15.2.1/thread: At global scope:
/usr/include/c++/15.2.1/thread:106:12: error: ‘basic_ostream’ does not name a type
  106 |     inline basic_ostream<_CharT, _Traits>&
      |            ^~~~~~~~~~~~~
/usr/include/python3.14/internal/mimalloc/mimalloc/types.h:238:3: error: ‘atomic’ in namespace ‘blender::std’ does not name a template type
  238 |   _Atomic(mi_encoded_t) next;
      |   ^~~~~~~
/usr/include/python3.14/internal/mimalloc/mimalloc/types.h:334:3: error: ‘atomic’ in namespace ‘blender::std’ does not name a template type
  334 |   _Atomic(mi_thread_free_t) xthread_free;  // list of deferred free blocks freed by other threads
      |   ^~~~~~~
/usr/include/python3.14/internal/mimalloc/mimalloc/types.h:335:3: error: ‘atomic’ in namespace ‘blender::std’ does not name a template type
  335 |   _Atomic(uintptr_t)        xheap;
      |   ^~~~~~~
/usr/include/python3.14/internal/mimalloc/mimalloc/types.h:452:3: error: ‘atomic’ in namespace ‘blender::std’ does not name a template type
  452 |   _Atomic(struct mi_segment_s*) abandoned_next;
      |   ^~~~~~~
/usr/include/python3.14/internal/mimalloc/mimalloc/types.h:468:3: error: ‘atomic’ in namespace ‘blender::std’ does not name a template type
  468 |   _Atomic(mi_threadid_t) thread_id;      // unique id of the thread owning this segment
      |   ^~~~~~~
/usr/include/python3.14/internal/mimalloc/mimalloc/types.h:480:23: error: ‘atomic’ in namespace ‘blender::std’ does not name a template type
  480 |   mi_decl_cache_align _Atomic(mi_segment_t*)       abandoned_visited; // = NULL
      |                       ^~~~~~~
/usr/include/python3.14/internal/mimalloc/mimalloc/types.h:483:23: error: ‘atomic’ in namespace ‘blender::std’ does not name a template type
  483 |   mi_decl_cache_align _Atomic(mi_tagged_segment_t) abandoned;         // = NULL
      |                       ^~~~~~~
/usr/include/python3.14/internal/mimalloc/mimalloc/types.h:486:23: error: ‘atomic’ in namespace ‘blender::std’ does not name a template type
  486 |   mi_decl_cache_align _Atomic(size_t)           abandoned_count;
      |                       ^~~~~~~
/usr/include/python3.14/internal/mimalloc/mimalloc/types.h:487:23: error: ‘atomic’ in namespace ‘blender::std’ does not name a template type
  487 |   mi_decl_cache_align _Atomic(size_t)           abandoned_visited_count;
      |                       ^~~~~~~
/usr/include/python3.14/internal/mimalloc/mimalloc/types.h:492:23: error: ‘atomic’ in namespace ‘blender::std’ does not name a template type
  492 |   mi_decl_cache_align _Atomic(size_t)           abandoned_readers; // = 0
      |                       ^~~~~~~
/usr/include/python3.14/internal/mimalloc/mimalloc/types.h:551:3: error: ‘atomic’ in namespace ‘blender::std’ does not name a template type
  551 |   _Atomic(mi_block_t*)  thread_delayed_free;
      |   ^~~~~~~
/usr/include/python3.14/internal/mimalloc/mimalloc/internal.h: In function ‘blender::mi_block_t* blender::mi_page_thread_free(const mi_page_t*)’:
/usr/include/python3.14/internal/mimalloc/mimalloc/internal.h:489:24: error: ‘atomic_load_explicit’ is not a member of ‘blender::std’; did you mean ‘std::atomic_load_explicit’?
  489 |   return (mi_block_t*)(mi_atomic_load_relaxed(&((mi_page_t*)page)->xthread_free) & ~3);
      |                        ^~~~~~~~~~~~~~~~~~~~~~
In file included from /build/blender-git-jnd/src/blender/source/blender/blenlib/BLI_implicit_sharing.hh:11,
                 from /build/blender-git-jnd/src/blender/source/blender/blenlib/BLI_implicit_sharing_ptr.hh:14,
                 from /build/blender-git-jnd/src/blender/source/blender/blenkernel/BKE_idtype.hh:17,
                 from /build/blender-git-jnd/src/blender/source/blender/python/intern/bpy_driver.cc:23:
/usr/include/c++/15.2.1/atomic:1337:5: note: ‘std::atomic_load_explicit’ declared here
 1337 |     atomic_load_explicit(const volatile atomic<_ITp>* __a,
      |     ^~~~~~~~~~~~~~~~~~~~
/usr/include/python3.14/internal/mimalloc/mimalloc/internal.h:489:24: error: ‘blender::mi_page_t’ {aka ‘struct blender::mi_page_s’} has no member named ‘xthread_free’
  489 |   return (mi_block_t*)(mi_atomic_load_relaxed(&((mi_page_t*)page)->xthread_free) & ~3);
      |                        ^~~~~~~~~~~~~~~~~~~~~~
/usr/include/python3.14/internal/mimalloc/mimalloc/internal.h:489:24: error: ‘memory_order_relaxed’ is not a member of ‘blender::std’; did you mean ‘std::memory_order_relaxed’?
  489 |   return (mi_block_t*)(mi_atomic_load_relaxed(&((mi_page_t*)page)->xthread_free) & ~3);
      |                        ^~~~~~~~~~~~~~~~~~~~~~
In file included from /usr/include/c++/15.2.1/bits/shared_ptr_atomic.h:33,
                 from /usr/include/c++/15.2.1/memory:83,
                 from /build/blender-git-jnd/src/blender/source/blender/blenlib/BLI_memory_utils.hh:12,
                 from /build/blender-git-jnd/src/blender/source/blender/blenlib/BLI_span.hh:65:
/usr/include/c++/15.2.1/bits/atomic_base.h:84:7: note: ‘std::memory_order_relaxed’ declared here
   84 |       memory_order_relaxed,
      |       ^~~~~~~~~~~~~~~~~~~~
/usr/include/python3.14/internal/mimalloc/mimalloc/internal.h: In function ‘blender::mi_delayed_t blender::mi_page_thread_free_flag(const mi_page_t*)’:
/usr/include/python3.14/internal/mimalloc/mimalloc/internal.h:493:25: error: ‘atomic_load_explicit’ is not a member of ‘blender::std’; did you mean ‘std::atomic_load_explicit’?
  493 |   return (mi_delayed_t)(mi_atomic_load_relaxed(&((mi_page_t*)page)->xthread_free) & 3);
      |                         ^~~~~~~~~~~~~~~~~~~~~~
/usr/include/c++/15.2.1/atomic:1337:5: note: ‘std::atomic_load_explicit’ declared here
 1337 |     atomic_load_explicit(const volatile atomic<_ITp>* __a,
      |     ^~~~~~~~~~~~~~~~~~~~
/usr/include/python3.14/internal/mimalloc/mimalloc/internal.h:493:25: error: ‘blender::mi_page_t’ {aka ‘struct blender::mi_page_s’} has no member named ‘xthread_free’
  493 |   return (mi_delayed_t)(mi_atomic_load_relaxed(&((mi_page_t*)page)->xthread_free) & 3);
      |                         ^~~~~~~~~~~~~~~~~~~~~~
/usr/include/python3.14/internal/mimalloc/mimalloc/internal.h:493:25: error: ‘memory_order_relaxed’ is not a member of ‘blender::std’; did you mean ‘std::memory_order_relaxed’?
  493 |   return (mi_delayed_t)(mi_atomic_load_relaxed(&((mi_page_t*)page)->xthread_free) & 3);
      |                         ^~~~~~~~~~~~~~~~~~~~~~
/usr/include/c++/15.2.1/bits/atomic_base.h:84:7: note: ‘std::memory_order_relaxed’ declared here
   84 |       memory_order_relaxed,
      |       ^~~~~~~~~~~~~~~~~~~~
/usr/include/python3.14/internal/mimalloc/mimalloc/internal.h: In function ‘blender::mi_heap_t* blender::mi_page_heap(const mi_page_t*)’:
/usr/include/python3.14/internal/mimalloc/mimalloc/internal.h:498:23: error: ‘atomic_load_explicit’ is not a member of ‘blender::std’; did you mean ‘std::atomic_load_explicit’?
  498 |   return (mi_heap_t*)(mi_atomic_load_relaxed(&((mi_page_t*)page)->xheap));
      |                       ^~~~~~~~~~~~~~~~~~~~~~
/usr/include/c++/15.2.1/atomic:1337:5: note: ‘std::atomic_load_explicit’ declared here
 1337 |     atomic_load_explicit(const volatile atomic<_ITp>* __a,
      |     ^~~~~~~~~~~~~~~~~~~~
/usr/include/python3.14/internal/mimalloc/mimalloc/internal.h:498:23: error: ‘blender::mi_page_t’ {aka ‘struct blender::mi_page_s’} has no member named ‘xheap’
  498 |   return (mi_heap_t*)(mi_atomic_load_relaxed(&((mi_page_t*)page)->xheap));
      |                       ^~~~~~~~~~~~~~~~~~~~~~
/usr/include/python3.14/internal/mimalloc/mimalloc/internal.h:498:23: error: ‘memory_order_relaxed’ is not a member of ‘blender::std’; did you mean ‘std::memory_order_relaxed’?
  498 |   return (mi_heap_t*)(mi_atomic_load_relaxed(&((mi_page_t*)page)->xheap));
      |                       ^~~~~~~~~~~~~~~~~~~~~~
/usr/include/c++/15.2.1/bits/atomic_base.h:84:7: note: ‘std::memory_order_relaxed’ declared here
   84 |       memory_order_relaxed,
      |       ^~~~~~~~~~~~~~~~~~~~
/usr/include/python3.14/internal/mimalloc/mimalloc/internal.h: In function ‘void blender::mi_page_set_heap(mi_page_t*, mi_heap_t*)’:
/usr/include/python3.14/internal/mimalloc/mimalloc/internal.h:503:3: error: ‘atomic_store_explicit’ is not a member of ‘blender::std’; did you mean ‘std::atomic_store_explicit’?
  503 |   mi_atomic_store_release(&page->xheap,(uintptr_t)heap);
      |   ^~~~~~~~~~~~~~~~~~~~~~~
/usr/include/c++/15.2.1/atomic:1326:5: note: ‘std::atomic_store_explicit’ declared here
 1326 |     atomic_store_explicit(volatile atomic<_ITp>* __a, __atomic_val_t<_ITp> __i,
      |     ^~~~~~~~~~~~~~~~~~~~~
/usr/include/python3.14/internal/mimalloc/mimalloc/internal.h:503:3: error: ‘blender::mi_page_t’ {aka ‘struct blender::mi_page_s’} has no member named ‘xheap’
  503 |   mi_atomic_store_release(&page->xheap,(uintptr_t)heap);
      |   ^~~~~~~~~~~~~~~~~~~~~~~
/usr/include/python3.14/internal/mimalloc/mimalloc/internal.h:503:3: error: ‘memory_order_release’ is not a member of ‘blender::std’; did you mean ‘std::memory_order_release’?
  503 |   mi_atomic_store_release(&page->xheap,(uintptr_t)heap);
      |   ^~~~~~~~~~~~~~~~~~~~~~~
/usr/include/c++/15.2.1/bits/atomic_base.h:87:7: note: ‘std::memory_order_release’ declared here
   87 |       memory_order_release,
      |       ^~~~~~~~~~~~~~~~~~~~
/usr/include/python3.14/internal/mimalloc/mimalloc/internal.h: In function ‘blender::mi_block_t* blender::mi_block_nextx(const void*, const mi_block_t*, const uintptr_t*)’:
/usr/include/python3.14/internal/mimalloc/mimalloc/internal.h:640:23: error: ‘atomic_load_explicit’ is not a member of ‘blender::std’; did you mean ‘std::atomic_load_explicit’?
  640 |   next = (mi_block_t*)mi_atomic_load_relaxed((_Atomic(mi_encoded_t)*)&block->next);
      |                       ^~~~~~~~~~~~~~~~~~~~~~
/usr/include/c++/15.2.1/atomic:1337:5: note: ‘std::atomic_load_explicit’ declared here
 1337 |     atomic_load_explicit(const volatile atomic<_ITp>* __a,
      |     ^~~~~~~~~~~~~~~~~~~~
/usr/include/python3.14/internal/mimalloc/mimalloc/internal.h:640:47: error: ‘atomic’ is not a member of ‘blender::std’; did you mean ‘std::atomic’?
  640 |   next = (mi_block_t*)mi_atomic_load_relaxed((_Atomic(mi_encoded_t)*)&block->next);
      |                                               ^~~~~~~
/usr/include/c++/15.2.1/bits/atomic_base.h:173:12: note: ‘std::atomic’ declared here
  173 |     struct atomic;
      |            ^~~~~~
/usr/include/python3.14/internal/mimalloc/mimalloc/internal.h:640:47: error: expected primary-expression before ‘>’ token
  640 |   next = (mi_block_t*)mi_atomic_load_relaxed((_Atomic(mi_encoded_t)*)&block->next);
      |                                               ^~~~~~~
/usr/include/python3.14/internal/mimalloc/mimalloc/internal.h:640:23: error: expected primary-expression before ‘)’ token
  640 |   next = (mi_block_t*)mi_atomic_load_relaxed((_Atomic(mi_encoded_t)*)&block->next);
      |                       ^~~~~~~~~~~~~~~~~~~~~~
/usr/include/python3.14/internal/mimalloc/mimalloc/internal.h:640:23: error: ‘const blender::mi_block_t’ {aka ‘const struct blender::mi_block_s’} has no member named ‘next’
  640 |   next = (mi_block_t*)mi_atomic_load_relaxed((_Atomic(mi_encoded_t)*)&block->next);
      |                       ^~~~~~~~~~~~~~~~~~~~~~
/usr/include/python3.14/internal/mimalloc/mimalloc/internal.h:640:23: error: ‘memory_order_relaxed’ is not a member of ‘blender::std’; did you mean ‘std::memory_order_relaxed’?
  640 |   next = (mi_block_t*)mi_atomic_load_relaxed((_Atomic(mi_encoded_t)*)&block->next);
      |                       ^~~~~~~~~~~~~~~~~~~~~~
/usr/include/c++/15.2.1/bits/atomic_base.h:84:7: note: ‘std::memory_order_relaxed’ declared here
   84 |       memory_order_relaxed,
      |       ^~~~~~~~~~~~~~~~~~~~
/usr/include/python3.14/internal/mimalloc/mimalloc/internal.h: In function ‘void blender::mi_block_set_nextx(const void*, mi_block_t*, const mi_block_t*, const uintptr_t*)’:
/usr/include/python3.14/internal/mimalloc/mimalloc/internal.h:652:3: error: ‘atomic_store_explicit’ is not a member of ‘blender::std’; did you mean ‘std::atomic_store_explicit’?
  652 |   mi_atomic_store_relaxed(&block->next, (mi_encoded_t)next);
      |   ^~~~~~~~~~~~~~~~~~~~~~~
/usr/include/c++/15.2.1/atomic:1326:5: note: ‘std::atomic_store_explicit’ declared here
 1326 |     atomic_store_explicit(volatile atomic<_ITp>* __a, __atomic_val_t<_ITp> __i,
      |     ^~~~~~~~~~~~~~~~~~~~~
/usr/include/python3.14/internal/mimalloc/mimalloc/internal.h:652:3: error: ‘blender::mi_block_t’ {aka ‘struct blender::mi_block_s’} has no member named ‘next’
  652 |   mi_atomic_store_relaxed(&block->next, (mi_encoded_t)next);
      |   ^~~~~~~~~~~~~~~~~~~~~~~
/usr/include/python3.14/internal/mimalloc/mimalloc/internal.h:652:3: error: ‘memory_order_relaxed’ is not a member of ‘blender::std’; did you mean ‘std::memory_order_relaxed’?
  652 |   mi_atomic_store_relaxed(&block->next, (mi_encoded_t)next);
      |   ^~~~~~~~~~~~~~~~~~~~~~~
/usr/include/c++/15.2.1/bits/atomic_base.h:84:7: note: ‘std::memory_order_relaxed’ declared here
   84 |       memory_order_relaxed,
      |       ^~~~~~~~~~~~~~~~~~~~
/usr/include/python3.14/internal/mimalloc/mimalloc/internal.h: At global scope:
/usr/include/python3.14/internal/mimalloc/mimalloc/internal.h:782:8: error: ‘atomic’ in namespace ‘blender::std’ does not name a template type
  782 | extern _Atomic(size_t) _mi_numa_node_count;
      |        ^~~~~~~
In file included from /usr/include/python3.14/internal/pycore_mimalloc.h:45:
/usr/include/python3.14/internal/mimalloc/mimalloc/internal.h: In function ‘int blender::_mi_os_numa_node(mi_os_tld_t*)’:
/usr/include/python3.14/internal/mimalloc/mimalloc/internal.h:784:16: error: ‘atomic_load_explicit’ is not a member of ‘blender::std’; did you mean ‘std::atomic_load_explicit’?
  784 |   if mi_likely(mi_atomic_load_relaxed(&_mi_numa_node_count) == 1) { return 0; }
      |                ^~~~~~~~~~~~~~~~~~~~~~
/usr/include/c++/15.2.1/atomic:1337:5: note: ‘std::atomic_load_explicit’ declared here
 1337 |     atomic_load_explicit(const volatile atomic<_ITp>* __a,
      |     ^~~~~~~~~~~~~~~~~~~~
/usr/include/python3.14/internal/mimalloc/mimalloc/internal.h:784:16: error: ‘_mi_numa_node_count’ was not declared in this scope
  784 |   if mi_likely(mi_atomic_load_relaxed(&_mi_numa_node_count) == 1) { return 0; }
      |                ^~~~~~~~~~~~~~~~~~~~~~
/usr/include/python3.14/internal/mimalloc/mimalloc/internal.h:784:16: error: ‘memory_order_relaxed’ is not a member of ‘blender::std’; did you mean ‘std::memory_order_relaxed’?
  784 |   if mi_likely(mi_atomic_load_relaxed(&_mi_numa_node_count) == 1) { return 0; }
      |                ^~~~~~~~~~~~~~~~~~~~~~
/usr/include/c++/15.2.1/bits/atomic_base.h:84:7: note: ‘std::memory_order_relaxed’ declared here
   84 |       memory_order_relaxed,
      |       ^~~~~~~~~~~~~~~~~~~~
/usr/include/python3.14/internal/mimalloc/mimalloc/internal.h: In function ‘size_t blender::_mi_os_numa_node_count()’:
/usr/include/python3.14/internal/mimalloc/mimalloc/internal.h:788:24: error: ‘atomic_load_explicit’ is not a member of ‘blender::std’; did you mean ‘std::atomic_load_explicit’?
  788 |   const size_t count = mi_atomic_load_relaxed(&_mi_numa_node_count);
      |                        ^~~~~~~~~~~~~~~~~~~~~~
/usr/include/c++/15.2.1/atomic:1337:5: note: ‘std::atomic_load_explicit’ declared here
 1337 |     atomic_load_explicit(const volatile atomic<_ITp>* __a,
      |     ^~~~~~~~~~~~~~~~~~~~
/usr/include/python3.14/internal/mimalloc/mimalloc/internal.h:788:24: error: ‘_mi_numa_node_count’ was not declared in this scope; did you mean ‘_mi_os_numa_node_count’?
  788 |   const size_t count = mi_atomic_load_relaxed(&_mi_numa_node_count);
      |                        ^~~~~~~~~~~~~~~~~~~~~~
/usr/include/python3.14/internal/mimalloc/mimalloc/internal.h:788:24: error: ‘memory_order_relaxed’ is not a member of ‘blender::std’; did you mean ‘std::memory_order_relaxed’?
  788 |   const size_t count = mi_atomic_load_relaxed(&_mi_numa_node_count);
      |                        ^~~~~~~~~~~~~~~~~~~~~~
/usr/include/c++/15.2.1/bits/atomic_base.h:84:7: note: ‘std::memory_order_relaxed’ declared here
   84 |       memory_order_relaxed,
      |       ^~~~~~~~~~~~~~~~~~~~
make[2]: *** [source/blender/python/intern/CMakeFiles/bf_python.dir/build.make:331: source/blender/python/intern/CMakeFiles/bf_python.dir/bpy_driver.cc.o] Error 1
make[1]: *** [CMakeFiles/Makefile2:10517: source/blender/python/intern/CMakeFiles/bf_python.dir/all] Error 2
make[1]: *** Waiting for unfinished jobs....

make: *** [Makefile:166: all] Error 2
make: Leaving directory '/build/blender-git-jnd/src/blender/build'
==> ERROR: A failure occurred in build().
    Aborting...
