
Dans le fichier inclus depuis /usr/include/c++/15.2.1/thread:47,
                 depuis /usr/include/python3.14/internal/mimalloc/mimalloc/atomic.h:325,
                 depuis /usr/include/python3.14/internal/mimalloc/mimalloc/types.h:24,
                 depuis /usr/include/python3.14/internal/pycore_mimalloc.h:44,
                 depuis /usr/include/python3.14/internal/pycore_tstate.h:13,
                 depuis /usr/include/python3.14/internal/pycore_code.h:13,
                 depuis /home/jnd/05-builds/blender-git-jnd/src/blender/source/blender/python/intern/bpy_driver.cc:51:
/usr/include/c++/15.2.1/bits/std_thread.h:110:21: erreur: « hash » n'est pas un patron de classe
  110 |       friend struct hash<id>;
      |                     ^~~~
[ 95%] Building CXX object source/blender/io/alembic/CMakeFiles/bf_io_alembic.dir/exporter/abc_archive.cc.o
/usr/include/c++/15.2.1/bits/std_thread.h:124:16: erreur: « basic_ostream » ne nomme pas un type
  124 |         friend basic_ostream<_CharT, _Traits>&
      |                ^~~~~~~~~~~~~
/usr/include/c++/15.2.1/bits/std_thread.h:140:26: erreur: « __not_ » ne nomme pas un type; vouliez-vous utiliser « __ino_t » ?
  140 |       using __not_same = __not_<is_same<__remove_cvref_t<_Tp>, thread>>;
      |                          ^~~~~~
      |                          __ino_t
/usr/include/c++/15.2.1/bits/std_thread.h:163:25: erreur: « _Require » ne nomme pas un type
  163 |              typename = _Require<__not_same<_Callable>>>
      |                         ^~~~~~~~
/usr/include/c++/15.2.1/bits/std_thread.h:163:33: erreur: expected « > » before « < » token
  163 |              typename = _Require<__not_same<_Callable>>>
      |                                 ^
/usr/include/c++/15.2.1/bits/std_thread.h:241:24: erreur: « unique_ptr » ne nomme pas un type
  241 |     using _State_ptr = unique_ptr<_State>;
      |                        ^~~~~~~~~~
/usr/include/c++/15.2.1/bits/std_thread.h:259:21: erreur: « _State_ptr » n'a pas été déclaré
  259 |     _M_start_thread(_State_ptr, void (*)());
      |                     ^~~~~~~~~~
/usr/include/c++/15.2.1/bits/std_thread.h:296:27: erreur: « tuple » n'a pas été déclaré dans cette portée; vouliez-vous employer « std::tuple » ? [-Wtemplate-body]
  296 |           struct __result<tuple<_Fn, _Args...>>
      |                           ^~~~~
      |                           std::tuple
Dans le fichier inclus depuis /usr/include/c++/15.2.1/bits/stl_algobase.h:64,
                 depuis /usr/include/c++/15.2.1/bits/specfun.h:43,
                 depuis /usr/include/c++/15.2.1/cmath:3913,
                 depuis /usr/include/c++/15.2.1/math.h:36,
                 depuis /usr/include/python3.14/Python.h:23,
                 depuis /home/jnd/05-builds/blender-git-jnd/src/blender/source/blender/python/intern/bpy_driver.cc:13:
/usr/include/c++/15.2.1/bits/stl_pair.h:92:11: note: « std::tuple » déclaré ici
   92 |     class tuple;
      |           ^~~~~
/usr/include/c++/15.2.1/bits/std_thread.h:296:43: erreur: l'argument 1 du patron est invalide [-Wtemplate-body]
  296 |           struct __result<tuple<_Fn, _Args...>>
      |                                           ^~~
/usr/include/c++/15.2.1/bits/std_thread.h:296:46: erreur: expected unqualified-id before « > » token [-Wtemplate-body]
  296 |           struct __result<tuple<_Fn, _Args...>>
      |                                              ^~
/usr/include/c++/15.2.1/bits/std_thread.h:302:21: erreur: « _Index_tuple » n'a pas été déclaré [-Wtemplate-body]
  302 |           _M_invoke(_Index_tuple<_Ind...>)
      |                     ^~~~~~~~~~~~
/usr/include/c++/15.2.1/bits/std_thread.h:302:33: erreur: expected « , » or « ... » before « < » token [-Wtemplate-body]
  302 |           _M_invoke(_Index_tuple<_Ind...>)
      |                                 ^
/usr/include/c++/15.2.1/bits/std_thread.h:317:38: erreur: « tuple » n'a pas été déclaré dans cette portée; vouliez-vous employer « std::tuple » ?
  317 |       using _Call_wrapper = _Invoker<tuple<typename decay<_Tp>::type...>>;
      |                                      ^~~~~
      |                                      std::tuple
/usr/include/c++/15.2.1/bits/stl_pair.h:92:11: note: « std::tuple » déclaré ici
   92 |     class tuple;
      |           ^~~~~
/usr/include/c++/15.2.1/bits/std_thread.h:317:72: erreur: l'argument 1 du patron est invalide
  317 |       using _Call_wrapper = _Invoker<tuple<typename decay<_Tp>::type...>>;
      |                                                                        ^~
/usr/include/c++/15.2.1/bits/std_thread.h: In constructor « blender::std::thread::thread(_Callable&&, _Args&& ...) »:
/usr/include/c++/15.2.1/bits/std_thread.h:167:24: erreur: « __is_invocable » n'a pas été déclaré dans cette portée; vouliez-vous employer « std::__is_invocable » ? [-Wtemplate-body]
  167 |         static_assert( __is_invocable<typename decay<_Callable>::type,
      |                        ^~~~~~~~~~~~~~
      |                        std::__is_invocable
Dans le fichier inclus depuis /usr/include/c++/15.2.1/bits/cpp_type_traits.h:42,
                 depuis /usr/include/c++/15.2.1/cmath:49:
/usr/include/c++/15.2.1/type_traits:3215:12: note: « std::__is_invocable » déclaré ici
 3215 |     struct __is_invocable
      |            ^~~~~~~~~~~~~~
/usr/include/c++/15.2.1/bits/std_thread.h:167:48: erreur: expected nested-name-specifier before « decay » [-Wtemplate-body]
  167 |         static_assert( __is_invocable<typename decay<_Callable>::type,
      |                                                ^~~~~
/usr/include/c++/15.2.1/bits/std_thread.h:167:48: erreur: expected « ( » before « decay » [-Wtemplate-body]
/usr/include/c++/15.2.1/bits/std_thread.h:167:48: erreur: expected « , » before « decay » [-Wtemplate-body]
/usr/include/c++/15.2.1/bits/std_thread.h:167:48: erreur: « decay » n'a pas été déclaré dans cette portée; vouliez-vous employer « std::decay » ? [-Wtemplate-body]
  167 |         static_assert( __is_invocable<typename decay<_Callable>::type,
      |                                                ^~~~~
      |                                                std::decay
/usr/include/c++/15.2.1/type_traits:2387:12: note: « std::decay » déclaré ici
 2387 |     struct decay
      |            ^~~~~
/usr/include/c++/15.2.1/bits/std_thread.h:167:63: erreur: expected primary-expression before « > » token [-Wtemplate-body]
  167 |         static_assert( __is_invocable<typename decay<_Callable>::type,
      |                                                               ^
[ 95%] Building CXX object source/blender/modifiers/CMakeFiles/bf_modifiers.dir/intern/MOD_uvwarp.cc.o
/usr/include/c++/15.2.1/bits/std_thread.h:167:66: erreur: « ::type » n'a pas été déclaré; vouliez-vous employer « wctype » ? [-Wtemplate-body]
  167 |         static_assert( __is_invocable<typename decay<_Callable>::type,
      |                                                                  ^~~~
      |                                                                  wctype
/usr/include/c++/15.2.1/bits/std_thread.h:167:70: erreur: expected « ) » before « , » token [-Wtemplate-body]
  167 |         static_assert( __is_invocable<typename decay<_Callable>::type,
      |                                                                      ^
/usr/include/c++/15.2.1/bits/std_thread.h:167:22: note: pour correspondre à ce « ( »
  167 |         static_assert( __is_invocable<typename decay<_Callable>::type,
      |                      ^
/usr/include/c++/15.2.1/bits/std_thread.h:172:26: erreur: « _Call_wrapper » ne nomme pas un type [-Wtemplate-body]
  172 |         using _Wrapper = _Call_wrapper<_Callable, _Args...>;
      |                          ^~~~~~~~~~~~~
/usr/include/c++/15.2.1/bits/std_thread.h:175:52: erreur: « _Wrapper » n'a pas été déclaré dans cette portée [-Wtemplate-body]
  175 |         _M_start_thread(_State_ptr(new _State_impl<_Wrapper>(
      |                                                    ^~~~~~~~
/usr/include/c++/15.2.1/bits/std_thread.h:175:60: erreur: l'argument 1 du patron est invalide [-Wtemplate-body]
  175 |         _M_start_thread(_State_ptr(new _State_impl<_Wrapper>(
      |                                                            ^
/usr/include/c++/15.2.1/bits/std_thread.h:176:20: erreur: « forward » n'est pas un membre de « blender::std »; vouliez-vous employer « std::forward » ? [-Wtemplate-body]
  176 |               std::forward<_Callable>(__f), std::forward<_Args>(__args)...)),
      |                    ^~~~~~~
Dans le fichier inclus depuis /usr/include/c++/15.2.1/bits/stl_pair.h:61:
/usr/include/c++/15.2.1/bits/move.h:85:5: note: « std::forward » déclaré ici
   85 |     forward(typename std::remove_reference<_Tp>::type&& __t) noexcept
      |     ^~~~~~~
/usr/include/c++/15.2.1/bits/std_thread.h:176:37: erreur: expected primary-expression before « > » token [-Wtemplate-body]
  176 |               std::forward<_Callable>(__f), std::forward<_Args>(__args)...)),
      |                                     ^
/usr/include/c++/15.2.1/bits/std_thread.h:176:50: erreur: « forward » n'est pas un membre de « blender::std »; vouliez-vous employer « std::forward » ? [-Wtemplate-body]
  176 |               std::forward<_Callable>(__f), std::forward<_Args>(__args)...)),
      |                                                  ^~~~~~~
/usr/include/c++/15.2.1/bits/move.h:85:5: note: « std::forward » déclaré ici
   85 |     forward(typename std::remove_reference<_Tp>::type&& __t) noexcept
      |     ^~~~~~~
/usr/include/c++/15.2.1/bits/std_thread.h:176:63: erreur: expected primary-expression before « > » token [-Wtemplate-body]
  176 |               std::forward<_Callable>(__f), std::forward<_Args>(__args)...)),
      |                                                               ^
/usr/include/c++/15.2.1/bits/std_thread.h:175:25: erreur: il n'y a pas d'argument pour « _State_ptr » qui dépend d'un paramètre du patron, aussi une déclaration de « _State_ptr » doit être disponible [-Wtemplate-body]
  175 |         _M_start_thread(_State_ptr(new _State_impl<_Wrapper>(
      |                         ^~~~~~~~~~
/usr/include/c++/15.2.1/bits/std_thread.h:175:25: note: (si vous utilisez « -fpermissive », G++ acceptera votre code, mais permettre l'utilisation d'un nom non déclaré est obsolète)
/usr/include/c++/15.2.1/bits/std_thread.h: In destructor « blender::std::thread::~thread() »:
/usr/include/c++/15.2.1/bits/std_thread.h:184:14: erreur: « __terminate » n'est pas un membre de « blender::std »; vouliez-vous employer « std::__terminate » ?
  184 |         std::__terminate();
      |              ^~~~~~~~~~~
Dans le fichier inclus depuis /usr/include/c++/15.2.1/bits/requires_hosted.h:31,
                 depuis /usr/include/c++/15.2.1/cmath:46:
/usr/include/c++/15.2.1/x86_64-pc-linux-gnu/bits/c++config.h:349:15: note: « std::__terminate » déclaré ici
  349 |   inline void __terminate() _GLIBCXX_USE_NOEXCEPT
      |               ^~~~~~~~~~~
/usr/include/c++/15.2.1/bits/std_thread.h: In member function « blender::std::thread& blender::std::thread::operator=(blender::std::thread&&) »:
/usr/include/c++/15.2.1/bits/std_thread.h:197:14: erreur: « __terminate » n'est pas un membre de « blender::std »; vouliez-vous employer « std::__terminate » ?
  197 |         std::__terminate();
      |              ^~~~~~~~~~~
/usr/include/c++/15.2.1/x86_64-pc-linux-gnu/bits/c++config.h:349:15: note: « std::__terminate » déclaré ici
  349 |   inline void __terminate() _GLIBCXX_USE_NOEXCEPT
      |               ^~~~~~~~~~~
/usr/include/c++/15.2.1/bits/std_thread.h: In member function « void blender::std::thread::swap(blender::std::thread&) »:
/usr/include/c++/15.2.1/bits/std_thread.h:204:12: erreur: « swap » n'est pas un membre de « blender::std »
  204 |     { std::swap(_M_id, __t._M_id); }
      |            ^~~~
/usr/include/c++/15.2.1/bits/std_thread.h:204:12: note: alternatives suggérées:
Dans le fichier inclus depuis /home/jnd/05-builds/blender-git-jnd/src/blender/source/blender/blenlib/BLI_map.hh:55,
                 depuis /home/jnd/05-builds/blender-git-jnd/src/blender/source/blender/makesdna/DNA_curve_types.h:17,
                 depuis /home/jnd/05-builds/blender-git-jnd/src/blender/source/blender/makesdna/DNA_anim_types.h:13,
                 depuis /home/jnd/05-builds/blender-git-jnd/src/blender/source/blender/python/intern/bpy_driver.cc:15:
/usr/include/c++/15.2.1/optional:1708:5: note:   « std::swap »
 1708 |     swap(optional<_Tp>&, optional<_Tp>&) = delete;
      |     ^~~~
/usr/include/c++/15.2.1/bits/move.h:227:5: note:   « std::swap »
  227 |     swap(_Tp& __a, _Tp& __b)
      |     ^~~~
/usr/include/c++/15.2.1/bits/move.h:227:5: note:   « std::swap »
Dans le fichier inclus depuis /usr/include/c++/15.2.1/exception:168,
                 depuis /usr/include/c++/15.2.1/stdexcept:40,
                 depuis /usr/include/c++/15.2.1/system_error:45,
                 depuis /usr/include/c++/15.2.1/bits/ios_base.h:48,
                 depuis /usr/include/c++/15.2.1/streambuf:45,
                 depuis /usr/include/c++/15.2.1/bits/streambuf_iterator.h:37,
                 depuis /usr/include/c++/15.2.1/iterator:68,
                 depuis /home/jnd/05-builds/blender-git-jnd/src/blender/source/blender/blenlib/BLI_random_access_iterator_mixin.hh:11,
                 depuis /home/jnd/05-builds/blender-git-jnd/src/blender/source/blender/blenlib/BLI_index_range.hh:44,
                 depuis /home/jnd/05-builds/blender-git-jnd/src/blender/source/blender/blenlib/BLI_span.hh:64,
                 depuis /home/jnd/05-builds/blender-git-jnd/src/blender/source/blender/makesdna/DNA_armature_types.h:17,
                 depuis /home/jnd/05-builds/blender-git-jnd/src/blender/source/blender/makesdna/DNA_action_types.h:18,
                 depuis /home/jnd/05-builds/blender-git-jnd/src/blender/source/blender/makesdna/DNA_anim_types.h:12:
/usr/include/c++/15.2.1/bits/exception_ptr.h:229:5: note:   « std::__exception_ptr::swap »
  229 |     swap(exception_ptr& __lhs, exception_ptr& __rhs)
      |     ^~~~
/usr/include/c++/15.2.1/bits/std_thread.h: In constructor « blender::std::thread::_State_impl<_Callable>::_State_impl(_Args&& ...) »:
/usr/include/c++/15.2.1/bits/std_thread.h:251:26: erreur: « forward » n'est pas un membre de « blender::std »; vouliez-vous employer « std::forward » ? [-Wtemplate-body]
  251 |           : _M_func(std::forward<_Args>(__args)...)
      |                          ^~~~~~~
/usr/include/c++/15.2.1/bits/move.h:85:5: note: « std::forward » déclaré ici
   85 |     forward(typename std::remove_reference<_Tp>::type&& __t) noexcept
      |     ^~~~~~~
/usr/include/c++/15.2.1/bits/std_thread.h:251:39: erreur: expected primary-expression before « > » token [-Wtemplate-body]
  251 |           : _M_func(std::forward<_Args>(__args)...)
      |                                       ^
/usr/include/c++/15.2.1/bits/std_thread.h: In constructor « blender::std::thread::_Invoker<_Tuple>::_Invoker(_Args&& ...) »:
/usr/include/c++/15.2.1/bits/std_thread.h:288:23: erreur: « forward » n'est pas un membre de « blender::std »; vouliez-vous employer « std::forward » ? [-Wtemplate-body]
  288 |           : _M_t(std::forward<_Args>(__args)...)
      |                       ^~~~~~~
/usr/include/c++/15.2.1/bits/move.h:85:5: note: « std::forward » déclaré ici
   85 |     forward(typename std::remove_reference<_Tp>::type&& __t) noexcept
      |     ^~~~~~~
/usr/include/c++/15.2.1/bits/std_thread.h:288:36: erreur: expected primary-expression before « > » token [-Wtemplate-body]
  288 |           : _M_t(std::forward<_Args>(__args)...)
      |                                    ^
/usr/include/c++/15.2.1/bits/std_thread.h: In member function « typename blender::std::thread::_Invoker<_Tuple>::__result<_Tuple>::type blender::std::thread::_Invoker<_Tuple>::_M_invoke(int) »:
/usr/include/c++/15.2.1/bits/std_thread.h:303:25: erreur: « __invoke » n'est pas un membre de « blender::std »; vouliez-vous employer « std::__invoke » ? [-Wtemplate-body]
  303 |           { return std::__invoke(std::get<_Ind>(std::move(_M_t))...); }
      |                         ^~~~~~~~
Dans le fichier inclus depuis /usr/include/c++/15.2.1/bits/refwrap.h:40,
                 depuis /usr/include/c++/15.2.1/vector:70,
                 depuis /home/jnd/05-builds/blender-git-jnd/src/blender/source/blender/blenlib/BLI_span.hh:61:
/usr/include/c++/15.2.1/bits/invoke.h:92:5: note: « std::__invoke » déclaré ici
   92 |     __invoke(_Callable&& __fn, _Args&&... __args)
      |     ^~~~~~~~
/usr/include/c++/15.2.1/bits/std_thread.h:303:39: erreur: « get » n'est pas un membre de « blender::std »; vouliez-vous employer « std::get » ? [-Wtemplate-body]
  303 |           { return std::__invoke(std::get<_Ind>(std::move(_M_t))...); }
      |                                       ^~~
Dans le fichier inclus depuis /usr/include/c++/15.2.1/bits/memory_resource.h:49,
                 depuis /usr/include/c++/15.2.1/vector:91:
/usr/include/c++/15.2.1/tuple:2516:5: note: « std::get » déclaré ici
 2516 |     get(const tuple<_Types...>&& __t) noexcept
      |     ^~~
/usr/include/c++/15.2.1/bits/std_thread.h:303:54: erreur: « move » n'est pas un membre de « blender::std »; vouliez-vous employer « std::move » ? [-Wtemplate-body]
  303 |           { return std::__invoke(std::get<_Ind>(std::move(_M_t))...); }
      |                                                      ^~~~
Dans le fichier inclus depuis /usr/include/c++/15.2.1/algorithm:89,
                 depuis /home/jnd/05-builds/blender-git-jnd/src/blender/source/blender/blenlib/BLI_span.hh:59:
/usr/include/c++/15.2.1/pstl/glue_algorithm_defs.h:354:1: note: « std::move » déclaré ici
  354 | move(_ExecutionPolicy&& __exec, _ForwardIterator1 __first, _ForwardIterator1 __last, _ForwardIterator2 __d_first);
      | ^~~~
/usr/include/c++/15.2.1/bits/std_thread.h: In member function « typename blender::std::thread::_Invoker<_Tuple>::__result<_Tuple>::type blender::std::thread::_Invoker<_Tuple>::operator()() »:
/usr/include/c++/15.2.1/bits/std_thread.h:309:24: erreur: expected nested-name-specifier before « _Build_index_tuple » [-Wtemplate-body]
  309 |             = typename _Build_index_tuple<tuple_size<_Tuple>::value>::__type;
      |                        ^~~~~~~~~~~~~~~~~~
/usr/include/c++/15.2.1/bits/std_thread.h:310:28: erreur: il n'y a pas d'argument pour « _Indices » qui dépend d'un paramètre du patron, aussi une déclaration de « _Indices » doit être disponible [-Wtemplate-body]
  310 |           return _M_invoke(_Indices());
      |                            ^~~~~~~~
/usr/include/c++/15.2.1/bits/std_thread.h: Au niveau global:
/usr/include/c++/15.2.1/bits/std_thread.h:349:12: erreur: « hash » n'est pas un patron de classe
  349 |     struct hash<thread::id>
      |            ^~~~
/usr/include/c++/15.2.1/bits/std_thread.h:349:27: erreur: « blender::std::hash » n'est pas un patron
  349 |     struct hash<thread::id>
      |                           ^
/usr/include/c++/15.2.1/bits/std_thread.h:110:21: note: déclaration précédente ici
  110 |       friend struct hash<id>;
      |                     ^~~~
/usr/include/c++/15.2.1/bits/std_thread.h:350:25: erreur: expected template-name before « < » token
  350 |     : public __hash_base<size_t, thread::id>
      |                         ^
Dans le fichier inclus depuis /usr/include/c++/15.2.1/bits/chrono.h:39,
                 depuis /usr/include/c++/15.2.1/bits/this_thread_sleep.h:38,
                 depuis /usr/include/c++/15.2.1/thread:48:
/usr/include/c++/15.2.1/ratio:63:24: erreur: expected template-name before « < » token [-Wtemplate-body]
   63 |     : integral_constant<intmax_t, (_Pn < 0) ? -1 : 1>
      |                        ^
/usr/include/c++/15.2.1/ratio:63:24: erreur: expected « { » before « < » token
/usr/include/c++/15.2.1/ratio:68:24: erreur: expected template-name before « < » token [-Wtemplate-body]
   68 |     : integral_constant<intmax_t, _Pn * __static_sign<_Pn>::value>
      |                        ^
/usr/include/c++/15.2.1/ratio:68:24: erreur: expected « { » before « < » token
/usr/include/c++/15.2.1/ratio:78:24: erreur: expected template-name before « < » token [-Wtemplate-body]
   78 |     : integral_constant<intmax_t, __static_abs<_Pn>::value>
      |                        ^
/usr/include/c++/15.2.1/ratio:78:24: erreur: expected « { » before « < » token
/usr/include/c++/15.2.1/ratio:83:24: erreur: expected template-name before « < » token [-Wtemplate-body]
   83 |     : integral_constant<intmax_t, __static_abs<_Qn>::value>
      |                        ^
/usr/include/c++/15.2.1/ratio:83:24: erreur: expected « { » before « < » token
/usr/include/c++/15.2.1/ratio:121:24: erreur: expected template-name before « < » token [-Wtemplate-body]
  121 |     : integral_constant<bool, (__hi1 < __hi2
      |                        ^
/usr/include/c++/15.2.1/ratio:121:24: erreur: expected « { » before « < » token
/usr/include/c++/15.2.1/ratio:300:5: erreur: expected class-name before « { » token [-Wtemplate-body]
  300 |     { };
      |     ^
/usr/include/c++/15.2.1/ratio:305:5: erreur: expected class-name before « { » token [-Wtemplate-body]
  305 |     { };
      |     ^
/usr/include/c++/15.2.1/ratio:397:24: erreur: expected template-name before « < » token [-Wtemplate-body]
  397 |     : integral_constant<bool, _R1::num == _R2::num && _R1::den == _R2::den>
      |                        ^
/usr/include/c++/15.2.1/ratio:397:24: erreur: expected « { » before « < » token
/usr/include/c++/15.2.1/ratio:406:24: erreur: expected template-name before « < » token [-Wtemplate-body]
  406 |     : integral_constant<bool, !ratio_equal<_R1, _R2>::value>
      |                        ^
/usr/include/c++/15.2.1/ratio:406:24: erreur: expected « { » before « < » token
/usr/include/c++/15.2.1/ratio:416:24: erreur: expected template-name before « < » token [-Wtemplate-body]
  416 |     : integral_constant<bool, __big_less<_Left::__hi, _Left::__lo,
      |                        ^
/usr/include/c++/15.2.1/ratio:416:24: erreur: expected « { » before « < » token
/usr/include/c++/15.2.1/ratio:432:24: erreur: expected template-name before « < » token [-Wtemplate-body]
  432 |     : integral_constant<bool, _R1::num < _R2::num>
      |                        ^
/usr/include/c++/15.2.1/ratio:432:24: erreur: expected « { » before « < » token
/usr/include/c++/15.2.1/ratio:455:24: erreur: expected template-name before « < » token [-Wtemplate-body]
  455 |     : integral_constant<bool, !ratio_less<_R2, _R1>::value>
      |                        ^
/usr/include/c++/15.2.1/ratio:455:24: erreur: expected « { » before « < » token
/usr/include/c++/15.2.1/ratio:461:24: erreur: expected template-name before « < » token [-Wtemplate-body]
  461 |     : integral_constant<bool, ratio_less<_R2, _R1>::value>
      |                        ^
/usr/include/c++/15.2.1/ratio:461:24: erreur: expected « { » before « < » token
/usr/include/c++/15.2.1/ratio:467:24: erreur: expected template-name before « < » token [-Wtemplate-body]
  467 |     : integral_constant<bool, !ratio_less<_R1, _R2>::value>
      |                        ^
/usr/include/c++/15.2.1/ratio:467:24: erreur: expected « { » before « < » token
Dans le fichier inclus depuis /usr/include/c++/15.2.1/bits/chrono.h:45:
/usr/include/c++/15.2.1/bits/parse_numbers.h:54:50: erreur: expected template-name before « < » token [-Wtemplate-body]
   54 |     struct _Digit<_Base, '0'> : integral_constant<unsigned, 0>
      |                                                  ^
/usr/include/c++/15.2.1/bits/parse_numbers.h:54:50: erreur: expected « { » before « < » token
/usr/include/c++/15.2.1/bits/parse_numbers.h:60:50: erreur: expected template-name before « < » token [-Wtemplate-body]
   60 |     struct _Digit<_Base, '1'> : integral_constant<unsigned, 1>
      |                                                  ^
/usr/include/c++/15.2.1/bits/parse_numbers.h:60:50: erreur: expected « { » before « < » token
/usr/include/c++/15.2.1/bits/parse_numbers.h:66:43: erreur: expected template-name before « < » token [-Wtemplate-body]
   66 |     struct _Digit_impl : integral_constant<unsigned, _Val>
      |                                           ^
/usr/include/c++/15.2.1/bits/parse_numbers.h:66:43: erreur: expected « { » before « < » token
/usr/include/c++/15.2.1/bits/parse_numbers.h:154:51: erreur: expected template-name before « < » token [-Wtemplate-body]
  154 |     struct _Digit<_Base, '\''> : integral_constant<unsigned, 0>
      |                                                   ^
/usr/include/c++/15.2.1/bits/parse_numbers.h:154:51: erreur: expected « { » before « < » token
/usr/include/c++/15.2.1/bits/parse_numbers.h:162:28: erreur: « integral_constant » ne nomme pas un type
  162 |     using __ull_constant = integral_constant<unsigned long long, _Val>;
      |                            ^~~~~~~~~~~~~~~~~
/usr/include/c++/15.2.1/bits/parse_numbers.h:170:11: erreur: « __ull_constant » ne nomme pas un type [-Wtemplate-body]
  170 |         = __ull_constant<__next::value * (__valid_digit{} ? _Base : 1ULL)>;
      |           ^~~~~~~~~~~~~~
/usr/include/c++/15.2.1/bits/parse_numbers.h:170:59: erreur: expected unqualified-id before « ? » token [-Wtemplate-body]
  170 |         = __ull_constant<__next::value * (__valid_digit{} ? _Base : 1ULL)>;
      |                                                           ^
/usr/include/c++/15.2.1/bits/parse_numbers.h:177:20: erreur: « __ull_constant » ne nomme pas un type [-Wtemplate-body]
  177 |       using type = __ull_constant<__valid_digit::value>;
      |                    ^~~~~~~~~~~~~~
/usr/include/c++/15.2.1/bits/parse_numbers.h:185:42: erreur: expected template-name before « < » token [-Wtemplate-body]
  185 |     struct _Power<_Base> : __ull_constant<0>
      |                                          ^
/usr/include/c++/15.2.1/bits/parse_numbers.h:185:42: erreur: expected « { » before « < » token
/usr/include/c++/15.2.1/bits/parse_numbers.h:198:20: erreur: « __ull_constant » ne nomme pas un type [-Wtemplate-body]
  198 |       using type = __ull_constant<_Pow * __digit::value + __next::type::value>;
      |                    ^~~~~~~~~~~~~~
/usr/include/c++/15.2.1/bits/parse_numbers.h:199:22: erreur: « type » n'a pas été déclaré; vouliez-vous employer « typeof » ? [-Wtemplate-body]
  199 |       static_assert((type::value / _Pow) == __digit::value,
      |                      ^~~~
      |                      typeof
/usr/include/c++/15.2.1/bits/parse_numbers.h:213:20: erreur: « __ull_constant » ne nomme pas un type [-Wtemplate-body]
  213 |       using type = __ull_constant<_Digit<_Base, _Dig>::value>;
      |                    ^~~~~~~~~~~~~~
/usr/include/c++/15.2.1/bits/parse_numbers.h:223:21: erreur: expected template-name before « < » token [-Wtemplate-body]
  223 |     : __ull_constant<0>
      |                     ^
/usr/include/c++/15.2.1/bits/parse_numbers.h:223:21: erreur: expected « { » before « < » token
/usr/include/c++/15.2.1/bits/parse_numbers.h:271:22: erreur: expected template-name before « < » token [-Wtemplate-body]
  271 |     : __conditional_t<(_Val <= __gnu_cxx::__int_traits<_IntType>::__max),
      |                      ^
/usr/include/c++/15.2.1/bits/parse_numbers.h:271:22: erreur: expected « { » before « < » token
/usr/include/c++/15.2.1/bits/chrono.h:89:35: erreur: « __void_t » n'a pas été déclaré dans cette portée; vouliez-vous employer « std::__void_t » ?
   89 |                                   __void_t<typename _CT::type>>
      |                                   ^~~~~~~~
      |                                   std::__void_t
/usr/include/c++/15.2.1/type_traits:852:31: note: « std::__void_t » déclaré ici
  852 |   template<typename...> using __void_t = void;
      |                               ^~~~~~~~
/usr/include/c++/15.2.1/bits/chrono.h:89:58: erreur: l'argument 4 du patron est invalide
   89 |                                   __void_t<typename _CT::type>>
      |                                                          ^~~~
/usr/include/c++/15.2.1/bits/chrono.h:89:62: erreur: expected unqualified-id before « > » token
   89 |                                   __void_t<typename _CT::type>>
      |                                                              ^~
/usr/include/c++/15.2.1/bits/chrono.h:109:12: erreur: « common_type » n'est pas un patron de classe
  109 |     struct common_type<chrono::duration<_Rep1, _Period1>,
      |            ^~~~~~~~~~~
/usr/include/c++/15.2.1/bits/chrono.h:111:54: erreur: nombre erroné d'arguments du patron (2, devrait être 4) [-Wtemplate-body]
  111 |     : __duration_common_type<common_type<_Rep1, _Rep2>,
      |                                                      ^
/usr/include/c++/15.2.1/bits/chrono.h:110:56: note: fournis pour « template<class _Rep1, class _Period1, class _Rep2, class _Period2> struct blender::std::common_type »
  110 |                        chrono::duration<_Rep2, _Period2>>
      |                                                        ^~
/usr/include/c++/15.2.1/bits/chrono.h:113:53: erreur: l'argument 1 du patron est invalide [-Wtemplate-body]
  113 |                              typename _Period2::type>
      |                                                     ^
/usr/include/c++/15.2.1/bits/chrono.h:119:54: erreur: nombre erroné d'arguments du patron (2, devrait être 4)
  119 |                        chrono::duration<_Rep, _Period>>
      |                                                      ^~
/usr/include/c++/15.2.1/bits/chrono.h:110:56: note: fournis pour « template<class _Rep1, class _Period1, class _Rep2, class _Period2> struct blender::std::common_type »
  110 |                        chrono::duration<_Rep2, _Period2>>
      |                                                        ^~
/usr/include/c++/15.2.1/bits/chrono.h:127:54: erreur: nombre erroné d'arguments du patron (1, devrait être 4)
  127 |     struct common_type<chrono::duration<_Rep, _Period>>
      |                                                      ^~
/usr/include/c++/15.2.1/bits/chrono.h:110:56: note: fournis pour « template<class _Rep1, class _Period1, class _Rep2, class _Period2> struct blender::std::common_type »
  110 |                        chrono::duration<_Rep2, _Period2>>
      |                                                        ^~
/usr/include/c++/15.2.1/bits/chrono.h:143:49: erreur: « __void_t » n'a pas été déclaré dans cette portée; vouliez-vous employer « std::__void_t » ?
  143 |     struct __timepoint_common_type<_CT, _Clock, __void_t<typename _CT::type>>
      |                                                 ^~~~~~~~
      |                                                 std::__void_t
/usr/include/c++/15.2.1/type_traits:852:31: note: « std::__void_t » déclaré ici
  852 |   template<typename...> using __void_t = void;
      |                               ^~~~~~~~
/usr/include/c++/15.2.1/bits/chrono.h:143:72: erreur: l'argument 3 du patron est invalide
  143 |     struct __timepoint_common_type<_CT, _Clock, __void_t<typename _CT::type>>
      |                                                                        ^~~~
/usr/include/c++/15.2.1/bits/chrono.h:143:76: erreur: expected unqualified-id before « > » token
  143 |     struct __timepoint_common_type<_CT, _Clock, __void_t<typename _CT::type>>
      |                                                                            ^~
/usr/include/c++/15.2.1/bits/chrono.h:156:61: erreur: nombre erroné d'arguments du patron (2, devrait être 4)
  156 |                        chrono::time_point<_Clock, _Duration2>>
      |                                                             ^~
/usr/include/c++/15.2.1/bits/chrono.h:110:56: note: fournis pour « template<class _Rep1, class _Period1, class _Rep2, class _Period2> struct blender::std::common_type »
  110 |                        chrono::duration<_Rep2, _Period2>>
      |                                                        ^~
/usr/include/c++/15.2.1/bits/chrono.h:157:65: erreur: nombre erroné d'arguments du patron (2, devrait être 4)
  157 |     : __timepoint_common_type<common_type<_Duration1, _Duration2>, _Clock>
      |                                                                 ^
/usr/include/c++/15.2.1/bits/chrono.h:110:56: note: fournis pour « template<class _Rep1, class _Period1, class _Rep2, class _Period2> struct blender::std::common_type »
  110 |                        chrono::duration<_Rep2, _Period2>>
      |                                                        ^~
/usr/include/c++/15.2.1/bits/chrono.h:157:74: erreur: l'argument 1 du patron est invalide
  157 |     : __timepoint_common_type<common_type<_Duration1, _Duration2>, _Clock>
      |                                                                          ^
/usr/include/c++/15.2.1/bits/chrono.h:163:60: erreur: nombre erroné d'arguments du patron (2, devrait être 4)
  163 |                        chrono::time_point<_Clock, _Duration>>
      |                                                            ^~
/usr/include/c++/15.2.1/bits/chrono.h:110:56: note: fournis pour « template<class _Rep1, class _Period1, class _Rep2, class _Period2> struct blender::std::common_type »
  110 |                        chrono::duration<_Rep2, _Period2>>
      |                                                        ^~
/usr/include/c++/15.2.1/bits/chrono.h:168:60: erreur: nombre erroné d'arguments du patron (1, devrait être 4)
  168 |     struct common_type<chrono::time_point<_Clock, _Duration>>
      |                                                            ^~
/usr/include/c++/15.2.1/bits/chrono.h:110:56: note: fournis pour « template<class _Rep1, class _Period1, class _Rep2, class _Period2> struct blender::std::common_type »
  110 |                        chrono::duration<_Rep2, _Period2>>
      |                                                        ^~
/usr/include/c++/15.2.1/bits/chrono.h:238:7: erreur: expected class-name before « { » token [-Wtemplate-body]
  238 |       { };
      |       ^
/usr/include/c++/15.2.1/bits/chrono.h:243:7: erreur: expected class-name before « { » token [-Wtemplate-body]
  243 |       { };
      |       ^
/usr/include/c++/15.2.1/bits/chrono.h:247:20: erreur: expected nested-name-specifier before « enable_if »
  247 |         = typename enable_if<__is_duration<_Tp>::value, _Tp>::type;
      |                    ^~~~~~~~~
/usr/include/c++/15.2.1/bits/chrono.h:251:20: erreur: expected nested-name-specifier before « enable_if »
  251 |         = typename enable_if<!__is_duration<_Tp>::value, _Tp>::type;
      |                    ^~~~~~~~~
/usr/include/c++/15.2.1/bits/chrono.h:278:17: erreur: « __enable_if_is_duration » ne nomme pas un type
  278 |       constexpr __enable_if_is_duration<_ToDur>
      |                 ^~~~~~~~~~~~~~~~~~~~~~~
/usr/include/c++/15.2.1/bits/chrono.h:312:26: erreur: expected template-name before « < » token [-Wtemplate-body]
  312 |       : is_floating_point<_Rep>
      |                          ^
/usr/include/c++/15.2.1/bits/chrono.h:312:26: erreur: expected « { » before « < » token
/usr/include/c++/15.2.1/bits/chrono.h:391:31: erreur: « __enable_if_is_duration » ne nomme pas un type
  391 |       [[nodiscard]] constexpr __enable_if_is_duration<_ToDur>
      |                               ^~~~~~~~~~~~~~~~~~~~~~~
/usr/include/c++/15.2.1/bits/chrono.h:411:31: erreur: « __enable_if_is_duration » ne nomme pas un type
  411 |       [[nodiscard]] constexpr __enable_if_is_duration<_ToDur>
      |                               ^~~~~~~~~~~~~~~~~~~~~~~
/usr/include/c++/15.2.1/bits/chrono.h:433:7: erreur: « enable_if_t » ne nomme pas un type
  433 |       enable_if_t<
      |       ^~~~~~~~~~~
/usr/include/c++/15.2.1/bits/chrono.h:462:7: erreur: « enable_if_t » ne nomme pas un type
  462 |       enable_if_t<numeric_limits<_Rep>::is_signed, duration<_Rep, _Period>>
      |       ^~~~~~~~~~~
/usr/include/c++/15.2.1/bits/chrono.h:471:40: erreur: « ceil » n'a pas été déclaré dans « blender::std::chrono »
  471 |     namespace __detail { using chrono::ceil; }
      |                                        ^~~~
/usr/include/c++/15.2.1/bits/chrono.h: In static member function « static constexpr _Rep blender::std::chrono::duration_values<_Rep>::max() »:
/usr/include/c++/15.2.1/bits/chrono.h:507:18: erreur: « numeric_limits » n'a pas été déclaré dans cette portée; vouliez-vous employer « std::numeric_limits » ? [-Wtemplate-body]
  507 |         { return numeric_limits<_Rep>::max(); }
      |                  ^~~~~~~~~~~~~~
      |                  std::numeric_limits
Dans le fichier inclus depuis /usr/include/c++/15.2.1/bits/specfun.h:44:
/usr/include/c++/15.2.1/limits:319:12: note: « std::numeric_limits » déclaré ici
  319 |     struct numeric_limits : public __numeric_limits_base
      |            ^~~~~~~~~~~~~~
/usr/include/c++/15.2.1/bits/chrono.h:507:37: erreur: expected primary-expression before « > » token [-Wtemplate-body]
  507 |         { return numeric_limits<_Rep>::max(); }
      |                                     ^
/usr/include/c++/15.2.1/bits/chrono.h:507:40: erreur: « ::max » n'a pas été déclaré; vouliez-vous employer « std::max » ? [-Wtemplate-body]
  507 |         { return numeric_limits<_Rep>::max(); }
      |                                        ^~~
      |                                        std::max
Dans le fichier inclus depuis /usr/include/c++/15.2.1/algorithm:63:
/usr/include/c++/15.2.1/bits/stl_algo.h:5794:5: note: « std::max » déclaré ici
 5794 |     max(initializer_list<_Tp> __l, _Compare __comp)
      |     ^~~
/usr/include/c++/15.2.1/bits/chrono.h: In static member function « static constexpr _Rep blender::std::chrono::duration_values<_Rep>::min() »:
/usr/include/c++/15.2.1/bits/chrono.h:511:18: erreur: « numeric_limits » n'a pas été déclaré dans cette portée; vouliez-vous employer « std::numeric_limits » ? [-Wtemplate-body]
  511 |         { return numeric_limits<_Rep>::lowest(); }
      |                  ^~~~~~~~~~~~~~
      |                  std::numeric_limits
/usr/include/c++/15.2.1/limits:319:12: note: « std::numeric_limits » déclaré ici
  319 |     struct numeric_limits : public __numeric_limits_base
      |            ^~~~~~~~~~~~~~
/usr/include/c++/15.2.1/bits/chrono.h:511:37: erreur: expected primary-expression before « > » token [-Wtemplate-body]
  511 |         { return numeric_limits<_Rep>::lowest(); }
      |                                     ^
/usr/include/c++/15.2.1/bits/chrono.h:511:40: erreur: « ::lowest » n'a pas été déclaré [-Wtemplate-body]
  511 |         { return numeric_limits<_Rep>::lowest(); }
      |                                        ^~~~~~
/usr/include/c++/15.2.1/bits/chrono.h: Au niveau global:
/usr/include/c++/15.2.1/bits/chrono.h:560:15: erreur: « __bool_constant » ne nomme pas un type [-Wtemplate-body]
  560 |             = __bool_constant<__divide<_Period2, _Period>::den == 1>;
      |               ^~~~~~~~~~~~~~~
/usr/include/c++/15.2.1/bits/chrono.h:574:45: erreur: « _Require » ne nomme pas un type [-Wtemplate-body]
  574 |         template<typename _Rep2, typename = _Require<
      |                                             ^~~~~~~~
/usr/include/c++/15.2.1/bits/chrono.h:574:53: erreur: expected « > » before « < » token [-Wtemplate-body]
  574 |         template<typename _Rep2, typename = _Require<
      |                                                     ^
/usr/include/c++/15.2.1/bits/chrono.h:580:64: erreur: « _Require » ne nomme pas un type [-Wtemplate-body]
  580 |         template<typename _Rep2, typename _Period2, typename = _Require<
      |                                                                ^~~~~~~~
/usr/include/c++/15.2.1/bits/chrono.h:580:72: erreur: expected « > » before « < » token [-Wtemplate-body]
  580 |         template<typename _Rep2, typename _Period2, typename = _Require<
      |                                                                        ^
/usr/include/c++/15.2.1/bits/chrono.h:598:52: erreur: nombre erroné d'arguments du patron (1, devrait être 4) [-Wtemplate-body]
  598 |         constexpr duration<typename common_type<rep>::type, period>
      |                                                    ^
/usr/include/c++/15.2.1/bits/chrono.h:110:56: note: fournis pour « template<class _Rep1, class _Period1, class _Rep2, class _Period2> struct blender::std::common_type »
  110 |                        chrono::duration<_Rep2, _Period2>>
      |                                                        ^~
/usr/include/c++/15.2.1/bits/chrono.h:598:67: erreur: l'argument 1 du patron est invalide [-Wtemplate-body]
  598 |         constexpr duration<typename common_type<rep>::type, period>
      |                                                                   ^
/usr/include/c++/15.2.1/bits/chrono.h:602:52: erreur: nombre erroné d'arguments du patron (1, devrait être 4) [-Wtemplate-body]
  602 |         constexpr duration<typename common_type<rep>::type, period>
      |                                                    ^
/usr/include/c++/15.2.1/bits/chrono.h:110:56: note: fournis pour « template<class _Rep1, class _Period1, class _Rep2, class _Period2> struct blender::std::common_type »
  110 |                        chrono::duration<_Rep2, _Period2>>
      |                                                        ^~
/usr/include/c++/15.2.1/bits/chrono.h:602:67: erreur: l'argument 1 du patron est invalide [-Wtemplate-body]
  602 |         constexpr duration<typename common_type<rep>::type, period>
      |                                                                   ^
/usr/include/c++/15.2.1/bits/chrono.h:659:11: erreur: « __enable_if_t » ne nomme pas un type [-Wtemplate-body]
  659 |           __enable_if_t<!treat_as_floating_point<_Rep2>::value, duration&>
      |           ^~~~~~~~~~~~~
/usr/include/c++/15.2.1/bits/chrono.h:668:11: erreur: « __enable_if_t » ne nomme pas un type [-Wtemplate-body]
  668 |           __enable_if_t<!treat_as_floating_point<_Rep2>::value, duration&>
      |           ^~~~~~~~~~~~~
/usr/include/c++/15.2.1/bits/chrono.h: In constructor « constexpr blender::std::chrono::duration<_Rep, _Period>::duration(const blender::std::chrono::duration<_Rep, _Period>&) »:
/usr/include/c++/15.2.1/bits/chrono.h:586:17: erreur: « duration_cast » n'a pas été déclaré dans cette portée; vouliez-vous employer « duration » ? [-Wtemplate-body]
  586 |           : __r(duration_cast<duration>(__d).count()) { }
      |                 ^~~~~~~~~~~~~
      |                 duration
/usr/include/c++/15.2.1/bits/chrono.h:586:39: erreur: expected primary-expression before « > » token [-Wtemplate-body]
  586 |           : __r(duration_cast<duration>(__d).count()) { }
      |                                       ^
/usr/include/c++/15.2.1/bits/chrono.h: In member function « constexpr int blender::std::chrono::duration<_Rep, _Period>::operator+() const »:
/usr/include/c++/15.2.1/bits/chrono.h:600:51: erreur: nombre erroné d'arguments du patron (1, devrait être 4) [-Wtemplate-body]
  600 |         { return duration<typename common_type<rep>::type, period>(__r); }
      |                                                   ^
/usr/include/c++/15.2.1/bits/chrono.h:110:56: note: fournis pour « template<class _Rep1, class _Period1, class _Rep2, class _Period2> struct blender::std::common_type »
  110 |                        chrono::duration<_Rep2, _Period2>>
      |                                                        ^~
/usr/include/c++/15.2.1/bits/chrono.h:600:66: erreur: l'argument 1 du patron est invalide [-Wtemplate-body]
  600 |         { return duration<typename common_type<rep>::type, period>(__r); }
      |                                                                  ^
/usr/include/c++/15.2.1/bits/chrono.h: In member function « constexpr int blender::std::chrono::duration<_Rep, _Period>::operator-() const »:
/usr/include/c++/15.2.1/bits/chrono.h:604:51: erreur: nombre erroné d'arguments du patron (1, devrait être 4) [-Wtemplate-body]
  604 |         { return duration<typename common_type<rep>::type, period>(-__r); }
      |                                                   ^
/usr/include/c++/15.2.1/bits/chrono.h:110:56: note: fournis pour « template<class _Rep1, class _Period1, class _Rep2, class _Period2> struct blender::std::common_type »
  110 |                        chrono::duration<_Rep2, _Period2>>
      |                                                        ^~
/usr/include/c++/15.2.1/bits/chrono.h:604:66: erreur: l'argument 1 du patron est invalide [-Wtemplate-body]
  604 |         { return duration<typename common_type<rep>::type, period>(-__r); }
      |                                                                  ^
/usr/include/c++/15.2.1/bits/chrono.h: Au niveau global:
/usr/include/c++/15.2.1/bits/chrono.h:699:62: erreur: nombre erroné d'arguments du patron (2, devrait être 4)
  699 |                                      duration<_Rep2, _Period2>>::type
      |                                                              ^~
/usr/include/c++/15.2.1/bits/chrono.h:110:56: note: fournis pour « template<class _Rep1, class _Period1, class _Rep2, class _Period2> struct blender::std::common_type »
  110 |                        chrono::duration<_Rep2, _Period2>>
      |                                                        ^~
/usr/include/c++/15.2.1/bits/chrono.h: In function « constexpr int blender::std::chrono::operator+(const duration<_Rep1, _Period1>&, const duration<_Rep2, _Period2>&) »:
/usr/include/c++/15.2.1/bits/chrono.h:705:51: erreur: nombre erroné d'arguments du patron (2, devrait être 4) [-Wtemplate-body]
  705 |         typedef typename common_type<__dur1,__dur2>::type       __cd;
      |                                                   ^
/usr/include/c++/15.2.1/bits/chrono.h:110:56: note: fournis pour « template<class _Rep1, class _Period1, class _Rep2, class _Period2> struct blender::std::common_type »
  110 |                        chrono::duration<_Rep2, _Period2>>
      |                                                        ^~
/usr/include/c++/15.2.1/bits/chrono.h:706:33: erreur: requête du membre « count » dans « (__cd)(__lhs) », lequel est de type non classe « __cd » {aka « int »} [-Wtemplate-body]
  706 |         return __cd(__cd(__lhs).count() + __cd(__rhs).count());
      |                                 ^~~~~
/usr/include/c++/15.2.1/bits/chrono.h:706:55: erreur: requête du membre « count » dans « (__cd)(__rhs) », lequel est de type non classe « __cd » {aka « int »} [-Wtemplate-body]
  706 |         return __cd(__cd(__lhs).count() + __cd(__rhs).count());
      |                                                       ^~~~~
/usr/include/c++/15.2.1/bits/chrono.h: Au niveau global:
/usr/include/c++/15.2.1/bits/chrono.h:713:62: erreur: nombre erroné d'arguments du patron (2, devrait être 4)
  713 |                                      duration<_Rep2, _Period2>>::type
      |                                                              ^~
/usr/include/c++/15.2.1/bits/chrono.h:110:56: note: fournis pour « template<class _Rep1, class _Period1, class _Rep2, class _Period2> struct blender::std::common_type »
  110 |                        chrono::duration<_Rep2, _Period2>>
      |                                                        ^~
/usr/include/c++/15.2.1/bits/chrono.h: In function « constexpr int blender::std::chrono::operator-(const duration<_Rep1, _Period1>&, const duration<_Rep2, _Period2>&) »:
/usr/include/c++/15.2.1/bits/chrono.h:719:51: erreur: nombre erroné d'arguments du patron (2, devrait être 4) [-Wtemplate-body]
  719 |         typedef typename common_type<__dur1,__dur2>::type       __cd;
      |                                                   ^
/usr/include/c++/15.2.1/bits/chrono.h:110:56: note: fournis pour « template<class _Rep1, class _Period1, class _Rep2, class _Period2> struct blender::std::common_type »
  110 |                        chrono::duration<_Rep2, _Period2>>
      |                                                        ^~
/usr/include/c++/15.2.1/bits/chrono.h:720:33: erreur: requête du membre « count » dans « (__cd)(__lhs) », lequel est de type non classe « __cd » {aka « int »} [-Wtemplate-body]
  720 |         return __cd(__cd(__lhs).count() - __cd(__rhs).count());
      |                                 ^~~~~
/usr/include/c++/15.2.1/bits/chrono.h:720:55: erreur: requête du membre « count » dans « (__cd)(__rhs) », lequel est de type non classe « __cd » {aka « int »} [-Wtemplate-body]
  720 |         return __cd(__cd(__lhs).count() - __cd(__rhs).count());
      |                                                       ^~~~~
/usr/include/c++/15.2.1/bits/chrono.h: Au niveau global:
/usr/include/c++/15.2.1/bits/chrono.h:732:64: erreur: nombre erroné d'arguments du patron (2, devrait être 4)
  732 |              typename _CRep = typename common_type<_Rep1, _Rep2>::type>
      |                                                                ^
/usr/include/c++/15.2.1/bits/chrono.h:110:56: note: fournis pour « template<class _Rep1, class _Period1, class _Rep2, class _Period2> struct blender::std::common_type »
  110 |                        chrono::duration<_Rep2, _Period2>>
      |                                                        ^~
/usr/include/c++/15.2.1/bits/chrono.h:734:9: erreur: expected nested-name-specifier before « enable_if »
  734 |         enable_if<is_convertible<const _Rep2&, _CRep>::value, _CRep>::type;
      |         ^~~~~~~~~
/usr/include/c++/15.2.1/bits/chrono.h:744:26: erreur: « __common_rep_t » n'a pas été déclaré dans cette portée
  744 |       constexpr duration<__common_rep_t<_Rep1, _Rep2>, _Period>
      |                          ^~~~~~~~~~~~~~
/usr/include/c++/15.2.1/bits/chrono.h:744:53: erreur: l'argument 1 du patron est invalide
  744 |       constexpr duration<__common_rep_t<_Rep1, _Rep2>, _Period>
      |                                                     ^
/usr/include/c++/15.2.1/bits/chrono.h:744:54: erreur: expected unqualified-id before « , » token
  744 |       constexpr duration<__common_rep_t<_Rep1, _Rep2>, _Period>
      |                                                      ^
/usr/include/c++/15.2.1/bits/chrono.h:753:26: erreur: « __common_rep_t » n'a pas été déclaré dans cette portée
  753 |       constexpr duration<__common_rep_t<_Rep2, _Rep1>, _Period>
      |                          ^~~~~~~~~~~~~~
/usr/include/c++/15.2.1/bits/chrono.h:753:53: erreur: l'argument 1 du patron est invalide
  753 |       constexpr duration<__common_rep_t<_Rep2, _Rep1>, _Period>
      |                                                     ^
/usr/include/c++/15.2.1/bits/chrono.h:753:54: erreur: expected unqualified-id before « , » token
  753 |       constexpr duration<__common_rep_t<_Rep2, _Rep1>, _Period>
      |                                                      ^
/usr/include/c++/15.2.1/bits/chrono.h:759:16: erreur: « __common_rep_t » n'a pas été déclaré dans cette portée
  759 |       duration<__common_rep_t<_Rep1, __disable_if_is_duration<_Rep2>>, _Period>
      |                ^~~~~~~~~~~~~~
/usr/include/c++/15.2.1/bits/chrono.h:759:38: erreur: « __disable_if_is_duration » n'a pas été déclaré dans cette portée
  759 |       duration<__common_rep_t<_Rep1, __disable_if_is_duration<_Rep2>>, _Period>
      |                                      ^~~~~~~~~~~~~~~~~~~~~~~~
/usr/include/c++/15.2.1/bits/chrono.h:759:68: erreur: l'argument 1 du patron est invalide
  759 |       duration<__common_rep_t<_Rep1, __disable_if_is_duration<_Rep2>>, _Period>
      |                                                                    ^~
/usr/include/c++/15.2.1/bits/chrono.h:759:68: erreur: l'argument 2 du patron est invalide
/usr/include/c++/15.2.1/bits/chrono.h:759:70: erreur: expected unqualified-id before « , » token
  759 |       duration<__common_rep_t<_Rep1, __disable_if_is_duration<_Rep2>>, _Period>
      |                                                                      ^
/usr/include/c++/15.2.1/bits/chrono.h:769:50: erreur: nombre erroné d'arguments du patron (2, devrait être 4)
  769 |       constexpr typename common_type<_Rep1, _Rep2>::type
      |                                                  ^
/usr/include/c++/15.2.1/bits/chrono.h:110:56: note: fournis pour « template<class _Rep1, class _Period1, class _Rep2, class _Period2> struct blender::std::common_type »
  110 |                        chrono::duration<_Rep2, _Period2>>
      |                                                        ^~
/usr/include/c++/15.2.1/bits/chrono.h: In function « constexpr int blender::std::chrono::operator/(const duration<_Rep1, _Period1>&, const duration<_Rep2, _Period2>&) »:
/usr/include/c++/15.2.1/bits/chrono.h:775:51: erreur: nombre erroné d'arguments du patron (2, devrait être 4) [-Wtemplate-body]
  775 |         typedef typename common_type<__dur1,__dur2>::type       __cd;
      |                                                   ^
/usr/include/c++/15.2.1/bits/chrono.h:110:56: note: fournis pour « template<class _Rep1, class _Period1, class _Rep2, class _Period2> struct blender::std::common_type »
  110 |                        chrono::duration<_Rep2, _Period2>>
      |                                                        ^~
/usr/include/c++/15.2.1/bits/chrono.h:776:28: erreur: requête du membre « count » dans « (__cd)(__lhs) », lequel est de type non classe « __cd » {aka « int »} [-Wtemplate-body]
  776 |         return __cd(__lhs).count() / __cd(__rhs).count();
      |                            ^~~~~
/usr/include/c++/15.2.1/bits/chrono.h:776:50: erreur: requête du membre « count » dans « (__cd)(__rhs) », lequel est de type non classe « __cd » {aka « int »} [-Wtemplate-body]
  776 |         return __cd(__lhs).count() / __cd(__rhs).count();
      |                                                  ^~~~~
/usr/include/c++/15.2.1/bits/chrono.h: Au niveau global:
/usr/include/c++/15.2.1/bits/chrono.h:782:16: erreur: « __common_rep_t » n'a pas été déclaré dans cette portée
  782 |       duration<__common_rep_t<_Rep1, __disable_if_is_duration<_Rep2>>, _Period>
      |                ^~~~~~~~~~~~~~
/usr/include/c++/15.2.1/bits/chrono.h:782:38: erreur: « __disable_if_is_duration » n'a pas été déclaré dans cette portée
  782 |       duration<__common_rep_t<_Rep1, __disable_if_is_duration<_Rep2>>, _Period>
      |                                      ^~~~~~~~~~~~~~~~~~~~~~~~
/usr/include/c++/15.2.1/bits/chrono.h:782:68: erreur: l'argument 1 du patron est invalide
  782 |       duration<__common_rep_t<_Rep1, __disable_if_is_duration<_Rep2>>, _Period>
      |                                                                    ^~
/usr/include/c++/15.2.1/bits/chrono.h:782:68: erreur: l'argument 2 du patron est invalide
/usr/include/c++/15.2.1/bits/chrono.h:782:70: erreur: expected unqualified-id before « , » token
  782 |       duration<__common_rep_t<_Rep1, __disable_if_is_duration<_Rep2>>, _Period>
      |                                                                      ^
/usr/include/c++/15.2.1/bits/chrono.h:793:62: erreur: nombre erroné d'arguments du patron (2, devrait être 4)
  793 |                                      duration<_Rep2, _Period2>>::type
      |                                                              ^~
/usr/include/c++/15.2.1/bits/chrono.h:110:56: note: fournis pour « template<class _Rep1, class _Period1, class _Rep2, class _Period2> struct blender::std::common_type »
  110 |                        chrono::duration<_Rep2, _Period2>>
      |                                                        ^~
/usr/include/c++/15.2.1/bits/chrono.h: In function « constexpr int blender::std::chrono::operator%(const duration<_Rep1, _Period1>&, const duration<_Rep2, _Period2>&) »:
/usr/include/c++/15.2.1/bits/chrono.h:799:51: erreur: nombre erroné d'arguments du patron (2, devrait être 4) [-Wtemplate-body]
  799 |         typedef typename common_type<__dur1,__dur2>::type       __cd;
      |                                                   ^
/usr/include/c++/15.2.1/bits/chrono.h:110:56: note: fournis pour « template<class _Rep1, class _Period1, class _Rep2, class _Period2> struct blender::std::common_type »
  110 |                        chrono::duration<_Rep2, _Period2>>
      |                                                        ^~
/usr/include/c++/15.2.1/bits/chrono.h:800:33: erreur: requête du membre « count » dans « (__cd)(__lhs) », lequel est de type non classe « __cd » {aka « int »} [-Wtemplate-body]
  800 |         return __cd(__cd(__lhs).count() % __cd(__rhs).count());
      |                                 ^~~~~
/usr/include/c++/15.2.1/bits/chrono.h:800:55: erreur: requête du membre « count » dans « (__cd)(__rhs) », lequel est de type non classe « __cd » {aka « int »} [-Wtemplate-body]
  800 |         return __cd(__cd(__lhs).count() % __cd(__rhs).count());
      |                                                       ^~~~~
/usr/include/c++/15.2.1/bits/chrono.h: In function « constexpr bool blender::std::chrono::operator==(const duration<_Rep1, _Period1>&, const duration<_Rep2, _Period2>&) »:
/usr/include/c++/15.2.1/bits/chrono.h:819:51: erreur: nombre erroné d'arguments du patron (2, devrait être 4) [-Wtemplate-body]
  819 |         typedef typename common_type<__dur1,__dur2>::type       __ct;
      |                                                   ^
/usr/include/c++/15.2.1/bits/chrono.h:110:56: note: fournis pour « template<class _Rep1, class _Period1, class _Rep2, class _Period2> struct blender::std::common_type »
  110 |                        chrono::duration<_Rep2, _Period2>>
      |                                                        ^~
/usr/include/c++/15.2.1/bits/chrono.h:820:28: erreur: requête du membre « count » dans « (__ct)(__lhs) », lequel est de type non classe « __ct » {aka « int »} [-Wtemplate-body]
  820 |         return __ct(__lhs).count() == __ct(__rhs).count();
      |                            ^~~~~
/usr/include/c++/15.2.1/bits/chrono.h:820:51: erreur: requête du membre « count » dans « (__ct)(__rhs) », lequel est de type non classe « __ct » {aka « int »} [-Wtemplate-body]
  820 |         return __ct(__lhs).count() == __ct(__rhs).count();
      |                                                   ^~~~~
/usr/include/c++/15.2.1/bits/chrono.h: In function « constexpr bool blender::std::chrono::operator<(const duration<_Rep1, _Period1>&, const duration<_Rep2, _Period2>&) »:
/usr/include/c++/15.2.1/bits/chrono.h:831:51: erreur: nombre erroné d'arguments du patron (2, devrait être 4) [-Wtemplate-body]
  831 |         typedef typename common_type<__dur1,__dur2>::type       __ct;
      |                                                   ^
/usr/include/c++/15.2.1/bits/chrono.h:110:56: note: fournis pour « template<class _Rep1, class _Period1, class _Rep2, class _Period2> struct blender::std::common_type »
  110 |                        chrono::duration<_Rep2, _Period2>>
      |                                                        ^~
/usr/include/c++/15.2.1/bits/chrono.h:832:28: erreur: requête du membre « count » dans « (__ct)(__lhs) », lequel est de type non classe « __ct » {aka « int »} [-Wtemplate-body]
  832 |         return __ct(__lhs).count() < __ct(__rhs).count();
      |                            ^~~~~
/usr/include/c++/15.2.1/bits/chrono.h:832:50: erreur: requête du membre « count » dans « (__ct)(__rhs) », lequel est de type non classe « __ct » {aka « int »} [-Wtemplate-body]
  832 |         return __ct(__lhs).count() < __ct(__rhs).count();
      |                                                  ^~~~~
/usr/include/c++/15.2.1/bits/chrono.h: Au niveau global:
/usr/include/c++/15.2.1/bits/chrono.h:946:29: erreur: « _Require » ne nomme pas un type [-Wtemplate-body]
  946 |                  typename = _Require<is_convertible<_Dur2, _Dur>>>
      |                             ^~~~~~~~
/usr/include/c++/15.2.1/bits/chrono.h:946:37: erreur: expected « > » before « < » token [-Wtemplate-body]
  946 |                  typename = _Require<is_convertible<_Dur2, _Dur>>>
      |                                     ^
/usr/include/c++/15.2.1/bits/chrono.h:1022:7: erreur: « __enable_if_t » ne nomme pas un type
 1022 |       __enable_if_t<__is_duration<_ToDur>::value, time_point<_Clock, _ToDur>>
      |       ^~~~~~~~~~~~~
/usr/include/c++/15.2.1/bits/chrono.h:1044:7: erreur: « enable_if_t » ne nomme pas un type
 1044 |       enable_if_t<__is_duration_v<_ToDur>, time_point<_Clock, _ToDur>>
      |       ^~~~~~~~~~~
/usr/include/c++/15.2.1/bits/chrono.h:1065:7: erreur: « enable_if_t » ne nomme pas un type
 1065 |       enable_if_t<__is_duration_v<_ToDur>, time_point<_Clock, _ToDur>>
      |       ^~~~~~~~~~~
/usr/include/c++/15.2.1/bits/chrono.h:1087:7: erreur: « enable_if_t » ne nomme pas un type
 1087 |       enable_if_t<__is_duration_v<_ToDur>
      |       ^~~~~~~~~~~
/usr/include/c++/15.2.1/bits/chrono.h:1104:61: erreur: nombre erroné d'arguments du patron (2, devrait être 4)
 1104 |         typename common_type<_Dur1, duration<_Rep2, _Period2>>::type>
      |                                                             ^~
/usr/include/c++/15.2.1/bits/chrono.h:110:56: note: fournis pour « template<class _Rep1, class _Period1, class _Rep2, class _Period2> struct blender::std::common_type »
  110 |                        chrono::duration<_Rep2, _Period2>>
      |                                                        ^~
/usr/include/c++/15.2.1/bits/chrono.h:1104:69: erreur: l'argument 2 du patron est invalide
 1104 |         typename common_type<_Dur1, duration<_Rep2, _Period2>>::type>
      |                                                                     ^
/usr/include/c++/15.2.1/bits/chrono.h: In function « constexpr int blender::std::chrono::operator+(const time_point<_Clock, _Duration1>&, const duration<_Rep2, _Period2>&) »:
/usr/include/c++/15.2.1/bits/chrono.h:1109:50: erreur: nombre erroné d'arguments du patron (2, devrait être 4) [-Wtemplate-body]
 1109 |         typedef typename common_type<_Dur1,__dur2>::type        __ct;
      |                                                  ^
/usr/include/c++/15.2.1/bits/chrono.h:110:56: note: fournis pour « template<class _Rep1, class _Period1, class _Rep2, class _Period2> struct blender::std::common_type »
  110 |                        chrono::duration<_Rep2, _Period2>>
      |                                                        ^~
/usr/include/c++/15.2.1/bits/chrono.h: Au niveau global:
/usr/include/c++/15.2.1/bits/chrono.h:1118:62: erreur: nombre erroné d'arguments du patron (2, devrait être 4)
 1118 |         typename common_type<duration<_Rep1, _Period1>, _Dur2>::type>
      |                                                              ^
/usr/include/c++/15.2.1/bits/chrono.h:110:56: note: fournis pour « template<class _Rep1, class _Period1, class _Rep2, class _Period2> struct blender::std::common_type »
  110 |                        chrono::duration<_Rep2, _Period2>>
      |                                                        ^~
/usr/include/c++/15.2.1/bits/chrono.h:1118:69: erreur: l'argument 2 du patron est invalide
 1118 |         typename common_type<duration<_Rep1, _Period1>, _Dur2>::type>
      |                                                                     ^
/usr/include/c++/15.2.1/bits/chrono.h: In function « constexpr int blender::std::chrono::operator+(const duration<_Rep1, _Period1>&, const time_point<_Clock, _Dur2>&) »:
/usr/include/c++/15.2.1/bits/chrono.h:1123:50: erreur: nombre erroné d'arguments du patron (2, devrait être 4) [-Wtemplate-body]
 1123 |         typedef typename common_type<__dur1,_Dur2>::type        __ct;
      |                                                  ^
/usr/include/c++/15.2.1/bits/chrono.h:110:56: note: fournis pour « template<class _Rep1, class _Period1, class _Rep2, class _Period2> struct blender::std::common_type »
  110 |                        chrono::duration<_Rep2, _Period2>>
      |                                                        ^~
/usr/include/c++/15.2.1/bits/chrono.h: Au niveau global:
/usr/include/c++/15.2.1/bits/chrono.h:1132:61: erreur: nombre erroné d'arguments du patron (2, devrait être 4)
 1132 |         typename common_type<_Dur1, duration<_Rep2, _Period2>>::type>
      |                                                             ^~
/usr/include/c++/15.2.1/bits/chrono.h:110:56: note: fournis pour « template<class _Rep1, class _Period1, class _Rep2, class _Period2> struct blender::std::common_type »
  110 |                        chrono::duration<_Rep2, _Period2>>
      |                                                        ^~
/usr/include/c++/15.2.1/bits/chrono.h:1132:69: erreur: l'argument 2 du patron est invalide
 1132 |         typename common_type<_Dur1, duration<_Rep2, _Period2>>::type>
      |                                                                     ^
/usr/include/c++/15.2.1/bits/chrono.h: In function « constexpr int blender::std::chrono::operator-(const time_point<_Clock, _Duration1>&, const duration<_Rep2, _Period2>&) »:
/usr/include/c++/15.2.1/bits/chrono.h:1137:50: erreur: nombre erroné d'arguments du patron (2, devrait être 4) [-Wtemplate-body]
 1137 |         typedef typename common_type<_Dur1,__dur2>::type        __ct;
      |                                                  ^
/usr/include/c++/15.2.1/bits/chrono.h:110:56: note: fournis pour « template<class _Rep1, class _Period1, class _Rep2, class _Period2> struct blender::std::common_type »
  110 |                        chrono::duration<_Rep2, _Period2>>
      |                                                        ^~
/usr/include/c++/15.2.1/bits/chrono.h: Au niveau global:
/usr/include/c++/15.2.1/bits/chrono.h:1144:50: erreur: nombre erroné d'arguments du patron (2, devrait être 4)
 1144 |       constexpr typename common_type<_Dur1, _Dur2>::type
      |                                                  ^
/usr/include/c++/15.2.1/bits/chrono.h:110:56: note: fournis pour « template<class _Rep1, class _Period1, class _Rep2, class _Period2> struct blender::std::common_type »
  110 |                        chrono::duration<_Rep2, _Period2>>
      |                                                        ^~
/usr/include/c++/15.2.1/bits/chrono.h: In instantiation of « class blender::std::chrono::duration<long int, blender::std::ratio<1, 1000000000> > »:
/usr/include/c++/15.2.1/bits/chrono.h:1233:23:   required from here
 1233 |       typedef duration::rep                                     rep;
      |                       ^~
/usr/include/c++/15.2.1/bits/chrono.h:517:45: erreur: « value » n'est pas un membre de « blender::std::chrono::__is_duration<long int> »
  517 |         static_assert(!__is_duration<_Rep>::value,
      |                                             ^~~~~
/usr/include/c++/15.2.1/bits/chrono.h:519:44: erreur: « value » n'est pas un membre de « blender::std::__is_ratio<blender::std::ratio<1, 1000000000> > »
  519 |         static_assert(__is_ratio<_Period>::value,
      |                                            ^~~~~
/usr/include/c++/15.2.1/ratio: In instantiation of « constexpr const intmax_t blender::std::ratio<1, 1000000000>::num »:
/usr/include/c++/15.2.1/ratio:284:31:   required from « struct blender::std::ratio<1, 1000000000> »
  284 |       typedef ratio<num, den> type;
      |                               ^~~~
/usr/include/c++/15.2.1/bits/chrono.h:521:25:   required from « class blender::std::chrono::duration<long int, blender::std::ratio<1, 1000000000> > »
  521 |         static_assert(_Period::num > 0, "period must be positive");
      |                                ^~~
/usr/include/c++/15.2.1/bits/chrono.h:1233:23:   required from here
 1233 |       typedef duration::rep                                     rep;
      |                       ^~
/usr/include/c++/15.2.1/ratio:279:37: erreur: type « blender::std::__static_sign<1000000000> » incomplet utilisé dans un spécificateur de noms imbriqué
  279 |         _Num * __static_sign<_Den>::value / __static_gcd<_Num, _Den>::value;
      |                                     ^~~~~
/usr/include/c++/15.2.1/ratio: In instantiation of « struct blender::std::__static_gcd<1000000000, 1> »:
/usr/include/c++/15.2.1/ratio:72:12:   required from « struct blender::std::__static_gcd<1, 1000000000> »
   72 |     struct __static_gcd
      |            ^~~~~~~~~~~~
/usr/include/c++/15.2.1/ratio:279:71:   required from « constexpr const intmax_t blender::std::ratio<1, 1000000000>::num »
  279 |         _Num * __static_sign<_Den>::value / __static_gcd<_Num, _Den>::value;
      |                                                                       ^~~~~
/usr/include/c++/15.2.1/ratio:284:31:   required from « struct blender::std::ratio<1, 1000000000> »
  284 |       typedef ratio<num, den> type;
      |                               ^~~~
/usr/include/c++/15.2.1/bits/chrono.h:521:25:   required from « class blender::std::chrono::duration<long int, blender::std::ratio<1, 1000000000> > »
  521 |         static_assert(_Period::num > 0, "period must be positive");
      |                                ^~~
/usr/include/c++/15.2.1/bits/chrono.h:1233:23:   required from here
 1233 |       typedef duration::rep                                     rep;
      |                       ^~
/usr/include/c++/15.2.1/ratio:72:12: erreur: utilisation invalide du type incomplet « struct blender::std::__static_gcd<1, 0> »
   72 |     struct __static_gcd
      |            ^~~~~~~~~~~~
/usr/include/c++/15.2.1/ratio:72:12: note: déclaration de « struct blender::std::__static_gcd<1, 0> »
/usr/include/c++/15.2.1/ratio: In instantiation of « constexpr const intmax_t blender::std::ratio<1, 1000000000>::num »:
/usr/include/c++/15.2.1/ratio:284:31:   required from « struct blender::std::ratio<1, 1000000000> »
  284 |       typedef ratio<num, den> type;
      |                               ^~~~
/usr/include/c++/15.2.1/bits/chrono.h:521:25:   required from « class blender::std::chrono::duration<long int, blender::std::ratio<1, 1000000000> > »
  521 |         static_assert(_Period::num > 0, "period must be positive");
      |                                ^~~
/usr/include/c++/15.2.1/bits/chrono.h:1233:23:   required from here
 1233 |       typedef duration::rep                                     rep;
      |                       ^~
/usr/include/c++/15.2.1/ratio:279:71: erreur: « value » n'est pas un membre de « blender::std::__static_gcd<1, 1000000000> »
  279 |         _Num * __static_sign<_Den>::value / __static_gcd<_Num, _Den>::value;
      |                                                                       ^~~~~
/usr/include/c++/15.2.1/ratio: In instantiation of « constexpr const intmax_t blender::std::ratio<1, 1000000000>::den »:
/usr/include/c++/15.2.1/ratio:284:31:   required from « struct blender::std::ratio<1, 1000000000> »
  284 |       typedef ratio<num, den> type;
      |                               ^~~~
/usr/include/c++/15.2.1/bits/chrono.h:521:25:   required from « class blender::std::chrono::duration<long int, blender::std::ratio<1, 1000000000> > »
  521 |         static_assert(_Period::num > 0, "period must be positive");
      |                                ^~~
/usr/include/c++/15.2.1/bits/chrono.h:1233:23:   required from here
 1233 |       typedef duration::rep                                     rep;
      |                       ^~
/usr/include/c++/15.2.1/ratio:282:29: erreur: type « blender::std::__static_abs<1000000000> » incomplet utilisé dans un spécificateur de noms imbriqué
  282 |         __static_abs<_Den>::value / __static_gcd<_Num, _Den>::value;
      |                             ^~~~~
/usr/include/c++/15.2.1/ratio:282:63: erreur: « value » n'est pas un membre de « blender::std::__static_gcd<1, 1000000000> »
  282 |         __static_abs<_Den>::value / __static_gcd<_Num, _Den>::value;
      |                                                               ^~~~~
/usr/include/c++/15.2.1/bits/chrono.h: In instantiation of « class blender::std::chrono::duration<long int, blender::std::ratio<1, 1000000000> > »:
/usr/include/c++/15.2.1/bits/chrono.h:1233:23:   required from here
 1233 |       typedef duration::rep                                     rep;
      |                       ^~
/usr/include/c++/15.2.1/bits/chrono.h:521:36: erreur: condition non constante pour l'assertion statique
  521 |         static_assert(_Period::num > 0, "period must be positive");
      |                                ~~~~^~~
/usr/include/c++/15.2.1/bits/chrono.h: In instantiation of « static constexpr blender::std::chrono::duration<_Rep, _Period> blender::std::chrono::duration<_Rep, _Period>::min() [with _Rep = long int; _Period = blender::std::ratio<1, 1000000000>] »:
/usr/include/c++/15.2.1/bits/chrono.h:1237:48:   required from here
 1237 |       static_assert(system_clock::duration::min()
      |                     ~~~~~~~~~~~~~~~~~~~~~~~~~~~^~
/usr/include/c++/15.2.1/bits/chrono.h:682:18: erreur: pas de fonction concordante pour l'appel à « blender::std::chrono::duration<long int, blender::std::ratio<1, 1000000000> >::duration(long int) »
  682 |         { return duration(duration_values<rep>::min()); }
      |                  ^~~~~~~~~~~~~~~~~~~~~~~~~~~~~~~~~~~~~
/usr/include/c++/15.2.1/bits/chrono.h:682:18: note: il y a 4 candidats
/usr/include/c++/15.2.1/bits/chrono.h:585:21: note: candidat 1 : « template<class _Rep2, class _Period2, class> constexpr blender::std::chrono::duration<_Rep, _Period>::duration(const blender::std::chrono::duration<_Rep, _Period>&) [with _Period2 = _Rep2; <template-parameter-2-3> = _Period2; _Rep = long int; _Period = blender::std::ratio<1, 1000000000>] »
  585 |           constexpr duration(const duration<_Rep2, _Period2>& __d)
      |                     ^~~~~~~~
/usr/include/c++/15.2.1/bits/chrono.h:585:21: note: la déduction/substitution de l'argument du patron a échoué:
/usr/include/c++/15.2.1/bits/chrono.h:682:18: note:   types « const blender::std::chrono::duration<_Rep1, _Period1> » et « long int » non concordants
  682 |         { return duration(duration_values<rep>::min()); }
      |                  ^~~~~~~~~~~~~~~~~~~~~~~~~~~~~~~~~~~~~
/usr/include/c++/15.2.1/bits/chrono.h:577:30: note: candidat 2 : « template<class _Rep2, class> constexpr blender::std::chrono::duration<_Rep, _Period>::duration(const _Rep2&) [with <template-parameter-2-2> = _Rep2; _Rep = long int; _Period = blender::std::ratio<1, 1000000000>] »
  577 |           constexpr explicit duration(const _Rep2& __rep)
      |                              ^~~~~~~~
/usr/include/c++/15.2.1/bits/chrono.h:577:30: note: la déduction/substitution de l'argument du patron a échoué:
/usr/include/c++/15.2.1/bits/chrono.h:570:9: note: candidate 3: « constexpr blender::std::chrono::duration<_Rep, _Period>::duration(const blender::std::chrono::duration<_Rep, _Period>&) [with _Rep = long int; _Period = blender::std::ratio<1, 1000000000>] »
  570 |         duration(const duration&) = default;
      |         ^~~~~~~~
/usr/include/c++/15.2.1/bits/chrono.h:570:18: note: pas de conversion connue pour convertir l'argument 1 depuis « long int » vers « const blender::std::chrono::duration<long int, blender::std::ratio<1, 1000000000> >& »
  570 |         duration(const duration&) = default;
      |                  ^~~~~~~~~~~~~~~
/usr/include/c++/15.2.1/bits/chrono.h:568:19: note: candidate 4: « blender::std::chrono::duration<_Rep, _Period>::duration() [with _Rep = long int; _Period = blender::std::ratio<1, 1000000000>] »
  568 |         constexpr duration() = default;
      |                   ^~~~~~~~
/usr/include/c++/15.2.1/bits/chrono.h:568:19: note: le candidat attend 0 argument, 1 fourni(s)
/usr/include/c++/15.2.1/bits/chrono.h:1238:21: erreur: condition non constante pour l'assertion statique
 1237 |       static_assert(system_clock::duration::min()
      |                     ~~~~~~~~~~~~~~~~~~~~~~~~~~~~~
 1238 |                     < system_clock::duration::zero(),
      |                     ^~~~~~~~~~~~~~~~~~~~~~~~~~~~~~~~
/usr/include/c++/15.2.1/bits/chrono.h: In static member function « static time_t blender::std::chrono::_V2::system_clock::to_time_t(const time_point&) »:
/usr/include/c++/15.2.1/bits/chrono.h:1251:28: erreur: « duration_cast » n'a pas été déclaré dans cette portée; vouliez-vous employer « duration » ?
 1251 |         return std::time_t(duration_cast<chrono::seconds>
      |                            ^~~~~~~~~~~~~
      |                            duration
/usr/include/c++/15.2.1/bits/chrono.h: In instantiation of « class blender::std::chrono::time_point<blender::std::chrono::_V2::system_clock, blender::std::chrono::duration<long int, blender::std::ratio<1, 1000000000> > > »:
/usr/include/c++/15.2.1/bits/chrono.h:1252:11:   required from here
 1252 |                            (__t.time_since_epoch()).count());
      |                                ^
/usr/include/c++/15.2.1/bits/chrono.h:928:44: erreur: « value » n'est pas un membre de « blender::std::chrono::__is_duration<blender::std::chrono::duration<long int, blender::std::ratio<1, 1000000000> > > »
  928 |         static_assert(__is_duration<_Dur>::value,
      |                                            ^~~~~
/usr/include/c++/15.2.1/bits/chrono.h:1251:27: erreur: expected primary-expression before « ( » token
 1251 |         return std::time_t(duration_cast<chrono::seconds>
      |                           ^
/usr/include/c++/15.2.1/bits/chrono.h:1251:57: erreur: expected primary-expression before « > » token
 1251 |         return std::time_t(duration_cast<chrono::seconds>
      |                                                         ^
/usr/include/c++/15.2.1/bits/chrono.h: In static member function « static blender::std::chrono::_V2::system_clock::time_point blender::std::chrono::_V2::system_clock::from_time_t(time_t) »:
/usr/include/c++/15.2.1/bits/chrono.h:1260:16: erreur: « time_point_cast » n'a pas été déclaré dans cette portée; vouliez-vous employer « time_point » ?
 1260 |         return time_point_cast<system_clock::duration>
      |                ^~~~~~~~~~~~~~~
      |                time_point
/usr/include/c++/15.2.1/bits/chrono.h:1260:54: erreur: expected primary-expression before « > » token
 1260 |         return time_point_cast<system_clock::duration>
      |                                                      ^
/usr/include/c++/15.2.1/bits/chrono.h: In instantiation of « class blender::std::chrono::duration<long int> »:
/usr/include/c++/15.2.1/bits/chrono.h:1261:36:   required from here
 1261 |                (__from(chrono::seconds(__t)));
      |                                           ^
/usr/include/c++/15.2.1/bits/chrono.h:517:45: erreur: « value » n'est pas un membre de « blender::std::chrono::__is_duration<long int> »
  517 |         static_assert(!__is_duration<_Rep>::value,
      |                                             ^~~~~
/usr/include/c++/15.2.1/bits/chrono.h:519:44: erreur: « value » n'est pas un membre de « blender::std::__is_ratio<blender::std::ratio<1> > »
  519 |         static_assert(__is_ratio<_Period>::value,
      |                                            ^~~~~
/usr/include/c++/15.2.1/ratio: In instantiation of « constexpr const intmax_t blender::std::ratio<1>::num »:
/usr/include/c++/15.2.1/ratio:284:31:   required from « struct blender::std::ratio<1> »
  284 |       typedef ratio<num, den> type;
      |                               ^~~~
/usr/include/c++/15.2.1/bits/chrono.h:521:25:   required from « class blender::std::chrono::duration<long int> »
  521 |         static_assert(_Period::num > 0, "period must be positive");
      |                                ^~~
/usr/include/c++/15.2.1/bits/chrono.h:1261:36:   required from here
 1261 |                (__from(chrono::seconds(__t)));
      |                                           ^
/usr/include/c++/15.2.1/ratio:279:37: erreur: type « blender::std::__static_sign<1> » incomplet utilisé dans un spécificateur de noms imbriqué
  279 |         _Num * __static_sign<_Den>::value / __static_gcd<_Num, _Den>::value;
      |                                     ^~~~~
/usr/include/c++/15.2.1/ratio: In instantiation of « struct blender::std::__static_gcd<1, 1> »:
/usr/include/c++/15.2.1/ratio:279:71:   required from « constexpr const intmax_t blender::std::ratio<1>::num »
  279 |         _Num * __static_sign<_Den>::value / __static_gcd<_Num, _Den>::value;
      |                                                                       ^~~~~
/usr/include/c++/15.2.1/ratio:284:31:   required from « struct blender::std::ratio<1> »
  284 |       typedef ratio<num, den> type;
      |                               ^~~~
/usr/include/c++/15.2.1/bits/chrono.h:521:25:   required from « class blender::std::chrono::duration<long int> »
  521 |         static_assert(_Period::num > 0, "period must be positive");
      |                                ^~~
/usr/include/c++/15.2.1/bits/chrono.h:1261:36:   required from here
 1261 |                (__from(chrono::seconds(__t)));
      |                                           ^
/usr/include/c++/15.2.1/ratio:72:12: erreur: utilisation invalide du type incomplet « struct blender::std::__static_gcd<1, 0> »
   72 |     struct __static_gcd
      |            ^~~~~~~~~~~~
/usr/include/c++/15.2.1/ratio:72:12: note: déclaration de « struct blender::std::__static_gcd<1, 0> »
/usr/include/c++/15.2.1/ratio: In instantiation of « constexpr const intmax_t blender::std::ratio<1>::num »:
/usr/include/c++/15.2.1/ratio:284:31:   required from « struct blender::std::ratio<1> »
  284 |       typedef ratio<num, den> type;
      |                               ^~~~
/usr/include/c++/15.2.1/bits/chrono.h:521:25:   required from « class blender::std::chrono::duration<long int> »
  521 |         static_assert(_Period::num > 0, "period must be positive");
      |                                ^~~
/usr/include/c++/15.2.1/bits/chrono.h:1261:36:   required from here
 1261 |                (__from(chrono::seconds(__t)));
      |                                           ^
/usr/include/c++/15.2.1/ratio:279:71: erreur: « value » n'est pas un membre de « blender::std::__static_gcd<1, 1> »
  279 |         _Num * __static_sign<_Den>::value / __static_gcd<_Num, _Den>::value;
      |                                                                       ^~~~~
/usr/include/c++/15.2.1/ratio: In instantiation of « constexpr const intmax_t blender::std::ratio<1>::den »:
/usr/include/c++/15.2.1/ratio:284:31:   required from « struct blender::std::ratio<1> »
  284 |       typedef ratio<num, den> type;
      |                               ^~~~
/usr/include/c++/15.2.1/bits/chrono.h:521:25:   required from « class blender::std::chrono::duration<long int> »
  521 |         static_assert(_Period::num > 0, "period must be positive");
      |                                ^~~
/usr/include/c++/15.2.1/bits/chrono.h:1261:36:   required from here
 1261 |                (__from(chrono::seconds(__t)));
      |                                           ^
/usr/include/c++/15.2.1/ratio:282:29: erreur: type « blender::std::__static_abs<1> » incomplet utilisé dans un spécificateur de noms imbriqué
  282 |         __static_abs<_Den>::value / __static_gcd<_Num, _Den>::value;
      |                             ^~~~~
/usr/include/c++/15.2.1/ratio:282:63: erreur: « value » n'est pas un membre de « blender::std::__static_gcd<1, 1> »
  282 |         __static_abs<_Den>::value / __static_gcd<_Num, _Den>::value;
      |                                                               ^~~~~
/usr/include/c++/15.2.1/bits/chrono.h: In instantiation of « class blender::std::chrono::duration<long int> »:
/usr/include/c++/15.2.1/bits/chrono.h:1261:36:   required from here
 1261 |                (__from(chrono::seconds(__t)));
      |                                           ^
/usr/include/c++/15.2.1/bits/chrono.h:521:36: erreur: condition non constante pour l'assertion statique
  521 |         static_assert(_Period::num > 0, "period must be positive");
      |                                ~~~~^~~
/usr/include/c++/15.2.1/bits/chrono.h:1261:43: erreur: pas de fonction concordante pour l'appel à « blender::std::chrono::duration<long int>::duration(time_t&) »
 1261 |                (__from(chrono::seconds(__t)));
      |                                           ^
/usr/include/c++/15.2.1/bits/chrono.h:1261:43: note: il y a 4 candidats
/usr/include/c++/15.2.1/bits/chrono.h:585:21: note: candidat 1 : « template<class _Rep2, class _Period2, class> constexpr blender::std::chrono::duration<_Rep, _Period>::duration(const blender::std::chrono::duration<_Rep, _Period>&) [with _Period2 = _Rep2; <template-parameter-2-3> = _Period2; _Rep = long int; _Period = blender::std::ratio<1>] »
  585 |           constexpr duration(const duration<_Rep2, _Period2>& __d)
      |                     ^~~~~~~~
/usr/include/c++/15.2.1/bits/chrono.h:585:21: note: la déduction/substitution de l'argument du patron a échoué:
/usr/include/c++/15.2.1/bits/chrono.h:1261:43: note:   types « const blender::std::chrono::duration<_Rep1, _Period1> » et « time_t » {aka « long int »} non concordants
 1261 |                (__from(chrono::seconds(__t)));
      |                                           ^
/usr/include/c++/15.2.1/bits/chrono.h:577:30: note: candidat 2 : « template<class _Rep2, class> constexpr blender::std::chrono::duration<_Rep, _Period>::duration(const _Rep2&) [with <template-parameter-2-2> = _Rep2; _Rep = long int; _Period = blender::std::ratio<1>] »
  577 |           constexpr explicit duration(const _Rep2& __rep)
      |                              ^~~~~~~~
/usr/include/c++/15.2.1/bits/chrono.h:577:30: note: la déduction/substitution de l'argument du patron a échoué:
/usr/include/c++/15.2.1/bits/chrono.h:570:9: note: candidate 3: « constexpr blender::std::chrono::duration<_Rep, _Period>::duration(const blender::std::chrono::duration<_Rep, _Period>&) [with _Rep = long int; _Period = blender::std::ratio<1>] »
  570 |         duration(const duration&) = default;
      |         ^~~~~~~~
/usr/include/c++/15.2.1/bits/chrono.h:570:18: note: pas de conversion connue pour convertir l'argument 1 depuis « time_t » {aka « long int »} vers « const blender::std::chrono::duration<long int>& »
  570 |         duration(const duration&) = default;
      |                  ^~~~~~~~~~~~~~~
/usr/include/c++/15.2.1/bits/chrono.h:568:19: note: candidate 4: « blender::std::chrono::duration<_Rep, _Period>::duration() [with _Rep = long int; _Period = blender::std::ratio<1>] »
  568 |         constexpr duration() = default;
      |                   ^~~~~~~~
/usr/include/c++/15.2.1/bits/chrono.h:568:19: note: le candidat attend 0 argument, 1 fourni(s)
/usr/include/c++/15.2.1/bits/chrono.h: In instantiation of « class blender::std::chrono::time_point<blender::std::chrono::_V2::system_clock, blender::std::chrono::duration<long int> > »:
/usr/include/c++/15.2.1/bits/chrono.h:1261:37:   required from here
 1261 |                (__from(chrono::seconds(__t)));
      |                                            ^
/usr/include/c++/15.2.1/bits/chrono.h:928:44: erreur: « value » n'est pas un membre de « blender::std::chrono::__is_duration<blender::std::chrono::duration<long int> > »
  928 |         static_assert(__is_duration<_Dur>::value,
      |                                            ^~~~~
/usr/include/c++/15.2.1/bits/chrono.h: In instantiation of « class blender::std::chrono::duration<long double, blender::std::ratio<3600> > »:
/usr/include/c++/15.2.1/bits/chrono.h:1379:36:   required from here
 1379 |     operator""h(long double __hours)
      |                                    ^
/usr/include/c++/15.2.1/bits/chrono.h:517:45: erreur: « value » n'est pas un membre de « blender::std::chrono::__is_duration<long double> »
  517 |         static_assert(!__is_duration<_Rep>::value,
      |                                             ^~~~~
/usr/include/c++/15.2.1/bits/chrono.h:519:44: erreur: « value » n'est pas un membre de « blender::std::__is_ratio<blender::std::ratio<3600> > »
  519 |         static_assert(__is_ratio<_Period>::value,
      |                                            ^~~~~
/usr/include/c++/15.2.1/ratio: In instantiation of « constexpr const intmax_t blender::std::ratio<3600>::num »:
/usr/include/c++/15.2.1/ratio:284:31:   required from « struct blender::std::ratio<3600> »
  284 |       typedef ratio<num, den> type;
      |                               ^~~~
/usr/include/c++/15.2.1/bits/chrono.h:521:25:   required from « class blender::std::chrono::duration<long double, blender::std::ratio<3600> > »
  521 |         static_assert(_Period::num > 0, "period must be positive");
      |                                ^~~
/usr/include/c++/15.2.1/bits/chrono.h:1379:36:   required from here
 1379 |     operator""h(long double __hours)
      |                                    ^
/usr/include/c++/15.2.1/ratio:279:37: erreur: type « blender::std::__static_sign<1> » incomplet utilisé dans un spécificateur de noms imbriqué
  279 |         _Num * __static_sign<_Den>::value / __static_gcd<_Num, _Den>::value;
      |                                     ^~~~~
/usr/include/c++/15.2.1/ratio: In instantiation of « struct blender::std::__static_gcd<3600, 1> »:
/usr/include/c++/15.2.1/ratio:279:71:   required from « constexpr const intmax_t blender::std::ratio<3600>::num »
  279 |         _Num * __static_sign<_Den>::value / __static_gcd<_Num, _Den>::value;
      |                                                                       ^~~~~
/usr/include/c++/15.2.1/ratio:284:31:   required from « struct blender::std::ratio<3600> »
  284 |       typedef ratio<num, den> type;
      |                               ^~~~
/usr/include/c++/15.2.1/bits/chrono.h:521:25:   required from « class blender::std::chrono::duration<long double, blender::std::ratio<3600> > »
  521 |         static_assert(_Period::num > 0, "period must be positive");
      |                                ^~~
/usr/include/c++/15.2.1/bits/chrono.h:1379:36:   required from here
 1379 |     operator""h(long double __hours)
      |                                    ^
/usr/include/c++/15.2.1/ratio:72:12: erreur: utilisation invalide du type incomplet « struct blender::std::__static_gcd<1, 0> »
   72 |     struct __static_gcd
      |            ^~~~~~~~~~~~
/usr/include/c++/15.2.1/ratio:72:12: note: déclaration de « struct blender::std::__static_gcd<1, 0> »
/usr/include/c++/15.2.1/ratio: In instantiation of « constexpr const intmax_t blender::std::ratio<3600>::num »:
/usr/include/c++/15.2.1/ratio:284:31:   required from « struct blender::std::ratio<3600> »
  284 |       typedef ratio<num, den> type;
      |                               ^~~~
/usr/include/c++/15.2.1/bits/chrono.h:521:25:   required from « class blender::std::chrono::duration<long double, blender::std::ratio<3600> > »
  521 |         static_assert(_Period::num > 0, "period must be positive");
      |                                ^~~
/usr/include/c++/15.2.1/bits/chrono.h:1379:36:   required from here
 1379 |     operator""h(long double __hours)
      |                                    ^
/usr/include/c++/15.2.1/ratio:279:71: erreur: « value » n'est pas un membre de « blender::std::__static_gcd<3600, 1> »
  279 |         _Num * __static_sign<_Den>::value / __static_gcd<_Num, _Den>::value;
      |                                                                       ^~~~~
/usr/include/c++/15.2.1/ratio: In instantiation of « constexpr const intmax_t blender::std::ratio<3600>::den »:
/usr/include/c++/15.2.1/ratio:284:31:   required from « struct blender::std::ratio<3600> »
  284 |       typedef ratio<num, den> type;
      |                               ^~~~
/usr/include/c++/15.2.1/bits/chrono.h:521:25:   required from « class blender::std::chrono::duration<long double, blender::std::ratio<3600> > »
  521 |         static_assert(_Period::num > 0, "period must be positive");
      |                                ^~~
/usr/include/c++/15.2.1/bits/chrono.h:1379:36:   required from here
 1379 |     operator""h(long double __hours)
      |                                    ^
/usr/include/c++/15.2.1/ratio:282:29: erreur: type « blender::std::__static_abs<1> » incomplet utilisé dans un spécificateur de noms imbriqué
  282 |         __static_abs<_Den>::value / __static_gcd<_Num, _Den>::value;
      |                             ^~~~~
/usr/include/c++/15.2.1/ratio:282:63: erreur: « value » n'est pas un membre de « blender::std::__static_gcd<3600, 1> »
  282 |         __static_abs<_Den>::value / __static_gcd<_Num, _Den>::value;
      |                                                               ^~~~~
/usr/include/c++/15.2.1/bits/chrono.h: In instantiation of « class blender::std::chrono::duration<long double, blender::std::ratio<3600> > »:
/usr/include/c++/15.2.1/bits/chrono.h:1379:36:   required from here
 1379 |     operator""h(long double __hours)
      |                                    ^
/usr/include/c++/15.2.1/bits/chrono.h:521:36: erreur: condition non constante pour l'assertion statique
  521 |         static_assert(_Period::num > 0, "period must be positive");
      |                                ~~~~^~~
/usr/include/c++/15.2.1/bits/chrono.h: In function « constexpr blender::std::chrono::duration<long double, blender::std::ratio<3600> > blender::std::literals::chrono_literals::operator""h(long double) »:
/usr/include/c++/15.2.1/bits/chrono.h:1380:66: erreur: pas de fonction concordante pour l'appel à « blender::std::chrono::duration<long double, blender::std::ratio<3600> >::duration(<brace-enclosed initializer list>) »
 1380 |     { return chrono::duration<long double, ratio<3600,1>>{__hours}; }
      |                                                                  ^
/usr/include/c++/15.2.1/bits/chrono.h:1380:66: note: il y a 4 candidats
/usr/include/c++/15.2.1/bits/chrono.h:585:21: note: candidat 1 : « template<class _Rep2, class _Period2, class> constexpr blender::std::chrono::duration<_Rep, _Period>::duration(const blender::std::chrono::duration<_Rep, _Period>&) [with _Period2 = _Rep2; <template-parameter-2-3> = _Period2; _Rep = long double; _Period = blender::std::ratio<3600>] »
  585 |           constexpr duration(const duration<_Rep2, _Period2>& __d)
      |                     ^~~~~~~~
/usr/include/c++/15.2.1/bits/chrono.h:585:21: note: la déduction/substitution de l'argument du patron a échoué:
/usr/include/c++/15.2.1/bits/chrono.h:1380:66: note:   types « const blender::std::chrono::duration<_Rep1, _Period1> » et « long double » non concordants
 1380 |     { return chrono::duration<long double, ratio<3600,1>>{__hours}; }
      |                                                                  ^
/usr/include/c++/15.2.1/bits/chrono.h:577:30: note: candidat 2 : « template<class _Rep2, class> constexpr blender::std::chrono::duration<_Rep, _Period>::duration(const _Rep2&) [with <template-parameter-2-2> = _Rep2; _Rep = long double; _Period = blender::std::ratio<3600>] »
  577 |           constexpr explicit duration(const _Rep2& __rep)
      |                              ^~~~~~~~
/usr/include/c++/15.2.1/bits/chrono.h:577:30: note: la déduction/substitution de l'argument du patron a échoué:
/usr/include/c++/15.2.1/bits/chrono.h:570:9: note: candidate 3: « constexpr blender::std::chrono::duration<_Rep, _Period>::duration(const blender::std::chrono::duration<_Rep, _Period>&) [with _Rep = long double; _Period = blender::std::ratio<3600>] »
  570 |         duration(const duration&) = default;
      |         ^~~~~~~~
/usr/include/c++/15.2.1/bits/chrono.h:570:18: note: pas de conversion connue pour convertir l'argument 1 depuis « long double » vers « const blender::std::chrono::duration<long double, blender::std::ratio<3600> >& »
  570 |         duration(const duration&) = default;
      |                  ^~~~~~~~~~~~~~~
/usr/include/c++/15.2.1/bits/chrono.h:568:19: note: candidate 4: « blender::std::chrono::duration<_Rep, _Period>::duration() [with _Rep = long double; _Period = blender::std::ratio<3600>] »
  568 |         constexpr duration() = default;
      |                   ^~~~~~~~
/usr/include/c++/15.2.1/bits/chrono.h:568:19: note: le candidat attend 0 argument, 1 fourni(s)
/usr/include/c++/15.2.1/bits/chrono.h: In instantiation of « class blender::std::chrono::duration<long int, blender::std::ratio<3600> > »:
/usr/include/c++/15.2.1/bits/chrono.h:1385:19:   required from here
 1385 |       operator""h()
      |                   ^
/usr/include/c++/15.2.1/bits/chrono.h:517:45: erreur: « value » n'est pas un membre de « blender::std::chrono::__is_duration<long int> »
  517 |         static_assert(!__is_duration<_Rep>::value,
      |                                             ^~~~~
/usr/include/c++/15.2.1/bits/chrono.h:519:44: erreur: « value » n'est pas un membre de « blender::std::__is_ratio<blender::std::ratio<3600> > »
  519 |         static_assert(__is_ratio<_Period>::value,
      |                                            ^~~~~
/usr/include/c++/15.2.1/bits/chrono.h:521:36: erreur: condition non constante pour l'assertion statique
  521 |         static_assert(_Period::num > 0, "period must be positive");
      |                                ~~~~^~~
/usr/include/c++/15.2.1/bits/chrono.h: In instantiation of « class blender::std::chrono::duration<long double, blender::std::ratio<60> > »:
/usr/include/c++/15.2.1/bits/chrono.h:1390:37:   required from here
 1390 |     operator""min(long double __mins)
      |                                     ^
/usr/include/c++/15.2.1/bits/chrono.h:517:45: erreur: « value » n'est pas un membre de « blender::std::chrono::__is_duration<long double> »
  517 |         static_assert(!__is_duration<_Rep>::value,
      |                                             ^~~~~
/usr/include/c++/15.2.1/bits/chrono.h:519:44: erreur: « value » n'est pas un membre de « blender::std::__is_ratio<blender::std::ratio<60> > »
  519 |         static_assert(__is_ratio<_Period>::value,
      |                                            ^~~~~
/usr/include/c++/15.2.1/ratio: In instantiation of « constexpr const intmax_t blender::std::ratio<60>::num »:
/usr/include/c++/15.2.1/ratio:284:31:   required from « struct blender::std::ratio<60> »
  284 |       typedef ratio<num, den> type;
      |                               ^~~~
/usr/include/c++/15.2.1/bits/chrono.h:521:25:   required from « class blender::std::chrono::duration<long double, blender::std::ratio<60> > »
  521 |         static_assert(_Period::num > 0, "period must be positive");
      |                                ^~~
/usr/include/c++/15.2.1/bits/chrono.h:1390:37:   required from here
 1390 |     operator""min(long double __mins)
      |                                     ^
/usr/include/c++/15.2.1/ratio:279:37: erreur: type « blender::std::__static_sign<1> » incomplet utilisé dans un spécificateur de noms imbriqué
  279 |         _Num * __static_sign<_Den>::value / __static_gcd<_Num, _Den>::value;
      |                                     ^~~~~
/usr/include/c++/15.2.1/ratio: In instantiation of « struct blender::std::__static_gcd<60, 1> »:
/usr/include/c++/15.2.1/ratio:279:71:   required from « constexpr const intmax_t blender::std::ratio<60>::num »
  279 |         _Num * __static_sign<_Den>::value / __static_gcd<_Num, _Den>::value;
      |                                                                       ^~~~~
/usr/include/c++/15.2.1/ratio:284:31:   required from « struct blender::std::ratio<60> »
  284 |       typedef ratio<num, den> type;
      |                               ^~~~
/usr/include/c++/15.2.1/bits/chrono.h:521:25:   required from « class blender::std::chrono::duration<long double, blender::std::ratio<60> > »
  521 |         static_assert(_Period::num > 0, "period must be positive");
      |                                ^~~
/usr/include/c++/15.2.1/bits/chrono.h:1390:37:   required from here
 1390 |     operator""min(long double __mins)
      |                                     ^
/usr/include/c++/15.2.1/ratio:72:12: erreur: utilisation invalide du type incomplet « struct blender::std::__static_gcd<1, 0> »
   72 |     struct __static_gcd
      |            ^~~~~~~~~~~~
/usr/include/c++/15.2.1/ratio:72:12: note: déclaration de « struct blender::std::__static_gcd<1, 0> »
/usr/include/c++/15.2.1/ratio: In instantiation of « constexpr const intmax_t blender::std::ratio<60>::num »:
/usr/include/c++/15.2.1/ratio:284:31:   required from « struct blender::std::ratio<60> »
  284 |       typedef ratio<num, den> type;
      |                               ^~~~
/usr/include/c++/15.2.1/bits/chrono.h:521:25:   required from « class blender::std::chrono::duration<long double, blender::std::ratio<60> > »
  521 |         static_assert(_Period::num > 0, "period must be positive");
      |                                ^~~
/usr/include/c++/15.2.1/bits/chrono.h:1390:37:   required from here
 1390 |     operator""min(long double __mins)
      |                                     ^
/usr/include/c++/15.2.1/ratio:279:71: erreur: « value » n'est pas un membre de « blender::std::__static_gcd<60, 1> »
  279 |         _Num * __static_sign<_Den>::value / __static_gcd<_Num, _Den>::value;
      |                                                                       ^~~~~
/usr/include/c++/15.2.1/ratio: In instantiation of « constexpr const intmax_t blender::std::ratio<60>::den »:
/usr/include/c++/15.2.1/ratio:284:31:   required from « struct blender::std::ratio<60> »
  284 |       typedef ratio<num, den> type;
      |                               ^~~~
/usr/include/c++/15.2.1/bits/chrono.h:521:25:   required from « class blender::std::chrono::duration<long double, blender::std::ratio<60> > »
  521 |         static_assert(_Period::num > 0, "period must be positive");
      |                                ^~~
/usr/include/c++/15.2.1/bits/chrono.h:1390:37:   required from here
 1390 |     operator""min(long double __mins)
      |                                     ^
/usr/include/c++/15.2.1/ratio:282:29: erreur: type « blender::std::__static_abs<1> » incomplet utilisé dans un spécificateur de noms imbriqué
  282 |         __static_abs<_Den>::value / __static_gcd<_Num, _Den>::value;
      |                             ^~~~~
/usr/include/c++/15.2.1/ratio:282:63: erreur: « value » n'est pas un membre de « blender::std::__static_gcd<60, 1> »
  282 |         __static_abs<_Den>::value / __static_gcd<_Num, _Den>::value;
      |                                                               ^~~~~
/usr/include/c++/15.2.1/bits/chrono.h: In instantiation of « class blender::std::chrono::duration<long double, blender::std::ratio<60> > »:
/usr/include/c++/15.2.1/bits/chrono.h:1390:37:   required from here
 1390 |     operator""min(long double __mins)
      |                                     ^
/usr/include/c++/15.2.1/bits/chrono.h:521:36: erreur: condition non constante pour l'assertion statique
  521 |         static_assert(_Period::num > 0, "period must be positive");
      |                                ~~~~^~~
/usr/include/c++/15.2.1/bits/chrono.h: In function « constexpr blender::std::chrono::duration<long double, blender::std::ratio<60> > blender::std::literals::chrono_literals::operator""min(long double) »:
/usr/include/c++/15.2.1/bits/chrono.h:1391:63: erreur: pas de fonction concordante pour l'appel à « blender::std::chrono::duration<long double, blender::std::ratio<60> >::duration(<brace-enclosed initializer list>) »
 1391 |     { return chrono::duration<long double, ratio<60,1>>{__mins}; }
      |                                                               ^
/usr/include/c++/15.2.1/bits/chrono.h:1391:63: note: il y a 4 candidats
/usr/include/c++/15.2.1/bits/chrono.h:585:21: note: candidat 1 : « template<class _Rep2, class _Period2, class> constexpr blender::std::chrono::duration<_Rep, _Period>::duration(const blender::std::chrono::duration<_Rep, _Period>&) [with _Period2 = _Rep2; <template-parameter-2-3> = _Period2; _Rep = long double; _Period = blender::std::ratio<60>] »
  585 |           constexpr duration(const duration<_Rep2, _Period2>& __d)
      |                     ^~~~~~~~
/usr/include/c++/15.2.1/bits/chrono.h:585:21: note: la déduction/substitution de l'argument du patron a échoué:
/usr/include/c++/15.2.1/bits/chrono.h:1391:63: note:   types « const blender::std::chrono::duration<_Rep1, _Period1> » et « long double » non concordants
 1391 |     { return chrono::duration<long double, ratio<60,1>>{__mins}; }
      |                                                               ^
/usr/include/c++/15.2.1/bits/chrono.h:577:30: note: candidat 2 : « template<class _Rep2, class> constexpr blender::std::chrono::duration<_Rep, _Period>::duration(const _Rep2&) [with <template-parameter-2-2> = _Rep2; _Rep = long double; _Period = blender::std::ratio<60>] »
  577 |           constexpr explicit duration(const _Rep2& __rep)
      |                              ^~~~~~~~
/usr/include/c++/15.2.1/bits/chrono.h:577:30: note: la déduction/substitution de l'argument du patron a échoué:
/usr/include/c++/15.2.1/bits/chrono.h:570:9: note: candidate 3: « constexpr blender::std::chrono::duration<_Rep, _Period>::duration(const blender::std::chrono::duration<_Rep, _Period>&) [with _Rep = long double; _Period = blender::std::ratio<60>] »
  570 |         duration(const duration&) = default;
      |         ^~~~~~~~
/usr/include/c++/15.2.1/bits/chrono.h:570:18: note: pas de conversion connue pour convertir l'argument 1 depuis « long double » vers « const blender::std::chrono::duration<long double, blender::std::ratio<60> >& »
  570 |         duration(const duration&) = default;
      |                  ^~~~~~~~~~~~~~~
/usr/include/c++/15.2.1/bits/chrono.h:568:19: note: candidate 4: « blender::std::chrono::duration<_Rep, _Period>::duration() [with _Rep = long double; _Period = blender::std::ratio<60>] »
  568 |         constexpr duration() = default;
      |                   ^~~~~~~~
/usr/include/c++/15.2.1/bits/chrono.h:568:19: note: le candidat attend 0 argument, 1 fourni(s)
/usr/include/c++/15.2.1/bits/chrono.h: In instantiation of « class blender::std::chrono::duration<long int, blender::std::ratio<60> > »:
/usr/include/c++/15.2.1/bits/chrono.h:1396:21:   required from here
 1396 |       operator""min()
      |                     ^
/usr/include/c++/15.2.1/bits/chrono.h:517:45: erreur: « value » n'est pas un membre de « blender::std::chrono::__is_duration<long int> »
  517 |         static_assert(!__is_duration<_Rep>::value,
      |                                             ^~~~~
/usr/include/c++/15.2.1/bits/chrono.h:519:44: erreur: « value » n'est pas un membre de « blender::std::__is_ratio<blender::std::ratio<60> > »
  519 |         static_assert(__is_ratio<_Period>::value,
      |                                            ^~~~~
/usr/include/c++/15.2.1/bits/chrono.h:521:36: erreur: condition non constante pour l'assertion statique
  521 |         static_assert(_Period::num > 0, "period must be positive");
      |                                ~~~~^~~
/usr/include/c++/15.2.1/bits/chrono.h: In instantiation of « class blender::std::chrono::duration<long double> »:
/usr/include/c++/15.2.1/bits/chrono.h:1401:35:   required from here
 1401 |     operator""s(long double __secs)
      |                                   ^
/usr/include/c++/15.2.1/bits/chrono.h:517:45: erreur: « value » n'est pas un membre de « blender::std::chrono::__is_duration<long double> »
  517 |         static_assert(!__is_duration<_Rep>::value,
      |                                             ^~~~~
/usr/include/c++/15.2.1/bits/chrono.h:519:44: erreur: « value » n'est pas un membre de « blender::std::__is_ratio<blender::std::ratio<1> > »
  519 |         static_assert(__is_ratio<_Period>::value,
      |                                            ^~~~~
/usr/include/c++/15.2.1/bits/chrono.h:521:36: erreur: condition non constante pour l'assertion statique
  521 |         static_assert(_Period::num > 0, "period must be positive");
      |                                ~~~~^~~
/usr/include/c++/15.2.1/bits/chrono.h: In function « constexpr blender::std::chrono::duration<long double> blender::std::literals::chrono_literals::operator""s(long double) »:
/usr/include/c++/15.2.1/bits/chrono.h:1402:50: erreur: pas de fonction concordante pour l'appel à « blender::std::chrono::duration<long double>::duration(<brace-enclosed initializer list>) »
 1402 |     { return chrono::duration<long double>{__secs}; }
      |                                                  ^
/usr/include/c++/15.2.1/bits/chrono.h:1402:50: note: il y a 4 candidats
/usr/include/c++/15.2.1/bits/chrono.h:585:21: note: candidat 1 : « template<class _Rep2, class _Period2, class> constexpr blender::std::chrono::duration<_Rep, _Period>::duration(const blender::std::chrono::duration<_Rep, _Period>&) [with _Period2 = _Rep2; <template-parameter-2-3> = _Period2; _Rep = long double; _Period = blender::std::ratio<1>] »
  585 |           constexpr duration(const duration<_Rep2, _Period2>& __d)
      |                     ^~~~~~~~
/usr/include/c++/15.2.1/bits/chrono.h:585:21: note: la déduction/substitution de l'argument du patron a échoué:
/usr/include/c++/15.2.1/bits/chrono.h:1402:50: note:   types « const blender::std::chrono::duration<_Rep1, _Period1> » et « long double » non concordants
 1402 |     { return chrono::duration<long double>{__secs}; }
      |                                                  ^
/usr/include/c++/15.2.1/bits/chrono.h:577:30: note: candidat 2 : « template<class _Rep2, class> constexpr blender::std::chrono::duration<_Rep, _Period>::duration(const _Rep2&) [with <template-parameter-2-2> = _Rep2; _Rep = long double; _Period = blender::std::ratio<1>] »
  577 |           constexpr explicit duration(const _Rep2& __rep)
      |                              ^~~~~~~~
/usr/include/c++/15.2.1/bits/chrono.h:577:30: note: la déduction/substitution de l'argument du patron a échoué:
/usr/include/c++/15.2.1/bits/chrono.h:570:9: note: candidate 3: « constexpr blender::std::chrono::duration<_Rep, _Period>::duration(const blender::std::chrono::duration<_Rep, _Period>&) [with _Rep = long double; _Period = blender::std::ratio<1>] »
  570 |         duration(const duration&) = default;
      |         ^~~~~~~~
/usr/include/c++/15.2.1/bits/chrono.h:570:18: note: pas de conversion connue pour convertir l'argument 1 depuis « long double » vers « const blender::std::chrono::duration<long double>& »
  570 |         duration(const duration&) = default;
      |                  ^~~~~~~~~~~~~~~
/usr/include/c++/15.2.1/bits/chrono.h:568:19: note: candidate 4: « blender::std::chrono::duration<_Rep, _Period>::duration() [with _Rep = long double; _Period = blender::std::ratio<1>] »
  568 |         constexpr duration() = default;
      |                   ^~~~~~~~
/usr/include/c++/15.2.1/bits/chrono.h:568:19: note: le candidat attend 0 argument, 1 fourni(s)
/usr/include/c++/15.2.1/bits/chrono.h: In instantiation of « class blender::std::chrono::duration<long double, blender::std::ratio<1, 1000> > »:
/usr/include/c++/15.2.1/bits/chrono.h:1412:37:   required from here
 1412 |     operator""ms(long double __msecs)
      |                                     ^
/usr/include/c++/15.2.1/bits/chrono.h:517:45: erreur: « value » n'est pas un membre de « blender::std::chrono::__is_duration<long double> »
  517 |         static_assert(!__is_duration<_Rep>::value,
      |                                             ^~~~~
/usr/include/c++/15.2.1/bits/chrono.h:519:44: erreur: « value » n'est pas un membre de « blender::std::__is_ratio<blender::std::ratio<1, 1000> > »
  519 |         static_assert(__is_ratio<_Period>::value,
      |                                            ^~~~~
/usr/include/c++/15.2.1/ratio: In instantiation of « constexpr const intmax_t blender::std::ratio<1, 1000>::num »:
/usr/include/c++/15.2.1/ratio:284:31:   required from « struct blender::std::ratio<1, 1000> »
  284 |       typedef ratio<num, den> type;
      |                               ^~~~
/usr/include/c++/15.2.1/bits/chrono.h:521:25:   required from « class blender::std::chrono::duration<long double, blender::std::ratio<1, 1000> > »
  521 |         static_assert(_Period::num > 0, "period must be positive");
      |                                ^~~
/usr/include/c++/15.2.1/bits/chrono.h:1412:37:   required from here
 1412 |     operator""ms(long double __msecs)
      |                                     ^
/usr/include/c++/15.2.1/ratio:279:37: erreur: type « blender::std::__static_sign<1000> » incomplet utilisé dans un spécificateur de noms imbriqué
  279 |         _Num * __static_sign<_Den>::value / __static_gcd<_Num, _Den>::value;
      |                                     ^~~~~
/usr/include/c++/15.2.1/ratio: In instantiation of « struct blender::std::__static_gcd<1000, 1> »:
/usr/include/c++/15.2.1/ratio:72:12:   required from « struct blender::std::__static_gcd<1, 1000> »
   72 |     struct __static_gcd
      |            ^~~~~~~~~~~~
/usr/include/c++/15.2.1/ratio:279:71:   required from « constexpr const intmax_t blender::std::ratio<1, 1000>::num »
  279 |         _Num * __static_sign<_Den>::value / __static_gcd<_Num, _Den>::value;
      |                                                                       ^~~~~
/usr/include/c++/15.2.1/ratio:284:31:   required from « struct blender::std::ratio<1, 1000> »
  284 |       typedef ratio<num, den> type;
      |                               ^~~~
/usr/include/c++/15.2.1/bits/chrono.h:521:25:   required from « class blender::std::chrono::duration<long double, blender::std::ratio<1, 1000> > »
  521 |         static_assert(_Period::num > 0, "period must be positive");
      |                                ^~~
/usr/include/c++/15.2.1/bits/chrono.h:1412:37:   required from here
 1412 |     operator""ms(long double __msecs)
      |                                     ^
/usr/include/c++/15.2.1/ratio:72:12: erreur: utilisation invalide du type incomplet « struct blender::std::__static_gcd<1, 0> »
   72 |     struct __static_gcd
      |            ^~~~~~~~~~~~
/usr/include/c++/15.2.1/ratio:72:12: note: déclaration de « struct blender::std::__static_gcd<1, 0> »
/usr/include/c++/15.2.1/ratio: In instantiation of « constexpr const intmax_t blender::std::ratio<1, 1000>::num »:
/usr/include/c++/15.2.1/ratio:284:31:   required from « struct blender::std::ratio<1, 1000> »
  284 |       typedef ratio<num, den> type;
      |                               ^~~~
/usr/include/c++/15.2.1/bits/chrono.h:521:25:   required from « class blender::std::chrono::duration<long double, blender::std::ratio<1, 1000> > »
  521 |         static_assert(_Period::num > 0, "period must be positive");
      |                                ^~~
/usr/include/c++/15.2.1/bits/chrono.h:1412:37:   required from here
 1412 |     operator""ms(long double __msecs)
      |                                     ^
/usr/include/c++/15.2.1/ratio:279:71: erreur: « value » n'est pas un membre de « blender::std::__static_gcd<1, 1000> »
  279 |         _Num * __static_sign<_Den>::value / __static_gcd<_Num, _Den>::value;
      |                                                                       ^~~~~
/usr/include/c++/15.2.1/ratio: In instantiation of « constexpr const intmax_t blender::std::ratio<1, 1000>::den »:
/usr/include/c++/15.2.1/ratio:284:31:   required from « struct blender::std::ratio<1, 1000> »
  284 |       typedef ratio<num, den> type;
      |                               ^~~~
/usr/include/c++/15.2.1/bits/chrono.h:521:25:   required from « class blender::std::chrono::duration<long double, blender::std::ratio<1, 1000> > »
  521 |         static_assert(_Period::num > 0, "period must be positive");
      |                                ^~~
/usr/include/c++/15.2.1/bits/chrono.h:1412:37:   required from here
 1412 |     operator""ms(long double __msecs)
      |                                     ^
/usr/include/c++/15.2.1/ratio:282:29: erreur: type « blender::std::__static_abs<1000> » incomplet utilisé dans un spécificateur de noms imbriqué
  282 |         __static_abs<_Den>::value / __static_gcd<_Num, _Den>::value;
      |                             ^~~~~
/usr/include/c++/15.2.1/ratio:282:63: erreur: « value » n'est pas un membre de « blender::std::__static_gcd<1, 1000> »
  282 |         __static_abs<_Den>::value / __static_gcd<_Num, _Den>::value;
      |                                                               ^~~~~
/usr/include/c++/15.2.1/bits/chrono.h: In instantiation of « class blender::std::chrono::duration<long double, blender::std::ratio<1, 1000> > »:
/usr/include/c++/15.2.1/bits/chrono.h:1412:37:   required from here
 1412 |     operator""ms(long double __msecs)
      |                                     ^
/usr/include/c++/15.2.1/bits/chrono.h:521:36: erreur: condition non constante pour l'assertion statique
  521 |         static_assert(_Period::num > 0, "period must be positive");
      |                                ~~~~^~~
/usr/include/c++/15.2.1/bits/chrono.h: In function « constexpr blender::std::chrono::duration<long double, blender::std::ratio<1, 1000> > blender::std::literals::chrono_literals::operator""ms(long double) »:
/usr/include/c++/15.2.1/bits/chrono.h:1413:58: erreur: pas de fonction concordante pour l'appel à « blender::std::chrono::duration<long double, blender::std::ratio<1, 1000> >::duration(<brace-enclosed initializer list>) »
 1413 |     { return chrono::duration<long double, milli>{__msecs}; }
      |                                                          ^
/usr/include/c++/15.2.1/bits/chrono.h:1413:58: note: il y a 4 candidats
/usr/include/c++/15.2.1/bits/chrono.h:585:21: note: candidat 1 : « template<class _Rep2, class _Period2, class> constexpr blender::std::chrono::duration<_Rep, _Period>::duration(const blender::std::chrono::duration<_Rep, _Period>&) [with _Period2 = _Rep2; <template-parameter-2-3> = _Period2; _Rep = long double; _Period = blender::std::ratio<1, 1000>] »
  585 |           constexpr duration(const duration<_Rep2, _Period2>& __d)
      |                     ^~~~~~~~
/usr/include/c++/15.2.1/bits/chrono.h:585:21: note: la déduction/substitution de l'argument du patron a échoué:
/usr/include/c++/15.2.1/bits/chrono.h:1413:58: note:   types « const blender::std::chrono::duration<_Rep1, _Period1> » et « long double » non concordants
 1413 |     { return chrono::duration<long double, milli>{__msecs}; }
      |                                                          ^
/usr/include/c++/15.2.1/bits/chrono.h:577:30: note: candidat 2 : « template<class _Rep2, class> constexpr blender::std::chrono::duration<_Rep, _Period>::duration(const _Rep2&) [with <template-parameter-2-2> = _Rep2; _Rep = long double; _Period = blender::std::ratio<1, 1000>] »
  577 |           constexpr explicit duration(const _Rep2& __rep)
      |                              ^~~~~~~~
/usr/include/c++/15.2.1/bits/chrono.h:577:30: note: la déduction/substitution de l'argument du patron a échoué:
/usr/include/c++/15.2.1/bits/chrono.h:570:9: note: candidate 3: « constexpr blender::std::chrono::duration<_Rep, _Period>::duration(const blender::std::chrono::duration<_Rep, _Period>&) [with _Rep = long double; _Period = blender::std::ratio<1, 1000>] »
  570 |         duration(const duration&) = default;
      |         ^~~~~~~~
/usr/include/c++/15.2.1/bits/chrono.h:570:18: note: pas de conversion connue pour convertir l'argument 1 depuis « long double » vers « const blender::std::chrono::duration<long double, blender::std::ratio<1, 1000> >& »
  570 |         duration(const duration&) = default;
      |                  ^~~~~~~~~~~~~~~
/usr/include/c++/15.2.1/bits/chrono.h:568:19: note: candidate 4: « blender::std::chrono::duration<_Rep, _Period>::duration() [with _Rep = long double; _Period = blender::std::ratio<1, 1000>] »
  568 |         constexpr duration() = default;
      |                   ^~~~~~~~
/usr/include/c++/15.2.1/bits/chrono.h:568:19: note: le candidat attend 0 argument, 1 fourni(s)
/usr/include/c++/15.2.1/bits/chrono.h: In instantiation of « class blender::std::chrono::duration<long int, blender::std::ratio<1, 1000> > »:
/usr/include/c++/15.2.1/bits/chrono.h:1418:20:   required from here
 1418 |       operator""ms()
      |                    ^
/usr/include/c++/15.2.1/bits/chrono.h:517:45: erreur: « value » n'est pas un membre de « blender::std::chrono::__is_duration<long int> »
  517 |         static_assert(!__is_duration<_Rep>::value,
      |                                             ^~~~~
/usr/include/c++/15.2.1/bits/chrono.h:519:44: erreur: « value » n'est pas un membre de « blender::std::__is_ratio<blender::std::ratio<1, 1000> > »
  519 |         static_assert(__is_ratio<_Period>::value,
      |                                            ^~~~~
/usr/include/c++/15.2.1/bits/chrono.h:521:36: erreur: condition non constante pour l'assertion statique
  521 |         static_assert(_Period::num > 0, "period must be positive");
      |                                ~~~~^~~
/usr/include/c++/15.2.1/bits/chrono.h: In instantiation of « class blender::std::chrono::duration<long double, blender::std::ratio<1, 1000000> > »:
/usr/include/c++/15.2.1/bits/chrono.h:1423:37:   required from here
 1423 |     operator""us(long double __usecs)
      |                                     ^
/usr/include/c++/15.2.1/bits/chrono.h:517:45: erreur: « value » n'est pas un membre de « blender::std::chrono::__is_duration<long double> »
  517 |         static_assert(!__is_duration<_Rep>::value,
      |                                             ^~~~~
/usr/include/c++/15.2.1/bits/chrono.h:519:44: erreur: « value » n'est pas un membre de « blender::std::__is_ratio<blender::std::ratio<1, 1000000> > »
  519 |         static_assert(__is_ratio<_Period>::value,
      |                                            ^~~~~
/usr/include/c++/15.2.1/ratio: In instantiation of « constexpr const intmax_t blender::std::ratio<1, 1000000>::num »:
/usr/include/c++/15.2.1/ratio:284:31:   required from « struct blender::std::ratio<1, 1000000> »
  284 |       typedef ratio<num, den> type;
      |                               ^~~~
/usr/include/c++/15.2.1/bits/chrono.h:521:25:   required from « class blender::std::chrono::duration<long double, blender::std::ratio<1, 1000000> > »
  521 |         static_assert(_Period::num > 0, "period must be positive");
      |                                ^~~
/usr/include/c++/15.2.1/bits/chrono.h:1423:37:   required from here
 1423 |     operator""us(long double __usecs)
      |                                     ^
/usr/include/c++/15.2.1/ratio:279:37: erreur: type « blender::std::__static_sign<1000000> » incomplet utilisé dans un spécificateur de noms imbriqué
  279 |         _Num * __static_sign<_Den>::value / __static_gcd<_Num, _Den>::value;
      |                                     ^~~~~
/usr/include/c++/15.2.1/ratio: In instantiation of « struct blender::std::__static_gcd<1000000, 1> »:
/usr/include/c++/15.2.1/ratio:72:12:   required from « struct blender::std::__static_gcd<1, 1000000> »
   72 |     struct __static_gcd
      |            ^~~~~~~~~~~~
/usr/include/c++/15.2.1/ratio:279:71:   required from « constexpr const intmax_t blender::std::ratio<1, 1000000>::num »
  279 |         _Num * __static_sign<_Den>::value / __static_gcd<_Num, _Den>::value;
      |                                                                       ^~~~~
/usr/include/c++/15.2.1/ratio:284:31:   required from « struct blender::std::ratio<1, 1000000> »
  284 |       typedef ratio<num, den> type;
      |                               ^~~~
/usr/include/c++/15.2.1/bits/chrono.h:521:25:   required from « class blender::std::chrono::duration<long double, blender::std::ratio<1, 1000000> > »
  521 |         static_assert(_Period::num > 0, "period must be positive");
      |                                ^~~
/usr/include/c++/15.2.1/bits/chrono.h:1423:37:   required from here
 1423 |     operator""us(long double __usecs)
      |                                     ^
/usr/include/c++/15.2.1/ratio:72:12: erreur: utilisation invalide du type incomplet « struct blender::std::__static_gcd<1, 0> »
   72 |     struct __static_gcd
      |            ^~~~~~~~~~~~
/usr/include/c++/15.2.1/ratio:72:12: note: déclaration de « struct blender::std::__static_gcd<1, 0> »
/usr/include/c++/15.2.1/ratio: In instantiation of « constexpr const intmax_t blender::std::ratio<1, 1000000>::num »:
/usr/include/c++/15.2.1/ratio:284:31:   required from « struct blender::std::ratio<1, 1000000> »
  284 |       typedef ratio<num, den> type;
      |                               ^~~~
/usr/include/c++/15.2.1/bits/chrono.h:521:25:   required from « class blender::std::chrono::duration<long double, blender::std::ratio<1, 1000000> > »
  521 |         static_assert(_Period::num > 0, "period must be positive");
      |                                ^~~
/usr/include/c++/15.2.1/bits/chrono.h:1423:37:   required from here
 1423 |     operator""us(long double __usecs)
      |                                     ^
/usr/include/c++/15.2.1/ratio:279:71: erreur: « value » n'est pas un membre de « blender::std::__static_gcd<1, 1000000> »
  279 |         _Num * __static_sign<_Den>::value / __static_gcd<_Num, _Den>::value;
      |                                                                       ^~~~~
/usr/include/c++/15.2.1/ratio: In instantiation of « constexpr const intmax_t blender::std::ratio<1, 1000000>::den »:
/usr/include/c++/15.2.1/ratio:284:31:   required from « struct blender::std::ratio<1, 1000000> »
  284 |       typedef ratio<num, den> type;
      |                               ^~~~
/usr/include/c++/15.2.1/bits/chrono.h:521:25:   required from « class blender::std::chrono::duration<long double, blender::std::ratio<1, 1000000> > »
  521 |         static_assert(_Period::num > 0, "period must be positive");
      |                                ^~~
/usr/include/c++/15.2.1/bits/chrono.h:1423:37:   required from here
 1423 |     operator""us(long double __usecs)
      |                                     ^
/usr/include/c++/15.2.1/ratio:282:29: erreur: type « blender::std::__static_abs<1000000> » incomplet utilisé dans un spécificateur de noms imbriqué
  282 |         __static_abs<_Den>::value / __static_gcd<_Num, _Den>::value;
      |                             ^~~~~
/usr/include/c++/15.2.1/ratio:282:63: erreur: « value » n'est pas un membre de « blender::std::__static_gcd<1, 1000000> »
  282 |         __static_abs<_Den>::value / __static_gcd<_Num, _Den>::value;
      |                                                               ^~~~~
/usr/include/c++/15.2.1/bits/chrono.h: In instantiation of « class blender::std::chrono::duration<long double, blender::std::ratio<1, 1000000> > »:
/usr/include/c++/15.2.1/bits/chrono.h:1423:37:   required from here
 1423 |     operator""us(long double __usecs)
      |                                     ^
/usr/include/c++/15.2.1/bits/chrono.h:521:36: erreur: condition non constante pour l'assertion statique
  521 |         static_assert(_Period::num > 0, "period must be positive");
      |                                ~~~~^~~
/usr/include/c++/15.2.1/bits/chrono.h: In function « constexpr blender::std::chrono::duration<long double, blender::std::ratio<1, 1000000> > blender::std::literals::chrono_literals::operator""us(long double) »:
/usr/include/c++/15.2.1/bits/chrono.h:1424:58: erreur: pas de fonction concordante pour l'appel à « blender::std::chrono::duration<long double, blender::std::ratio<1, 1000000> >::duration(<brace-enclosed initializer list>) »
 1424 |     { return chrono::duration<long double, micro>{__usecs}; }
      |                                                          ^
/usr/include/c++/15.2.1/bits/chrono.h:1424:58: note: il y a 4 candidats
/usr/include/c++/15.2.1/bits/chrono.h:585:21: note: candidat 1 : « template<class _Rep2, class _Period2, class> constexpr blender::std::chrono::duration<_Rep, _Period>::duration(const blender::std::chrono::duration<_Rep, _Period>&) [with _Period2 = _Rep2; <template-parameter-2-3> = _Period2; _Rep = long double; _Period = blender::std::ratio<1, 1000000>] »
  585 |           constexpr duration(const duration<_Rep2, _Period2>& __d)
      |                     ^~~~~~~~
/usr/include/c++/15.2.1/bits/chrono.h:585:21: note: la déduction/substitution de l'argument du patron a échoué:
/usr/include/c++/15.2.1/bits/chrono.h:1424:58: note:   types « const blender::std::chrono::duration<_Rep1, _Period1> » et « long double » non concordants
 1424 |     { return chrono::duration<long double, micro>{__usecs}; }
      |                                                          ^
/usr/include/c++/15.2.1/bits/chrono.h:577:30: note: candidat 2 : « template<class _Rep2, class> constexpr blender::std::chrono::duration<_Rep, _Period>::duration(const _Rep2&) [with <template-parameter-2-2> = _Rep2; _Rep = long double; _Period = blender::std::ratio<1, 1000000>] »
  577 |           constexpr explicit duration(const _Rep2& __rep)
      |                              ^~~~~~~~
/usr/include/c++/15.2.1/bits/chrono.h:577:30: note: la déduction/substitution de l'argument du patron a échoué:
/usr/include/c++/15.2.1/bits/chrono.h:570:9: note: candidate 3: « constexpr blender::std::chrono::duration<_Rep, _Period>::duration(const blender::std::chrono::duration<_Rep, _Period>&) [with _Rep = long double; _Period = blender::std::ratio<1, 1000000>] »
  570 |         duration(const duration&) = default;
      |         ^~~~~~~~
/usr/include/c++/15.2.1/bits/chrono.h:570:18: note: pas de conversion connue pour convertir l'argument 1 depuis « long double » vers « const blender::std::chrono::duration<long double, blender::std::ratio<1, 1000000> >& »
  570 |         duration(const duration&) = default;
      |                  ^~~~~~~~~~~~~~~
/usr/include/c++/15.2.1/bits/chrono.h:568:19: note: candidate 4: « blender::std::chrono::duration<_Rep, _Period>::duration() [with _Rep = long double; _Period = blender::std::ratio<1, 1000000>] »
  568 |         constexpr duration() = default;
      |                   ^~~~~~~~
/usr/include/c++/15.2.1/bits/chrono.h:568:19: note: le candidat attend 0 argument, 1 fourni(s)
/usr/include/c++/15.2.1/bits/chrono.h: In instantiation of « class blender::std::chrono::duration<long int, blender::std::ratio<1, 1000000> > »:
/usr/include/c++/15.2.1/bits/chrono.h:1429:20:   required from here
 1429 |       operator""us()
      |                    ^
/usr/include/c++/15.2.1/bits/chrono.h:517:45: erreur: « value » n'est pas un membre de « blender::std::chrono::__is_duration<long int> »
  517 |         static_assert(!__is_duration<_Rep>::value,
      |                                             ^~~~~
/usr/include/c++/15.2.1/bits/chrono.h:519:44: erreur: « value » n'est pas un membre de « blender::std::__is_ratio<blender::std::ratio<1, 1000000> > »
  519 |         static_assert(__is_ratio<_Period>::value,
      |                                            ^~~~~
/usr/include/c++/15.2.1/bits/chrono.h:521:36: erreur: condition non constante pour l'assertion statique
  521 |         static_assert(_Period::num > 0, "period must be positive");
      |                                ~~~~^~~
/usr/include/c++/15.2.1/bits/chrono.h: In instantiation of « class blender::std::chrono::duration<long double, blender::std::ratio<1, 1000000000> > »:
/usr/include/c++/15.2.1/bits/chrono.h:1434:37:   required from here
 1434 |     operator""ns(long double __nsecs)
      |                                     ^
/usr/include/c++/15.2.1/bits/chrono.h:517:45: erreur: « value » n'est pas un membre de « blender::std::chrono::__is_duration<long double> »
  517 |         static_assert(!__is_duration<_Rep>::value,
      |                                             ^~~~~
/usr/include/c++/15.2.1/bits/chrono.h:519:44: erreur: « value » n'est pas un membre de « blender::std::__is_ratio<blender::std::ratio<1, 1000000000> > »
  519 |         static_assert(__is_ratio<_Period>::value,
      |                                            ^~~~~
/usr/include/c++/15.2.1/bits/chrono.h:521:36: erreur: condition non constante pour l'assertion statique
  521 |         static_assert(_Period::num > 0, "period must be positive");
      |                                ~~~~^~~
/usr/include/c++/15.2.1/bits/chrono.h: In function « constexpr blender::std::chrono::duration<long double, blender::std::ratio<1, 1000000000> > blender::std::literals::chrono_literals::operator""ns(long double) »:
/usr/include/c++/15.2.1/bits/chrono.h:1435:57: erreur: pas de fonction concordante pour l'appel à « blender::std::chrono::duration<long double, blender::std::ratio<1, 1000000000> >::duration(<brace-enclosed initializer list>) »
 1435 |     { return chrono::duration<long double, nano>{__nsecs}; }
      |                                                         ^
/usr/include/c++/15.2.1/bits/chrono.h:1435:57: note: il y a 4 candidats
/usr/include/c++/15.2.1/bits/chrono.h:585:21: note: candidat 1 : « template<class _Rep2, class _Period2, class> constexpr blender::std::chrono::duration<_Rep, _Period>::duration(const blender::std::chrono::duration<_Rep, _Period>&) [with _Period2 = _Rep2; <template-parameter-2-3> = _Period2; _Rep = long double; _Period = blender::std::ratio<1, 1000000000>] »
  585 |           constexpr duration(const duration<_Rep2, _Period2>& __d)
      |                     ^~~~~~~~
/usr/include/c++/15.2.1/bits/chrono.h:585:21: note: la déduction/substitution de l'argument du patron a échoué:
/usr/include/c++/15.2.1/bits/chrono.h:1435:57: note:   types « const blender::std::chrono::duration<_Rep1, _Period1> » et « long double » non concordants
 1435 |     { return chrono::duration<long double, nano>{__nsecs}; }
      |                                                         ^
/usr/include/c++/15.2.1/bits/chrono.h:577:30: note: candidat 2 : « template<class _Rep2, class> constexpr blender::std::chrono::duration<_Rep, _Period>::duration(const _Rep2&) [with <template-parameter-2-2> = _Rep2; _Rep = long double; _Period = blender::std::ratio<1, 1000000000>] »
  577 |           constexpr explicit duration(const _Rep2& __rep)
      |                              ^~~~~~~~
/usr/include/c++/15.2.1/bits/chrono.h:577:30: note: la déduction/substitution de l'argument du patron a échoué:
/usr/include/c++/15.2.1/bits/chrono.h:570:9: note: candidate 3: « constexpr blender::std::chrono::duration<_Rep, _Period>::duration(const blender::std::chrono::duration<_Rep, _Period>&) [with _Rep = long double; _Period = blender::std::ratio<1, 1000000000>] »
  570 |         duration(const duration&) = default;
      |         ^~~~~~~~
/usr/include/c++/15.2.1/bits/chrono.h:570:18: note: pas de conversion connue pour convertir l'argument 1 depuis « long double » vers « const blender::std::chrono::duration<long double, blender::std::ratio<1, 1000000000> >& »
  570 |         duration(const duration&) = default;
      |                  ^~~~~~~~~~~~~~~
/usr/include/c++/15.2.1/bits/chrono.h:568:19: note: candidate 4: « blender::std::chrono::duration<_Rep, _Period>::duration() [with _Rep = long double; _Period = blender::std::ratio<1, 1000000000>] »
  568 |         constexpr duration() = default;
      |                   ^~~~~~~~
/usr/include/c++/15.2.1/bits/chrono.h:568:19: note: le candidat attend 0 argument, 1 fourni(s)
/usr/include/c++/15.2.1/bits/chrono.h: Au niveau global:
/usr/include/c++/15.2.1/bits/chrono.h:1490:64: erreur: pas de fonction concordante pour l'appel à « blender::std::chrono::duration<long int>::duration(<brace-enclosed initializer list>) »
 1490 |       static constexpr chrono::seconds _S_epoch_diff{6437664000};
      |                                                                ^
/usr/include/c++/15.2.1/bits/chrono.h:1490:64: note: il y a 4 candidats
/usr/include/c++/15.2.1/bits/chrono.h:585:21: note: candidat 1 : « template<class _Rep2, class _Period2, class> constexpr blender::std::chrono::duration<_Rep, _Period>::duration(const blender::std::chrono::duration<_Rep, _Period>&) [with _Period2 = _Rep2; <template-parameter-2-3> = _Period2; _Rep = long int; _Period = blender::std::ratio<1>] »
  585 |           constexpr duration(const duration<_Rep2, _Period2>& __d)
      |                     ^~~~~~~~
/usr/include/c++/15.2.1/bits/chrono.h:585:21: note: la déduction/substitution de l'argument du patron a échoué:
/usr/include/c++/15.2.1/bits/chrono.h:1490:64: note:   types « const blender::std::chrono::duration<_Rep1, _Period1> » et « long int » non concordants
 1490 |       static constexpr chrono::seconds _S_epoch_diff{6437664000};
      |                                                                ^
/usr/include/c++/15.2.1/bits/chrono.h:577:30: note: candidat 2 : « template<class _Rep2, class> constexpr blender::std::chrono::duration<_Rep, _Period>::duration(const _Rep2&) [with <template-parameter-2-2> = _Rep2; _Rep = long int; _Period = blender::std::ratio<1>] »
  577 |           constexpr explicit duration(const _Rep2& __rep)
      |                              ^~~~~~~~
/usr/include/c++/15.2.1/bits/chrono.h:577:30: note: la déduction/substitution de l'argument du patron a échoué:
/usr/include/c++/15.2.1/bits/chrono.h:570:9: note: candidate 3: « constexpr blender::std::chrono::duration<_Rep, _Period>::duration(const blender::std::chrono::duration<_Rep, _Period>&) [with _Rep = long int; _Period = blender::std::ratio<1>] »
  570 |         duration(const duration&) = default;
      |         ^~~~~~~~
/usr/include/c++/15.2.1/bits/chrono.h:570:18: note: pas de conversion connue pour convertir l'argument 1 depuis « long int » vers « const blender::std::chrono::duration<long int>& »
  570 |         duration(const duration&) = default;
      |                  ^~~~~~~~~~~~~~~
/usr/include/c++/15.2.1/bits/chrono.h:568:19: note: candidate 4: « blender::std::chrono::duration<_Rep, _Period>::duration() [with _Rep = long int; _Period = blender::std::ratio<1>] »
  568 |         constexpr duration() = default;
      |                   ^~~~~~~~
/usr/include/c++/15.2.1/bits/chrono.h:568:19: note: le candidat attend 0 argument, 1 fourni(s)
/usr/include/c++/15.2.1/bits/chrono.h:1490:64: erreur: impossible de convertir « {6437664000} » de « <brace-enclosed initializer list> » vers « const blender::std::chrono::seconds » {aka « const blender::std::chrono::duration<long int> »}
 1490 |       static constexpr chrono::seconds _S_epoch_diff{6437664000};
      |                                                                ^
      |                                                                |
      |                                                                <brace-enclosed initializer list>
/usr/include/c++/15.2.1/bits/chrono.h:1496:42: erreur: « common_type_t » n'a pas été déclaré dans cette portée; vouliez-vous employer « std::common_type_t » ?
 1496 |         chrono::time_point<__file_clock, common_type_t<_Dur, chrono::seconds>>
      |                                          ^~~~~~~~~~~~~
      |                                          std::common_type_t
/usr/include/c++/15.2.1/type_traits:2846:11: note: « std::common_type_t » déclaré ici
 2846 |     using common_type_t = typename common_type<_Tp...>::type;
      |           ^~~~~~~~~~~~~
/usr/include/c++/15.2.1/bits/chrono.h:1496:70: erreur: nombre erroné d'arguments du patron (3, devrait être au moins 1)
 1496 |         chrono::time_point<__file_clock, common_type_t<_Dur, chrono::seconds>>
      |                                                                      ^~~~~~~
/usr/include/c++/15.2.1/bits/chrono.h:72:13: note: fournis pour « template<class _Clock, class _Dur> class blender::std::chrono::time_point »
   72 |       class time_point;
      |             ^~~~~~~~~~
/usr/include/c++/15.2.1/bits/chrono.h:1496:77: erreur: expected unqualified-id before « > » token
 1496 |         chrono::time_point<__file_clock, common_type_t<_Dur, chrono::seconds>>
      |                                                                             ^~
/usr/include/c++/15.2.1/bits/chrono.h:1507:41: erreur: « common_type_t » n'a pas été déclaré dans cette portée; vouliez-vous employer « std::common_type_t » ?
 1507 |         chrono::time_point<__sys_clock, common_type_t<_Dur, chrono::seconds>>
      |                                         ^~~~~~~~~~~~~
      |                                         std::common_type_t
/usr/include/c++/15.2.1/type_traits:2846:11: note: « std::common_type_t » déclaré ici
 2846 |     using common_type_t = typename common_type<_Tp...>::type;
      |           ^~~~~~~~~~~~~
/usr/include/c++/15.2.1/bits/chrono.h:1507:69: erreur: nombre erroné d'arguments du patron (3, devrait être au moins 1)
 1507 |         chrono::time_point<__sys_clock, common_type_t<_Dur, chrono::seconds>>
      |                                                                     ^~~~~~~
/usr/include/c++/15.2.1/bits/chrono.h:72:13: note: fournis pour « template<class _Clock, class _Dur> class blender::std::chrono::time_point »
   72 |       class time_point;
      |             ^~~~~~~~~~
/usr/include/c++/15.2.1/bits/chrono.h:1507:76: erreur: expected unqualified-id before « > » token
 1507 |         chrono::time_point<__sys_clock, common_type_t<_Dur, chrono::seconds>>
      |                                                                            ^~
/usr/include/c++/15.2.1/bits/chrono.h: In instantiation of « class blender::std::chrono::time_point<blender::std::filesystem::__file_clock> »:
/usr/include/c++/15.2.1/bits/chrono.h:1467:7:   required from here
 1467 |       { return _S_from_sys(chrono::system_clock::now()); }
      |       ^
/usr/include/c++/15.2.1/bits/chrono.h:928:44: erreur: « value » n'est pas un membre de « blender::std::chrono::__is_duration<blender::std::chrono::duration<long int, blender::std::ratio<1, 1000000000> > > »
  928 |         static_assert(__is_duration<_Dur>::value,
      |                                            ^~~~~
/usr/include/c++/15.2.1/bits/chrono.h: In static member function « static blender::std::filesystem::__file_clock::time_point blender::std::filesystem::__file_clock::now() »:
/usr/include/c++/15.2.1/bits/chrono.h:1467:16: erreur: « _S_from_sys » n'a pas été déclaré dans cette portée
 1467 |       { return _S_from_sys(chrono::system_clock::now()); }
      |                ^~~~~~~~~~~
/usr/include/c++/15.2.1/bits/this_thread_sleep.h: In function « void blender::std::this_thread::sleep_for(const blender::std::chrono::duration<_Rep1, _Period1>&) »:
/usr/include/c++/15.2.1/bits/this_thread_sleep.h:74:28: erreur: « duration_cast » n'est pas un membre de « blender::std::chrono »; vouliez-vous employer « duration_values » ? [-Wtemplate-body]
   74 |         auto __s = chrono::duration_cast<chrono::seconds>(__rtime);
      |                            ^~~~~~~~~~~~~
      |                            duration_values
/usr/include/c++/15.2.1/bits/this_thread_sleep.h:74:57: erreur: expected primary-expression before « > » token [-Wtemplate-body]
   74 |         auto __s = chrono::duration_cast<chrono::seconds>(__rtime);
      |                                                         ^
/usr/include/c++/15.2.1/bits/this_thread_sleep.h:75:29: erreur: « duration_cast » n'est pas un membre de « blender::std::chrono »; vouliez-vous employer « duration_values » ? [-Wtemplate-body]
   75 |         auto __ns = chrono::duration_cast<chrono::nanoseconds>(__rtime - __s);
      |                             ^~~~~~~~~~~~~
      |                             duration_values
/usr/include/c++/15.2.1/bits/this_thread_sleep.h:75:62: erreur: expected primary-expression before « > » token [-Wtemplate-body]
   75 |         auto __ns = chrono::duration_cast<chrono::nanoseconds>(__rtime - __s);
      |                                                              ^
/usr/include/c++/15.2.1/thread: Au niveau global:
/usr/include/c++/15.2.1/thread:106:12: erreur: « basic_ostream » ne nomme pas un type
  106 |     inline basic_ostream<_CharT, _Traits>&
      |            ^~~~~~~~~~~~~
/usr/include/python3.14/internal/mimalloc/mimalloc/types.h:238:3: erreur: « atomic » dans l'espace de noms « blender::std » ne nomme pas un type de patron
  238 |   _Atomic(mi_encoded_t) next;
      |   ^~~~~~~
/usr/include/python3.14/internal/mimalloc/mimalloc/types.h:334:3: erreur: « atomic » dans l'espace de noms « blender::std » ne nomme pas un type de patron
  334 |   _Atomic(mi_thread_free_t) xthread_free;  // list of deferred free blocks freed by other threads
      |   ^~~~~~~
/usr/include/python3.14/internal/mimalloc/mimalloc/types.h:335:3: erreur: « atomic » dans l'espace de noms « blender::std » ne nomme pas un type de patron
  335 |   _Atomic(uintptr_t)        xheap;
      |   ^~~~~~~
/usr/include/python3.14/internal/mimalloc/mimalloc/types.h:452:3: erreur: « atomic » dans l'espace de noms « blender::std » ne nomme pas un type de patron
  452 |   _Atomic(struct mi_segment_s*) abandoned_next;
      |   ^~~~~~~
/usr/include/python3.14/internal/mimalloc/mimalloc/types.h:468:3: erreur: « atomic » dans l'espace de noms « blender::std » ne nomme pas un type de patron
  468 |   _Atomic(mi_threadid_t) thread_id;      // unique id of the thread owning this segment
      |   ^~~~~~~
/usr/include/python3.14/internal/mimalloc/mimalloc/types.h:480:23: erreur: « atomic » dans l'espace de noms « blender::std » ne nomme pas un type de patron
  480 |   mi_decl_cache_align _Atomic(mi_segment_t*)       abandoned_visited; // = NULL
      |                       ^~~~~~~
/usr/include/python3.14/internal/mimalloc/mimalloc/types.h:483:23: erreur: « atomic » dans l'espace de noms « blender::std » ne nomme pas un type de patron
  483 |   mi_decl_cache_align _Atomic(mi_tagged_segment_t) abandoned;         // = NULL
      |                       ^~~~~~~
/usr/include/python3.14/internal/mimalloc/mimalloc/types.h:486:23: erreur: « atomic » dans l'espace de noms « blender::std » ne nomme pas un type de patron
  486 |   mi_decl_cache_align _Atomic(size_t)           abandoned_count;
      |                       ^~~~~~~
/usr/include/python3.14/internal/mimalloc/mimalloc/types.h:487:23: erreur: « atomic » dans l'espace de noms « blender::std » ne nomme pas un type de patron
  487 |   mi_decl_cache_align _Atomic(size_t)           abandoned_visited_count;
      |                       ^~~~~~~
/usr/include/python3.14/internal/mimalloc/mimalloc/types.h:492:23: erreur: « atomic » dans l'espace de noms « blender::std » ne nomme pas un type de patron
  492 |   mi_decl_cache_align _Atomic(size_t)           abandoned_readers; // = 0
      |                       ^~~~~~~
/usr/include/python3.14/internal/mimalloc/mimalloc/types.h:551:3: erreur: « atomic » dans l'espace de noms « blender::std » ne nomme pas un type de patron
  551 |   _Atomic(mi_block_t*)  thread_delayed_free;
      |   ^~~~~~~
/usr/include/python3.14/internal/mimalloc/mimalloc/internal.h: In function « blender::mi_block_t* blender::mi_page_thread_free(const mi_page_t*) »:
/usr/include/python3.14/internal/mimalloc/mimalloc/internal.h:489:24: erreur: « atomic_load_explicit » n'est pas un membre de « blender::std »; vouliez-vous employer « std::atomic_load_explicit » ?
  489 |   return (mi_block_t*)(mi_atomic_load_relaxed(&((mi_page_t*)page)->xthread_free) & ~3);
      |                        ^~~~~~~~~~~~~~~~~~~~~~
Dans le fichier inclus depuis /home/jnd/05-builds/blender-git-jnd/src/blender/source/blender/blenlib/BLI_implicit_sharing.hh:11,
                 depuis /home/jnd/05-builds/blender-git-jnd/src/blender/source/blender/blenlib/BLI_implicit_sharing_ptr.hh:14,
                 depuis /home/jnd/05-builds/blender-git-jnd/src/blender/source/blender/blenkernel/BKE_idtype.hh:17,
                 depuis /home/jnd/05-builds/blender-git-jnd/src/blender/source/blender/python/intern/bpy_driver.cc:23:
/usr/include/c++/15.2.1/atomic:1337:5: note: « std::atomic_load_explicit » déclaré ici
 1337 |     atomic_load_explicit(const volatile atomic<_ITp>* __a,
      |     ^~~~~~~~~~~~~~~~~~~~
/usr/include/python3.14/internal/mimalloc/mimalloc/internal.h:489:24: erreur: « blender::mi_page_t » {aka « struct blender::mi_page_s »} n'a pas de membre nommé « xthread_free »
  489 |   return (mi_block_t*)(mi_atomic_load_relaxed(&((mi_page_t*)page)->xthread_free) & ~3);
      |                        ^~~~~~~~~~~~~~~~~~~~~~
/usr/include/python3.14/internal/mimalloc/mimalloc/internal.h:489:24: erreur: « memory_order_relaxed » n'est pas un membre de « blender::std »; vouliez-vous employer « std::memory_order_relaxed » ?
  489 |   return (mi_block_t*)(mi_atomic_load_relaxed(&((mi_page_t*)page)->xthread_free) & ~3);
      |                        ^~~~~~~~~~~~~~~~~~~~~~
Dans le fichier inclus depuis /usr/include/c++/15.2.1/bits/shared_ptr_atomic.h:33,
                 depuis /usr/include/c++/15.2.1/memory:83,
                 depuis /home/jnd/05-builds/blender-git-jnd/src/blender/source/blender/blenlib/BLI_memory_utils.hh:12,
                 depuis /home/jnd/05-builds/blender-git-jnd/src/blender/source/blender/blenlib/BLI_span.hh:65:
/usr/include/c++/15.2.1/bits/atomic_base.h:84:7: note: « std::memory_order_relaxed » déclaré ici
   84 |       memory_order_relaxed,
      |       ^~~~~~~~~~~~~~~~~~~~
/usr/include/python3.14/internal/mimalloc/mimalloc/internal.h: In function « blender::mi_delayed_t blender::mi_page_thread_free_flag(const mi_page_t*) »:
/usr/include/python3.14/internal/mimalloc/mimalloc/internal.h:493:25: erreur: « atomic_load_explicit » n'est pas un membre de « blender::std »; vouliez-vous employer « std::atomic_load_explicit » ?
  493 |   return (mi_delayed_t)(mi_atomic_load_relaxed(&((mi_page_t*)page)->xthread_free) & 3);
      |                         ^~~~~~~~~~~~~~~~~~~~~~
/usr/include/c++/15.2.1/atomic:1337:5: note: « std::atomic_load_explicit » déclaré ici
 1337 |     atomic_load_explicit(const volatile atomic<_ITp>* __a,
      |     ^~~~~~~~~~~~~~~~~~~~
/usr/include/python3.14/internal/mimalloc/mimalloc/internal.h:493:25: erreur: « blender::mi_page_t » {aka « struct blender::mi_page_s »} n'a pas de membre nommé « xthread_free »
  493 |   return (mi_delayed_t)(mi_atomic_load_relaxed(&((mi_page_t*)page)->xthread_free) & 3);
      |                         ^~~~~~~~~~~~~~~~~~~~~~
/usr/include/python3.14/internal/mimalloc/mimalloc/internal.h:493:25: erreur: « memory_order_relaxed » n'est pas un membre de « blender::std »; vouliez-vous employer « std::memory_order_relaxed » ?
  493 |   return (mi_delayed_t)(mi_atomic_load_relaxed(&((mi_page_t*)page)->xthread_free) & 3);
      |                         ^~~~~~~~~~~~~~~~~~~~~~
/usr/include/c++/15.2.1/bits/atomic_base.h:84:7: note: « std::memory_order_relaxed » déclaré ici
   84 |       memory_order_relaxed,
      |       ^~~~~~~~~~~~~~~~~~~~
/usr/include/python3.14/internal/mimalloc/mimalloc/internal.h: In function « blender::mi_heap_t* blender::mi_page_heap(const mi_page_t*) »:
/usr/include/python3.14/internal/mimalloc/mimalloc/internal.h:498:23: erreur: « atomic_load_explicit » n'est pas un membre de « blender::std »; vouliez-vous employer « std::atomic_load_explicit » ?
  498 |   return (mi_heap_t*)(mi_atomic_load_relaxed(&((mi_page_t*)page)->xheap));
      |                       ^~~~~~~~~~~~~~~~~~~~~~
/usr/include/c++/15.2.1/atomic:1337:5: note: « std::atomic_load_explicit » déclaré ici
 1337 |     atomic_load_explicit(const volatile atomic<_ITp>* __a,
      |     ^~~~~~~~~~~~~~~~~~~~
/usr/include/python3.14/internal/mimalloc/mimalloc/internal.h:498:23: erreur: « blender::mi_page_t » {aka « struct blender::mi_page_s »} n'a pas de membre nommé « xheap »
  498 |   return (mi_heap_t*)(mi_atomic_load_relaxed(&((mi_page_t*)page)->xheap));
      |                       ^~~~~~~~~~~~~~~~~~~~~~
/usr/include/python3.14/internal/mimalloc/mimalloc/internal.h:498:23: erreur: « memory_order_relaxed » n'est pas un membre de « blender::std »; vouliez-vous employer « std::memory_order_relaxed » ?
  498 |   return (mi_heap_t*)(mi_atomic_load_relaxed(&((mi_page_t*)page)->xheap));
      |                       ^~~~~~~~~~~~~~~~~~~~~~
/usr/include/c++/15.2.1/bits/atomic_base.h:84:7: note: « std::memory_order_relaxed » déclaré ici
   84 |       memory_order_relaxed,
      |       ^~~~~~~~~~~~~~~~~~~~
/usr/include/python3.14/internal/mimalloc/mimalloc/internal.h: In function « void blender::mi_page_set_heap(mi_page_t*, mi_heap_t*) »:
/usr/include/python3.14/internal/mimalloc/mimalloc/internal.h:503:3: erreur: « atomic_store_explicit » n'est pas un membre de « blender::std »; vouliez-vous employer « std::atomic_store_explicit » ?
  503 |   mi_atomic_store_release(&page->xheap,(uintptr_t)heap);
      |   ^~~~~~~~~~~~~~~~~~~~~~~
/usr/include/c++/15.2.1/atomic:1326:5: note: « std::atomic_store_explicit » déclaré ici
 1326 |     atomic_store_explicit(volatile atomic<_ITp>* __a, __atomic_val_t<_ITp> __i,
      |     ^~~~~~~~~~~~~~~~~~~~~
/usr/include/python3.14/internal/mimalloc/mimalloc/internal.h:503:3: erreur: « blender::mi_page_t » {aka « struct blender::mi_page_s »} n'a pas de membre nommé « xheap »
  503 |   mi_atomic_store_release(&page->xheap,(uintptr_t)heap);
      |   ^~~~~~~~~~~~~~~~~~~~~~~
/usr/include/python3.14/internal/mimalloc/mimalloc/internal.h:503:3: erreur: « memory_order_release » n'est pas un membre de « blender::std »; vouliez-vous employer « std::memory_order_release » ?
  503 |   mi_atomic_store_release(&page->xheap,(uintptr_t)heap);
      |   ^~~~~~~~~~~~~~~~~~~~~~~
/usr/include/c++/15.2.1/bits/atomic_base.h:87:7: note: « std::memory_order_release » déclaré ici
   87 |       memory_order_release,
      |       ^~~~~~~~~~~~~~~~~~~~
/usr/include/python3.14/internal/mimalloc/mimalloc/internal.h: In function « blender::mi_block_t* blender::mi_block_nextx(const void*, const mi_block_t*, const uintptr_t*) »:
/usr/include/python3.14/internal/mimalloc/mimalloc/internal.h:640:23: erreur: « atomic_load_explicit » n'est pas un membre de « blender::std »; vouliez-vous employer « std::atomic_load_explicit » ?
  640 |   next = (mi_block_t*)mi_atomic_load_relaxed((_Atomic(mi_encoded_t)*)&block->next);
      |                       ^~~~~~~~~~~~~~~~~~~~~~
/usr/include/c++/15.2.1/atomic:1337:5: note: « std::atomic_load_explicit » déclaré ici
 1337 |     atomic_load_explicit(const volatile atomic<_ITp>* __a,
      |     ^~~~~~~~~~~~~~~~~~~~
/usr/include/python3.14/internal/mimalloc/mimalloc/internal.h:640:47: erreur: « atomic » n'est pas un membre de « blender::std »; vouliez-vous employer « std::atomic » ?
  640 |   next = (mi_block_t*)mi_atomic_load_relaxed((_Atomic(mi_encoded_t)*)&block->next);
      |                                               ^~~~~~~
/usr/include/c++/15.2.1/bits/atomic_base.h:173:12: note: « std::atomic » déclaré ici
  173 |     struct atomic;
      |            ^~~~~~
/usr/include/python3.14/internal/mimalloc/mimalloc/internal.h:640:47: erreur: expected primary-expression before « > » token
  640 |   next = (mi_block_t*)mi_atomic_load_relaxed((_Atomic(mi_encoded_t)*)&block->next);
      |                                               ^~~~~~~
/usr/include/python3.14/internal/mimalloc/mimalloc/internal.h:640:23: erreur: expected primary-expression before « ) » token
  640 |   next = (mi_block_t*)mi_atomic_load_relaxed((_Atomic(mi_encoded_t)*)&block->next);
      |                       ^~~~~~~~~~~~~~~~~~~~~~
/usr/include/python3.14/internal/mimalloc/mimalloc/internal.h:640:23: erreur: « const blender::mi_block_t » {aka « const struct blender::mi_block_s »} n'a pas de membre nommé « next »
  640 |   next = (mi_block_t*)mi_atomic_load_relaxed((_Atomic(mi_encoded_t)*)&block->next);
      |                       ^~~~~~~~~~~~~~~~~~~~~~
/usr/include/python3.14/internal/mimalloc/mimalloc/internal.h:640:23: erreur: « memory_order_relaxed » n'est pas un membre de « blender::std »; vouliez-vous employer « std::memory_order_relaxed » ?
  640 |   next = (mi_block_t*)mi_atomic_load_relaxed((_Atomic(mi_encoded_t)*)&block->next);
      |                       ^~~~~~~~~~~~~~~~~~~~~~
/usr/include/c++/15.2.1/bits/atomic_base.h:84:7: note: « std::memory_order_relaxed » déclaré ici
   84 |       memory_order_relaxed,
      |       ^~~~~~~~~~~~~~~~~~~~
/usr/include/python3.14/internal/mimalloc/mimalloc/internal.h: In function « void blender::mi_block_set_nextx(const void*, mi_block_t*, const mi_block_t*, const uintptr_t*) »:
/usr/include/python3.14/internal/mimalloc/mimalloc/internal.h:652:3: erreur: « atomic_store_explicit » n'est pas un membre de « blender::std »; vouliez-vous employer « std::atomic_store_explicit » ?
  652 |   mi_atomic_store_relaxed(&block->next, (mi_encoded_t)next);
      |   ^~~~~~~~~~~~~~~~~~~~~~~
/usr/include/c++/15.2.1/atomic:1326:5: note: « std::atomic_store_explicit » déclaré ici
 1326 |     atomic_store_explicit(volatile atomic<_ITp>* __a, __atomic_val_t<_ITp> __i,
      |     ^~~~~~~~~~~~~~~~~~~~~
/usr/include/python3.14/internal/mimalloc/mimalloc/internal.h:652:3: erreur: « blender::mi_block_t » {aka « struct blender::mi_block_s »} n'a pas de membre nommé « next »
  652 |   mi_atomic_store_relaxed(&block->next, (mi_encoded_t)next);
      |   ^~~~~~~~~~~~~~~~~~~~~~~
/usr/include/python3.14/internal/mimalloc/mimalloc/internal.h:652:3: erreur: « memory_order_relaxed » n'est pas un membre de « blender::std »; vouliez-vous employer « std::memory_order_relaxed » ?
  652 |   mi_atomic_store_relaxed(&block->next, (mi_encoded_t)next);
      |   ^~~~~~~~~~~~~~~~~~~~~~~
/usr/include/c++/15.2.1/bits/atomic_base.h:84:7: note: « std::memory_order_relaxed » déclaré ici
   84 |       memory_order_relaxed,
      |       ^~~~~~~~~~~~~~~~~~~~
/usr/include/python3.14/internal/mimalloc/mimalloc/internal.h: Au niveau global:
/usr/include/python3.14/internal/mimalloc/mimalloc/internal.h:782:8: erreur: « atomic » dans l'espace de noms « blender::std » ne nomme pas un type de patron
  782 | extern _Atomic(size_t) _mi_numa_node_count;
      |        ^~~~~~~
Dans le fichier inclus depuis /usr/include/python3.14/internal/pycore_mimalloc.h:45:
/usr/include/python3.14/internal/mimalloc/mimalloc/internal.h: In function « int blender::_mi_os_numa_node(mi_os_tld_t*) »:
/usr/include/python3.14/internal/mimalloc/mimalloc/internal.h:784:16: erreur: « atomic_load_explicit » n'est pas un membre de « blender::std »; vouliez-vous employer « std::atomic_load_explicit » ?
  784 |   if mi_likely(mi_atomic_load_relaxed(&_mi_numa_node_count) == 1) { return 0; }
      |                ^~~~~~~~~~~~~~~~~~~~~~
/usr/include/c++/15.2.1/atomic:1337:5: note: « std::atomic_load_explicit » déclaré ici
 1337 |     atomic_load_explicit(const volatile atomic<_ITp>* __a,
      |     ^~~~~~~~~~~~~~~~~~~~
[ 95%] Building CXX object source/blender/python/generic/CMakeFiles/bf_python_ext.dir/python_compat.cc.o
/usr/include/python3.14/internal/mimalloc/mimalloc/internal.h:784:16: erreur: « _mi_numa_node_count » n'a pas été déclaré dans cette portée
  784 |   if mi_likely(mi_atomic_load_relaxed(&_mi_numa_node_count) == 1) { return 0; }
      |                ^~~~~~~~~~~~~~~~~~~~~~
/usr/include/python3.14/internal/mimalloc/mimalloc/internal.h:784:16: erreur: « memory_order_relaxed » n'est pas un membre de « blender::std »; vouliez-vous employer « std::memory_order_relaxed » ?
  784 |   if mi_likely(mi_atomic_load_relaxed(&_mi_numa_node_count) == 1) { return 0; }
      |                ^~~~~~~~~~~~~~~~~~~~~~
/usr/include/c++/15.2.1/bits/atomic_base.h:84:7: note: « std::memory_order_relaxed » déclaré ici
   84 |       memory_order_relaxed,
      |       ^~~~~~~~~~~~~~~~~~~~
/usr/include/python3.14/internal/mimalloc/mimalloc/internal.h: In function « size_t blender::_mi_os_numa_node_count() »:
/usr/include/python3.14/internal/mimalloc/mimalloc/internal.h:788:24: erreur: « atomic_load_explicit » n'est pas un membre de « blender::std »; vouliez-vous employer « std::atomic_load_explicit » ?
  788 |   const size_t count = mi_atomic_load_relaxed(&_mi_numa_node_count);
      |                        ^~~~~~~~~~~~~~~~~~~~~~
/usr/include/c++/15.2.1/atomic:1337:5: note: « std::atomic_load_explicit » déclaré ici
 1337 |     atomic_load_explicit(const volatile atomic<_ITp>* __a,
      |     ^~~~~~~~~~~~~~~~~~~~
/usr/include/python3.14/internal/mimalloc/mimalloc/internal.h:788:24: erreur: « _mi_numa_node_count » n'a pas été déclaré dans cette portée; vouliez-vous employer « _mi_os_numa_node_count » ?
  788 |   const size_t count = mi_atomic_load_relaxed(&_mi_numa_node_count);
      |                        ^~~~~~~~~~~~~~~~~~~~~~
/usr/include/python3.14/internal/mimalloc/mimalloc/internal.h:788:24: erreur: « memory_order_relaxed » n'est pas un membre de « blender::std »; vouliez-vous employer « std::memory_order_relaxed » ?
  788 |   const size_t count = mi_atomic_load_relaxed(&_mi_numa_node_count);
      |                        ^~~~~~~~~~~~~~~~~~~~~~
/usr/include/c++/15.2.1/bits/atomic_base.h:84:7: note: « std::memory_order_relaxed » déclaré ici
   84 |       memory_order_relaxed,
      |       ^~~~~~~~~~~~~~~~~~~~
make[2]: *** [source/blender/python/intern/CMakeFiles/bf_python.dir/build.make:331: source/blender/python/intern/CMakeFiles/bf_python.dir/bpy_driver.cc.o] Error 1
make[2]: *** Attente des tâches non terminées....

make[1]: *** [CMakeFiles/Makefile2:10830: source/blender/python/intern/CMakeFiles/bf_python.dir/all] Error 2
make[1]: *** Attente des tâches non terminées....

[ 96%] Built target bf_blenkernel
make: *** [Makefile:166: all] Error 2
make : on quitte le répertoire « /home/jnd/05-builds/blender-git-jnd/src/blender/build »


